ARM GAS  C:\Users\mgnocco\AppData\Local\Temp\ccClRwIj.s 			page 1


   1              		.syntax unified
   2              		.cpu cortex-m3
   3              		.fpu softvfp
   4              		.eabi_attribute 20, 1
   5              		.eabi_attribute 21, 1
   6              		.eabi_attribute 23, 3
   7              		.eabi_attribute 24, 1
   8              		.eabi_attribute 25, 1
   9              		.eabi_attribute 26, 1
  10              		.eabi_attribute 30, 6
  11              		.eabi_attribute 34, 1
  12              		.eabi_attribute 18, 4
  13              		.thumb
  14              		.syntax unified
  15              		.file	"cymetadata.c"
  16              		.text
  17              	.Ltext0:
  18              		.cfi_sections	.debug_frame
  19              		.global	cy_meta_loadable
  20              		.section	.cyloadablemeta,"a",%progbits
  21              		.align	2
  22              		.type	cy_meta_loadable, %object
  23              		.size	cy_meta_loadable, 64
  24              	cy_meta_loadable:
  25 0000 00000000 		.space	64
  25      00000000 
  25      00000000 
  25      00000000 
  25      00000000 
  26              		.global	cy_meta_configecc
  27              		.section	.cyconfigecc,"a",%progbits
  28              		.align	2
  29              		.type	cy_meta_configecc, %object
  30              		.size	cy_meta_configecc, 2472
  31              	cy_meta_configecc:
  32 0000 06       		.byte	6
  33 0001 4F       		.byte	79
  34 0002 00       		.byte	0
  35 0003 40       		.byte	64
  36 0004 08       		.byte	8
  37 0005 52       		.byte	82
  38 0006 00       		.byte	0
  39 0007 40       		.byte	64
  40 0008 03       		.byte	3
  41 0009 64       		.byte	100
  42 000a 00       		.byte	0
  43 000b 40       		.byte	64
  44 000c 01       		.byte	1
  45 000d 65       		.byte	101
  46 000e 00       		.byte	0
  47 000f 40       		.byte	64
  48 0010 46       		.byte	70
  49 0011 00       		.byte	0
  50 0012 01       		.byte	1
  51 0013 40       		.byte	64
  52 0014 34       		.byte	52
  53 0015 01       		.byte	1
ARM GAS  C:\Users\mgnocco\AppData\Local\Temp\ccClRwIj.s 			page 2


  54 0016 01       		.byte	1
  55 0017 40       		.byte	64
  56 0018 28       		.byte	40
  57 0019 02       		.byte	2
  58 001a 01       		.byte	1
  59 001b 40       		.byte	64
  60 001c 47       		.byte	71
  61 001d 03       		.byte	3
  62 001e 01       		.byte	1
  63 001f 40       		.byte	64
  64 0020 6B       		.byte	107
  65 0021 04       		.byte	4
  66 0022 01       		.byte	1
  67 0023 40       		.byte	64
  68 0024 53       		.byte	83
  69 0025 05       		.byte	5
  70 0026 01       		.byte	1
  71 0027 40       		.byte	64
  72 0028 5B       		.byte	91
  73 0029 06       		.byte	6
  74 002a 01       		.byte	1
  75 002b 40       		.byte	64
  76 002c 52       		.byte	82
  77 002d 07       		.byte	7
  78 002e 01       		.byte	1
  79 002f 40       		.byte	64
  80 0030 01       		.byte	1
  81 0031 09       		.byte	9
  82 0032 01       		.byte	1
  83 0033 40       		.byte	64
  84 0034 01       		.byte	1
  85 0035 0B       		.byte	11
  86 0036 01       		.byte	1
  87 0037 40       		.byte	64
  88 0038 63       		.byte	99
  89 0039 14       		.byte	20
  90 003a 01       		.byte	1
  91 003b 40       		.byte	64
  92 003c 4E       		.byte	78
  93 003d 15       		.byte	21
  94 003e 01       		.byte	1
  95 003f 40       		.byte	64
  96 0040 2B       		.byte	43
  97 0041 16       		.byte	22
  98 0042 01       		.byte	1
  99 0043 40       		.byte	64
 100 0044 4D       		.byte	77
 101 0045 17       		.byte	23
 102 0046 01       		.byte	1
 103 0047 40       		.byte	64
 104 0048 01       		.byte	1
 105 0049 19       		.byte	25
 106 004a 01       		.byte	1
 107 004b 40       		.byte	64
 108 004c 02       		.byte	2
 109 004d 1B       		.byte	27
 110 004e 01       		.byte	1
ARM GAS  C:\Users\mgnocco\AppData\Local\Temp\ccClRwIj.s 			page 3


 111 004f 40       		.byte	64
 112 0050 07       		.byte	7
 113 0051 40       		.byte	64
 114 0052 01       		.byte	1
 115 0053 40       		.byte	64
 116 0054 0B       		.byte	11
 117 0055 41       		.byte	65
 118 0056 01       		.byte	1
 119 0057 40       		.byte	64
 120 0058 0F       		.byte	15
 121 0059 42       		.byte	66
 122 005a 01       		.byte	1
 123 005b 40       		.byte	64
 124 005c 06       		.byte	6
 125 005d 43       		.byte	67
 126 005e 01       		.byte	1
 127 005f 40       		.byte	64
 128 0060 02       		.byte	2
 129 0061 44       		.byte	68
 130 0062 01       		.byte	1
 131 0063 40       		.byte	64
 132 0064 03       		.byte	3
 133 0065 45       		.byte	69
 134 0066 01       		.byte	1
 135 0067 40       		.byte	64
 136 0068 03       		.byte	3
 137 0069 46       		.byte	70
 138 006a 01       		.byte	1
 139 006b 40       		.byte	64
 140 006c 02       		.byte	2
 141 006d 47       		.byte	71
 142 006e 01       		.byte	1
 143 006f 40       		.byte	64
 144 0070 11       		.byte	17
 145 0071 48       		.byte	72
 146 0072 01       		.byte	1
 147 0073 40       		.byte	64
 148 0074 0B       		.byte	11
 149 0075 49       		.byte	73
 150 0076 01       		.byte	1
 151 0077 40       		.byte	64
 152 0078 06       		.byte	6
 153 0079 4C       		.byte	76
 154 007a 01       		.byte	1
 155 007b 40       		.byte	64
 156 007c 09       		.byte	9
 157 007d 4D       		.byte	77
 158 007e 01       		.byte	1
 159 007f 40       		.byte	64
 160 0080 07       		.byte	7
 161 0081 50       		.byte	80
 162 0082 01       		.byte	1
 163 0083 40       		.byte	64
 164 0084 01       		.byte	1
 165 0085 51       		.byte	81
 166 0086 01       		.byte	1
 167 0087 40       		.byte	64
ARM GAS  C:\Users\mgnocco\AppData\Local\Temp\ccClRwIj.s 			page 4


 168 0088 01       		.byte	1
 169 0089 50       		.byte	80
 170 008a 0A       		.byte	10
 171 008b 27       		.byte	39
 172 008c 0D       		.byte	13
 173 008d 30       		.byte	48
 174 008e 16       		.byte	22
 175 008f 36       		.byte	54
 176 0090 19       		.byte	25
 177 0091 80       		.byte	-128
 178 0092 22       		.byte	34
 179 0093 36       		.byte	54
 180 0094 00       		.byte	0
 181 0095 10       		.byte	16
 182 0096 01       		.byte	1
 183 0097 50       		.byte	80
 184 0098 09       		.byte	9
 185 0099 01       		.byte	1
 186 009a 11       		.byte	17
 187 009b 40       		.byte	64
 188 009c 60       		.byte	96
 189 009d 91       		.byte	-111
 190 009e 61       		.byte	97
 191 009f 82       		.byte	-126
 192 00a0 78       		.byte	120
 193 00a1 01       		.byte	1
 194 00a2 79       		.byte	121
 195 00a3 02       		.byte	2
 196 00a4 82       		.byte	-126
 197 00a5 69       		.byte	105
 198 00a6 85       		.byte	-123
 199 00a7 0F       		.byte	15
 200 00a8 87       		.byte	-121
 201 00a9 0F       		.byte	15
 202 00aa 86       		.byte	-122
 203 00ab 3A       		.byte	58
 204 00ac 05       		.byte	5
 205 00ad 41       		.byte	65
 206 00ae 06       		.byte	6
 207 00af 06       		.byte	6
 208 00b0 07       		.byte	7
 209 00b1 06       		.byte	6
 210 00b2 09       		.byte	9
 211 00b3 45       		.byte	69
 212 00b4 0A       		.byte	10
 213 00b5 02       		.byte	2
 214 00b6 0B       		.byte	11
 215 00b7 02       		.byte	2
 216 00b8 0E       		.byte	14
 217 00b9 01       		.byte	1
 218 00ba 0F       		.byte	15
 219 00bb 28       		.byte	40
 220 00bc 12       		.byte	18
 221 00bd 08       		.byte	8
 222 00be 15       		.byte	21
 223 00bf 43       		.byte	67
 224 00c0 17       		.byte	23
ARM GAS  C:\Users\mgnocco\AppData\Local\Temp\ccClRwIj.s 			page 5


 225 00c1 04       		.byte	4
 226 00c2 19       		.byte	25
 227 00c3 04       		.byte	4
 228 00c4 1B       		.byte	27
 229 00c5 03       		.byte	3
 230 00c6 1D       		.byte	29
 231 00c7 38       		.byte	56
 232 00c8 22       		.byte	34
 233 00c9 04       		.byte	4
 234 00ca 25       		.byte	37
 235 00cb 10       		.byte	16
 236 00cc 27       		.byte	39
 237 00cd 20       		.byte	32
 238 00ce 29       		.byte	41
 239 00cf 38       		.byte	56
 240 00d0 2A       		.byte	42
 241 00d1 08       		.byte	8
 242 00d2 2E       		.byte	46
 243 00d3 01       		.byte	1
 244 00d4 2F       		.byte	47
 245 00d5 20       		.byte	32
 246 00d6 30       		.byte	48
 247 00d7 01       		.byte	1
 248 00d8 31       		.byte	49
 249 00d9 20       		.byte	32
 250 00da 33       		.byte	51
 251 00db 18       		.byte	24
 252 00dc 34       		.byte	52
 253 00dd 08       		.byte	8
 254 00de 35       		.byte	53
 255 00df 07       		.byte	7
 256 00e0 36       		.byte	54
 257 00e1 06       		.byte	6
 258 00e2 37       		.byte	55
 259 00e3 40       		.byte	64
 260 00e4 39       		.byte	57
 261 00e5 08       		.byte	8
 262 00e6 3B       		.byte	59
 263 00e7 20       		.byte	32
 264 00e8 3F       		.byte	63
 265 00e9 45       		.byte	69
 266 00ea 54       		.byte	84
 267 00eb 09       		.byte	9
 268 00ec 58       		.byte	88
 269 00ed 04       		.byte	4
 270 00ee 59       		.byte	89
 271 00ef 04       		.byte	4
 272 00f0 5B       		.byte	91
 273 00f1 04       		.byte	4
 274 00f2 5C       		.byte	92
 275 00f3 14       		.byte	20
 276 00f4 5D       		.byte	93
 277 00f5 10       		.byte	16
 278 00f6 5F       		.byte	95
 279 00f7 01       		.byte	1
 280 00f8 82       		.byte	-126
 281 00f9 10       		.byte	16
ARM GAS  C:\Users\mgnocco\AppData\Local\Temp\ccClRwIj.s 			page 6


 282 00fa 83       		.byte	-125
 283 00fb 08       		.byte	8
 284 00fc 85       		.byte	-123
 285 00fd 01       		.byte	1
 286 00fe 87       		.byte	-121
 287 00ff 1A       		.byte	26
 288 0100 89       		.byte	-119
 289 0101 32       		.byte	50
 290 0102 8A       		.byte	-118
 291 0103 08       		.byte	8
 292 0104 8B       		.byte	-117
 293 0105 01       		.byte	1
 294 0106 8E       		.byte	-114
 295 0107 67       		.byte	103
 296 0108 91       		.byte	-111
 297 0109 06       		.byte	6
 298 010a 94       		.byte	-108
 299 010b 44       		.byte	68
 300 010c 96       		.byte	-106
 301 010d 18       		.byte	24
 302 010e 98       		.byte	-104
 303 010f 09       		.byte	9
 304 0110 9A       		.byte	-102
 305 0111 10       		.byte	16
 306 0112 9E       		.byte	-98
 307 0113 80       		.byte	-128
 308 0114 A0       		.byte	-96
 309 0115 07       		.byte	7
 310 0116 A6       		.byte	-90
 311 0117 80       		.byte	-128
 312 0118 A8       		.byte	-88
 313 0119 20       		.byte	32
 314 011a A9       		.byte	-87
 315 011b 01       		.byte	1
 316 011c AA       		.byte	-86
 317 011d 1A       		.byte	26
 318 011e AB       		.byte	-85
 319 011f 2C       		.byte	44
 320 0120 B0       		.byte	-80
 321 0121 78       		.byte	120
 322 0122 B1       		.byte	-79
 323 0123 38       		.byte	56
 324 0124 B2       		.byte	-78
 325 0125 80       		.byte	-128
 326 0126 B6       		.byte	-74
 327 0127 07       		.byte	7
 328 0128 B7       		.byte	-73
 329 0129 07       		.byte	7
 330 012a B9       		.byte	-71
 331 012b 80       		.byte	-128
 332 012c BE       		.byte	-66
 333 012d 44       		.byte	68
 334 012e D8       		.byte	-40
 335 012f 04       		.byte	4
 336 0130 D9       		.byte	-39
 337 0131 04       		.byte	4
 338 0132 DB       		.byte	-37
ARM GAS  C:\Users\mgnocco\AppData\Local\Temp\ccClRwIj.s 			page 7


 339 0133 04       		.byte	4
 340 0134 DC       		.byte	-36
 341 0135 11       		.byte	17
 342 0136 DF       		.byte	-33
 343 0137 01       		.byte	1
 344 0138 00       		.byte	0
 345 0139 20       		.byte	32
 346 013a 01       		.byte	1
 347 013b 40       		.byte	64
 348 013c 03       		.byte	3
 349 013d 20       		.byte	32
 350 013e 04       		.byte	4
 351 013f 40       		.byte	64
 352 0140 05       		.byte	5
 353 0141 12       		.byte	18
 354 0142 0A       		.byte	10
 355 0143 40       		.byte	64
 356 0144 0D       		.byte	13
 357 0145 08       		.byte	8
 358 0146 0E       		.byte	14
 359 0147 02       		.byte	2
 360 0148 0F       		.byte	15
 361 0149 04       		.byte	4
 362 014a 10       		.byte	16
 363 014b 02       		.byte	2
 364 014c 11       		.byte	17
 365 014d 10       		.byte	16
 366 014e 12       		.byte	18
 367 014f 80       		.byte	-128
 368 0150 15       		.byte	21
 369 0151 24       		.byte	36
 370 0152 17       		.byte	23
 371 0153 02       		.byte	2
 372 0154 18       		.byte	24
 373 0155 80       		.byte	-128
 374 0156 1B       		.byte	27
 375 0157 B0       		.byte	-80
 376 0158 1C       		.byte	28
 377 0159 40       		.byte	64
 378 015a 1F       		.byte	31
 379 015b 44       		.byte	68
 380 015c 20       		.byte	32
 381 015d 04       		.byte	4
 382 015e 21       		.byte	33
 383 015f A0       		.byte	-96
 384 0160 22       		.byte	34
 385 0161 08       		.byte	8
 386 0162 23       		.byte	35
 387 0163 40       		.byte	64
 388 0164 25       		.byte	37
 389 0165 01       		.byte	1
 390 0166 27       		.byte	39
 391 0167 02       		.byte	2
 392 0168 29       		.byte	41
 393 0169 28       		.byte	40
 394 016a 2B       		.byte	43
 395 016b 02       		.byte	2
ARM GAS  C:\Users\mgnocco\AppData\Local\Temp\ccClRwIj.s 			page 8


 396 016c 2C       		.byte	44
 397 016d 04       		.byte	4
 398 016e 30       		.byte	48
 399 016f 04       		.byte	4
 400 0170 31       		.byte	49
 401 0171 60       		.byte	96
 402 0172 37       		.byte	55
 403 0173 02       		.byte	2
 404 0174 38       		.byte	56
 405 0175 10       		.byte	16
 406 0176 39       		.byte	57
 407 0177 80       		.byte	-128
 408 0178 3B       		.byte	59
 409 0179 04       		.byte	4
 410 017a 3C       		.byte	60
 411 017b 10       		.byte	16
 412 017c 3D       		.byte	61
 413 017d 02       		.byte	2
 414 017e 3F       		.byte	63
 415 017f 04       		.byte	4
 416 0180 58       		.byte	88
 417 0181 10       		.byte	16
 418 0182 59       		.byte	89
 419 0183 04       		.byte	4
 420 0184 5A       		.byte	90
 421 0185 82       		.byte	-126
 422 0186 61       		.byte	97
 423 0187 80       		.byte	-128
 424 0188 68       		.byte	104
 425 0189 02       		.byte	2
 426 018a 69       		.byte	105
 427 018b 10       		.byte	16
 428 018c 6D       		.byte	109
 429 018d 80       		.byte	-128
 430 018e 85       		.byte	-123
 431 018f 40       		.byte	64
 432 0190 C0       		.byte	-64
 433 0191 D7       		.byte	-41
 434 0192 C2       		.byte	-62
 435 0193 E8       		.byte	-24
 436 0194 C4       		.byte	-60
 437 0195 7B       		.byte	123
 438 0196 CA       		.byte	-54
 439 0197 2E       		.byte	46
 440 0198 CC       		.byte	-52
 441 0199 8E       		.byte	-114
 442 019a CE       		.byte	-50
 443 019b EE       		.byte	-18
 444 019c D6       		.byte	-42
 445 019d 0F       		.byte	15
 446 019e D8       		.byte	-40
 447 019f 08       		.byte	8
 448 01a0 02       		.byte	2
 449 01a1 03       		.byte	3
 450 01a2 04       		.byte	4
 451 01a3 04       		.byte	4
 452 01a4 05       		.byte	5
ARM GAS  C:\Users\mgnocco\AppData\Local\Temp\ccClRwIj.s 			page 9


 453 01a5 01       		.byte	1
 454 01a6 09       		.byte	9
 455 01a7 01       		.byte	1
 456 01a8 10       		.byte	16
 457 01a9 04       		.byte	4
 458 01aa 11       		.byte	17
 459 01ab 01       		.byte	1
 460 01ac 1A       		.byte	26
 461 01ad 02       		.byte	2
 462 01ae 1E       		.byte	30
 463 01af 01       		.byte	1
 464 01b0 30       		.byte	48
 465 01b1 03       		.byte	3
 466 01b2 32       		.byte	50
 467 01b3 03       		.byte	3
 468 01b4 33       		.byte	51
 469 01b5 01       		.byte	1
 470 01b6 34       		.byte	52
 471 01b7 04       		.byte	4
 472 01b8 38       		.byte	56
 473 01b9 20       		.byte	32
 474 01ba 3E       		.byte	62
 475 01bb 10       		.byte	16
 476 01bc 40       		.byte	64
 477 01bd 40       		.byte	64
 478 01be 41       		.byte	65
 479 01bf 03       		.byte	3
 480 01c0 49       		.byte	73
 481 01c1 FF       		.byte	-1
 482 01c2 4A       		.byte	74
 483 01c3 FF       		.byte	-1
 484 01c4 4B       		.byte	75
 485 01c5 FF       		.byte	-1
 486 01c6 4D       		.byte	77
 487 01c7 A0       		.byte	-96
 488 01c8 4F       		.byte	79
 489 01c9 04       		.byte	4
 490 01ca 50       		.byte	80
 491 01cb 18       		.byte	24
 492 01cc 56       		.byte	86
 493 01cd 02       		.byte	2
 494 01ce 57       		.byte	87
 495 01cf 12       		.byte	18
 496 01d0 58       		.byte	88
 497 01d1 04       		.byte	4
 498 01d2 59       		.byte	89
 499 01d3 04       		.byte	4
 500 01d4 5A       		.byte	90
 501 01d5 04       		.byte	4
 502 01d6 5B       		.byte	91
 503 01d7 04       		.byte	4
 504 01d8 5C       		.byte	92
 505 01d9 04       		.byte	4
 506 01da 5D       		.byte	93
 507 01db 04       		.byte	4
 508 01dc 5F       		.byte	95
 509 01dd 01       		.byte	1
ARM GAS  C:\Users\mgnocco\AppData\Local\Temp\ccClRwIj.s 			page 10


 510 01de 60       		.byte	96
 511 01df 40       		.byte	64
 512 01e0 62       		.byte	98
 513 01e1 C0       		.byte	-64
 514 01e2 64       		.byte	100
 515 01e3 40       		.byte	64
 516 01e4 65       		.byte	101
 517 01e5 40       		.byte	64
 518 01e6 66       		.byte	102
 519 01e7 C0       		.byte	-64
 520 01e8 68       		.byte	104
 521 01e9 C0       		.byte	-64
 522 01ea 6A       		.byte	106
 523 01eb C0       		.byte	-64
 524 01ec 6C       		.byte	108
 525 01ed C0       		.byte	-64
 526 01ee 6E       		.byte	110
 527 01ef C0       		.byte	-64
 528 01f0 03       		.byte	3
 529 01f1 0A       		.byte	10
 530 01f2 04       		.byte	4
 531 01f3 08       		.byte	8
 532 01f4 06       		.byte	6
 533 01f5 80       		.byte	-128
 534 01f6 08       		.byte	8
 535 01f7 80       		.byte	-128
 536 01f8 0A       		.byte	10
 537 01f9 24       		.byte	36
 538 01fa 0B       		.byte	11
 539 01fb 80       		.byte	-128
 540 01fc 0C       		.byte	12
 541 01fd A0       		.byte	-96
 542 01fe 0E       		.byte	14
 543 01ff 80       		.byte	-128
 544 0200 12       		.byte	18
 545 0201 02       		.byte	2
 546 0202 19       		.byte	25
 547 0203 68       		.byte	104
 548 0204 1A       		.byte	26
 549 0205 24       		.byte	36
 550 0206 1E       		.byte	30
 551 0207 90       		.byte	-112
 552 0208 1F       		.byte	31
 553 0209 20       		.byte	32
 554 020a 20       		.byte	32
 555 020b 40       		.byte	64
 556 020c 21       		.byte	33
 557 020d 30       		.byte	48
 558 020e 22       		.byte	34
 559 020f 40       		.byte	64
 560 0210 27       		.byte	39
 561 0211 20       		.byte	32
 562 0212 28       		.byte	40
 563 0213 19       		.byte	25
 564 0214 2A       		.byte	42
 565 0215 06       		.byte	6
 566 0216 31       		.byte	49
ARM GAS  C:\Users\mgnocco\AppData\Local\Temp\ccClRwIj.s 			page 11


 567 0217 88       		.byte	-120
 568 0218 33       		.byte	51
 569 0219 10       		.byte	16
 570 021a 34       		.byte	52
 571 021b 80       		.byte	-128
 572 021c 35       		.byte	53
 573 021d 40       		.byte	64
 574 021e 37       		.byte	55
 575 021f 01       		.byte	1
 576 0220 38       		.byte	56
 577 0221 40       		.byte	64
 578 0222 39       		.byte	57
 579 0223 22       		.byte	34
 580 0224 3B       		.byte	59
 581 0225 04       		.byte	4
 582 0226 3D       		.byte	61
 583 0227 28       		.byte	40
 584 0228 42       		.byte	66
 585 0229 80       		.byte	-128
 586 022a 44       		.byte	68
 587 022b 04       		.byte	4
 588 022c 45       		.byte	69
 589 022d 20       		.byte	32
 590 022e 46       		.byte	70
 591 022f 90       		.byte	-112
 592 0230 48       		.byte	72
 593 0231 A0       		.byte	-96
 594 0232 4B       		.byte	75
 595 0233 20       		.byte	32
 596 0234 52       		.byte	82
 597 0235 10       		.byte	16
 598 0236 53       		.byte	83
 599 0237 10       		.byte	16
 600 0238 5E       		.byte	94
 601 0239 08       		.byte	8
 602 023a 6D       		.byte	109
 603 023b 28       		.byte	40
 604 023c 6F       		.byte	111
 605 023d 41       		.byte	65
 606 023e 72       		.byte	114
 607 023f 40       		.byte	64
 608 0240 75       		.byte	117
 609 0241 80       		.byte	-128
 610 0242 76       		.byte	118
 611 0243 29       		.byte	41
 612 0244 81       		.byte	-127
 613 0245 01       		.byte	1
 614 0246 90       		.byte	-112
 615 0247 04       		.byte	4
 616 0248 93       		.byte	-109
 617 0249 48       		.byte	72
 618 024a 94       		.byte	-108
 619 024b 10       		.byte	16
 620 024c 95       		.byte	-107
 621 024d E4       		.byte	-28
 622 024e 96       		.byte	-106
 623 024f C2       		.byte	-62
ARM GAS  C:\Users\mgnocco\AppData\Local\Temp\ccClRwIj.s 			page 12


 624 0250 97       		.byte	-105
 625 0251 04       		.byte	4
 626 0252 9A       		.byte	-102
 627 0253 80       		.byte	-128
 628 0254 9C       		.byte	-100
 629 0255 14       		.byte	20
 630 0256 9D       		.byte	-99
 631 0257 7E       		.byte	126
 632 0258 A1       		.byte	-95
 633 0259 01       		.byte	1
 634 025a A2       		.byte	-94
 635 025b 08       		.byte	8
 636 025c A3       		.byte	-93
 637 025d 90       		.byte	-112
 638 025e A4       		.byte	-92
 639 025f 10       		.byte	16
 640 0260 A5       		.byte	-91
 641 0261 08       		.byte	8
 642 0262 A6       		.byte	-90
 643 0263 81       		.byte	-127
 644 0264 A7       		.byte	-89
 645 0265 02       		.byte	2
 646 0266 A8       		.byte	-88
 647 0267 40       		.byte	64
 648 0268 AA       		.byte	-86
 649 0269 80       		.byte	-128
 650 026a AF       		.byte	-81
 651 026b 40       		.byte	64
 652 026c C0       		.byte	-64
 653 026d 33       		.byte	51
 654 026e C2       		.byte	-62
 655 026f DF       		.byte	-33
 656 0270 C4       		.byte	-60
 657 0271 01       		.byte	1
 658 0272 CA       		.byte	-54
 659 0273 0F       		.byte	15
 660 0274 CC       		.byte	-52
 661 0275 8E       		.byte	-114
 662 0276 CE       		.byte	-50
 663 0277 6F       		.byte	111
 664 0278 D0       		.byte	-48
 665 0279 C1       		.byte	-63
 666 027a D2       		.byte	-46
 667 027b 04       		.byte	4
 668 027c D6       		.byte	-42
 669 027d 40       		.byte	64
 670 027e 01       		.byte	1
 671 027f 6C       		.byte	108
 672 0280 05       		.byte	5
 673 0281 71       		.byte	113
 674 0282 07       		.byte	7
 675 0283 82       		.byte	-126
 676 0284 08       		.byte	8
 677 0285 03       		.byte	3
 678 0286 09       		.byte	9
 679 0287 91       		.byte	-111
 680 0288 0B       		.byte	11
ARM GAS  C:\Users\mgnocco\AppData\Local\Temp\ccClRwIj.s 			page 13


 681 0289 4E       		.byte	78
 682 028a 10       		.byte	16
 683 028b 04       		.byte	4
 684 028c 14       		.byte	20
 685 028d 01       		.byte	1
 686 028e 15       		.byte	21
 687 028f C0       		.byte	-64
 688 0290 16       		.byte	22
 689 0291 02       		.byte	2
 690 0292 17       		.byte	23
 691 0293 2F       		.byte	47
 692 0294 19       		.byte	25
 693 0295 64       		.byte	100
 694 0296 1B       		.byte	27
 695 0297 08       		.byte	8
 696 0298 1C       		.byte	28
 697 0299 03       		.byte	3
 698 029a 1D       		.byte	29
 699 029b A4       		.byte	-92
 700 029c 1F       		.byte	31
 701 029d 40       		.byte	64
 702 029e 21       		.byte	33
 703 029f 6C       		.byte	108
 704 02a0 25       		.byte	37
 705 02a1 08       		.byte	8
 706 02a2 27       		.byte	39
 707 02a3 10       		.byte	16
 708 02a4 29       		.byte	41
 709 02a5 40       		.byte	64
 710 02a6 2B       		.byte	43
 711 02a7 2C       		.byte	44
 712 02a8 2D       		.byte	45
 713 02a9 2C       		.byte	44
 714 02aa 2F       		.byte	47
 715 02ab 40       		.byte	64
 716 02ac 30       		.byte	48
 717 02ad 01       		.byte	1
 718 02ae 32       		.byte	50
 719 02af 06       		.byte	6
 720 02b0 33       		.byte	51
 721 02b1 31       		.byte	49
 722 02b2 35       		.byte	53
 723 02b3 0F       		.byte	15
 724 02b4 37       		.byte	55
 725 02b5 C0       		.byte	-64
 726 02b6 38       		.byte	56
 727 02b7 0A       		.byte	10
 728 02b8 3B       		.byte	59
 729 02b9 8C       		.byte	-116
 730 02ba 40       		.byte	64
 731 02bb 06       		.byte	6
 732 02bc 47       		.byte	71
 733 02bd 40       		.byte	64
 734 02be 49       		.byte	73
 735 02bf FF       		.byte	-1
 736 02c0 4A       		.byte	74
 737 02c1 07       		.byte	7
ARM GAS  C:\Users\mgnocco\AppData\Local\Temp\ccClRwIj.s 			page 14


 738 02c2 4B       		.byte	75
 739 02c3 FF       		.byte	-1
 740 02c4 4C       		.byte	76
 741 02c5 40       		.byte	64
 742 02c6 4D       		.byte	77
 743 02c7 20       		.byte	32
 744 02c8 4E       		.byte	78
 745 02c9 F0       		.byte	-16
 746 02ca 4F       		.byte	79
 747 02cb 05       		.byte	5
 748 02cc 50       		.byte	80
 749 02cd 08       		.byte	8
 750 02ce 52       		.byte	82
 751 02cf 80       		.byte	-128
 752 02d0 58       		.byte	88
 753 02d1 04       		.byte	4
 754 02d2 59       		.byte	89
 755 02d3 04       		.byte	4
 756 02d4 5A       		.byte	90
 757 02d5 04       		.byte	4
 758 02d6 5B       		.byte	91
 759 02d7 04       		.byte	4
 760 02d8 5C       		.byte	92
 761 02d9 10       		.byte	16
 762 02da 5D       		.byte	93
 763 02db 40       		.byte	64
 764 02dc 5F       		.byte	95
 765 02dd 01       		.byte	1
 766 02de 60       		.byte	96
 767 02df 40       		.byte	64
 768 02e0 61       		.byte	97
 769 02e1 A8       		.byte	-88
 770 02e2 62       		.byte	98
 771 02e3 40       		.byte	64
 772 02e4 63       		.byte	99
 773 02e5 20       		.byte	32
 774 02e6 81       		.byte	-127
 775 02e7 01       		.byte	1
 776 02e8 82       		.byte	-126
 777 02e9 01       		.byte	1
 778 02ea 83       		.byte	-125
 779 02eb 16       		.byte	22
 780 02ec 85       		.byte	-123
 781 02ed 08       		.byte	8
 782 02ee 89       		.byte	-119
 783 02ef 08       		.byte	8
 784 02f0 8D       		.byte	-115
 785 02f1 08       		.byte	8
 786 02f2 91       		.byte	-111
 787 02f3 1E       		.byte	30
 788 02f4 92       		.byte	-110
 789 02f5 02       		.byte	2
 790 02f6 93       		.byte	-109
 791 02f7 01       		.byte	1
 792 02f8 95       		.byte	-107
 793 02f9 06       		.byte	6
 794 02fa 97       		.byte	-105
ARM GAS  C:\Users\mgnocco\AppData\Local\Temp\ccClRwIj.s 			page 15


 795 02fb 39       		.byte	57
 796 02fc 99       		.byte	-103
 797 02fd 27       		.byte	39
 798 02fe 9A       		.byte	-102
 799 02ff 02       		.byte	2
 800 0300 9B       		.byte	-101
 801 0301 18       		.byte	24
 802 0302 9D       		.byte	-99
 803 0303 3D       		.byte	61
 804 0304 9F       		.byte	-97
 805 0305 02       		.byte	2
 806 0306 A3       		.byte	-93
 807 0307 40       		.byte	64
 808 0308 A5       		.byte	-91
 809 0309 23       		.byte	35
 810 030a A7       		.byte	-89
 811 030b 1C       		.byte	28
 812 030c AB       		.byte	-85
 813 030d 3F       		.byte	63
 814 030e AD       		.byte	-83
 815 030f 08       		.byte	8
 816 0310 B0       		.byte	-80
 817 0311 02       		.byte	2
 818 0312 B4       		.byte	-76
 819 0313 01       		.byte	1
 820 0314 B5       		.byte	-75
 821 0315 60       		.byte	96
 822 0316 B7       		.byte	-73
 823 0317 1F       		.byte	31
 824 0318 BB       		.byte	-69
 825 0319 A0       		.byte	-96
 826 031a BE       		.byte	-66
 827 031b 01       		.byte	1
 828 031c C0       		.byte	-64
 829 031d 60       		.byte	96
 830 031e C1       		.byte	-63
 831 031f 03       		.byte	3
 832 0320 C5       		.byte	-59
 833 0321 10       		.byte	16
 834 0322 C7       		.byte	-57
 835 0323 02       		.byte	2
 836 0324 C8       		.byte	-56
 837 0325 1A       		.byte	26
 838 0326 C9       		.byte	-55
 839 0327 FF       		.byte	-1
 840 0328 CA       		.byte	-54
 841 0329 FF       		.byte	-1
 842 032a CB       		.byte	-53
 843 032b FF       		.byte	-1
 844 032c CD       		.byte	-51
 845 032d A0       		.byte	-96
 846 032e CF       		.byte	-49
 847 032f 04       		.byte	4
 848 0330 D0       		.byte	-48
 849 0331 18       		.byte	24
 850 0332 D4       		.byte	-44
 851 0333 01       		.byte	1
ARM GAS  C:\Users\mgnocco\AppData\Local\Temp\ccClRwIj.s 			page 16


 852 0334 D8       		.byte	-40
 853 0335 04       		.byte	4
 854 0336 D9       		.byte	-39
 855 0337 04       		.byte	4
 856 0338 DA       		.byte	-38
 857 0339 04       		.byte	4
 858 033a DB       		.byte	-37
 859 033b 04       		.byte	4
 860 033c DC       		.byte	-36
 861 033d 01       		.byte	1
 862 033e DD       		.byte	-35
 863 033f 04       		.byte	4
 864 0340 DF       		.byte	-33
 865 0341 01       		.byte	1
 866 0342 E0       		.byte	-32
 867 0343 40       		.byte	64
 868 0344 E2       		.byte	-30
 869 0345 C0       		.byte	-64
 870 0346 E4       		.byte	-28
 871 0347 40       		.byte	64
 872 0348 E5       		.byte	-27
 873 0349 40       		.byte	64
 874 034a E6       		.byte	-26
 875 034b C0       		.byte	-64
 876 034c E8       		.byte	-24
 877 034d C0       		.byte	-64
 878 034e EA       		.byte	-22
 879 034f C0       		.byte	-64
 880 0350 EC       		.byte	-20
 881 0351 C0       		.byte	-64
 882 0352 EE       		.byte	-18
 883 0353 C0       		.byte	-64
 884 0354 01       		.byte	1
 885 0355 20       		.byte	32
 886 0356 05       		.byte	5
 887 0357 02       		.byte	2
 888 0358 08       		.byte	8
 889 0359 80       		.byte	-128
 890 035a 0A       		.byte	10
 891 035b 20       		.byte	32
 892 035c 0B       		.byte	11
 893 035d 80       		.byte	-128
 894 035e 0D       		.byte	13
 895 035f 02       		.byte	2
 896 0360 0F       		.byte	15
 897 0361 08       		.byte	8
 898 0362 15       		.byte	21
 899 0363 10       		.byte	16
 900 0364 17       		.byte	23
 901 0365 20       		.byte	32
 902 0366 1B       		.byte	27
 903 0367 09       		.byte	9
 904 0368 1D       		.byte	29
 905 0369 10       		.byte	16
 906 036a 1F       		.byte	31
 907 036b 01       		.byte	1
 908 036c 20       		.byte	32
ARM GAS  C:\Users\mgnocco\AppData\Local\Temp\ccClRwIj.s 			page 17


 909 036d 18       		.byte	24
 910 036e 21       		.byte	33
 911 036f 88       		.byte	-120
 912 0370 23       		.byte	35
 913 0371 0C       		.byte	12
 914 0372 25       		.byte	37
 915 0373 10       		.byte	16
 916 0374 27       		.byte	39
 917 0375 05       		.byte	5
 918 0376 28       		.byte	40
 919 0377 09       		.byte	9
 920 0378 2A       		.byte	42
 921 0379 06       		.byte	6
 922 037a 2D       		.byte	45
 923 037b 90       		.byte	-112
 924 037c 2E       		.byte	46
 925 037d 01       		.byte	1
 926 037e 2F       		.byte	47
 927 037f 20       		.byte	32
 928 0380 31       		.byte	49
 929 0381 88       		.byte	-120
 930 0382 33       		.byte	51
 931 0383 10       		.byte	16
 932 0384 36       		.byte	54
 933 0385 50       		.byte	80
 934 0386 37       		.byte	55
 935 0387 05       		.byte	5
 936 0388 39       		.byte	57
 937 0389 22       		.byte	34
 938 038a 3B       		.byte	59
 939 038b 04       		.byte	4
 940 038c 3D       		.byte	61
 941 038d 80       		.byte	-128
 942 038e 3E       		.byte	62
 943 038f 28       		.byte	40
 944 0390 3F       		.byte	63
 945 0391 01       		.byte	1
 946 0392 45       		.byte	69
 947 0393 44       		.byte	68
 948 0394 47       		.byte	71
 949 0395 40       		.byte	64
 950 0396 4A       		.byte	74
 951 0397 08       		.byte	8
 952 0398 4C       		.byte	76
 953 0399 01       		.byte	1
 954 039a 4D       		.byte	77
 955 039b 40       		.byte	64
 956 039c 4E       		.byte	78
 957 039d 80       		.byte	-128
 958 039e 4F       		.byte	79
 959 039f 20       		.byte	32
 960 03a0 51       		.byte	81
 961 03a1 40       		.byte	64
 962 03a2 52       		.byte	82
 963 03a3 02       		.byte	2
 964 03a4 53       		.byte	83
 965 03a5 40       		.byte	64
ARM GAS  C:\Users\mgnocco\AppData\Local\Temp\ccClRwIj.s 			page 18


 966 03a6 54       		.byte	84
 967 03a7 10       		.byte	16
 968 03a8 55       		.byte	85
 969 03a9 04       		.byte	4
 970 03aa 58       		.byte	88
 971 03ab 40       		.byte	64
 972 03ac 5D       		.byte	93
 973 03ad 08       		.byte	8
 974 03ae 5F       		.byte	95
 975 03af 52       		.byte	82
 976 03b0 70       		.byte	112
 977 03b1 01       		.byte	1
 978 03b2 7C       		.byte	124
 979 03b3 40       		.byte	64
 980 03b4 7E       		.byte	126
 981 03b5 01       		.byte	1
 982 03b6 87       		.byte	-121
 983 03b7 01       		.byte	1
 984 03b8 90       		.byte	-112
 985 03b9 04       		.byte	4
 986 03ba 91       		.byte	-111
 987 03bb 20       		.byte	32
 988 03bc 92       		.byte	-110
 989 03bd 30       		.byte	48
 990 03be 93       		.byte	-109
 991 03bf 48       		.byte	72
 992 03c0 94       		.byte	-108
 993 03c1 18       		.byte	24
 994 03c2 95       		.byte	-107
 995 03c3 C6       		.byte	-58
 996 03c4 96       		.byte	-106
 997 03c5 02       		.byte	2
 998 03c6 97       		.byte	-105
 999 03c7 84       		.byte	-124
 1000 03c8 98       		.byte	-104
 1001 03c9 84       		.byte	-124
 1002 03ca 99       		.byte	-103
 1003 03cb A0       		.byte	-96
 1004 03cc 9A       		.byte	-102
 1005 03cd 29       		.byte	41
 1006 03ce 9B       		.byte	-101
 1007 03cf 60       		.byte	96
 1008 03d0 9C       		.byte	-100
 1009 03d1 09       		.byte	9
 1010 03d2 9D       		.byte	-99
 1011 03d3 16       		.byte	22
 1012 03d4 9E       		.byte	-98
 1013 03d5 06       		.byte	6
 1014 03d6 9F       		.byte	-97
 1015 03d7 10       		.byte	16
 1016 03d8 A1       		.byte	-95
 1017 03d9 20       		.byte	32
 1018 03da A2       		.byte	-94
 1019 03db 08       		.byte	8
 1020 03dc A3       		.byte	-93
 1021 03dd 90       		.byte	-112
 1022 03de A4       		.byte	-92
ARM GAS  C:\Users\mgnocco\AppData\Local\Temp\ccClRwIj.s 			page 19


 1023 03df 10       		.byte	16
 1024 03e0 A5       		.byte	-91
 1025 03e1 88       		.byte	-120
 1026 03e2 A6       		.byte	-90
 1027 03e3 87       		.byte	-121
 1028 03e4 A7       		.byte	-89
 1029 03e5 0A       		.byte	10
 1030 03e6 AF       		.byte	-81
 1031 03e7 20       		.byte	32
 1032 03e8 C0       		.byte	-64
 1033 03e9 12       		.byte	18
 1034 03ea C2       		.byte	-62
 1035 03eb 5D       		.byte	93
 1036 03ec CA       		.byte	-54
 1037 03ed FF       		.byte	-1
 1038 03ee CC       		.byte	-52
 1039 03ef FE       		.byte	-2
 1040 03f0 CE       		.byte	-50
 1041 03f1 F7       		.byte	-9
 1042 03f2 D0       		.byte	-48
 1043 03f3 40       		.byte	64
 1044 03f4 D2       		.byte	-46
 1045 03f5 24       		.byte	36
 1046 03f6 D6       		.byte	-42
 1047 03f7 F8       		.byte	-8
 1048 03f8 E4       		.byte	-28
 1049 03f9 08       		.byte	8
 1050 03fa 00       		.byte	0
 1051 03fb 10       		.byte	16
 1052 03fc 04       		.byte	4
 1053 03fd C1       		.byte	-63
 1054 03fe 08       		.byte	8
 1055 03ff 04       		.byte	4
 1056 0400 0C       		.byte	12
 1057 0401 C1       		.byte	-63
 1058 0402 10       		.byte	16
 1059 0403 C1       		.byte	-63
 1060 0404 14       		.byte	20
 1061 0405 22       		.byte	34
 1062 0406 16       		.byte	22
 1063 0407 08       		.byte	8
 1064 0408 18       		.byte	24
 1065 0409 08       		.byte	8
 1066 040a 19       		.byte	25
 1067 040b 01       		.byte	1
 1068 040c 1A       		.byte	26
 1069 040d 21       		.byte	33
 1070 040e 1C       		.byte	28
 1071 040f 01       		.byte	1
 1072 0410 21       		.byte	33
 1073 0411 01       		.byte	1
 1074 0412 22       		.byte	34
 1075 0413 80       		.byte	-128
 1076 0414 24       		.byte	36
 1077 0415 07       		.byte	7
 1078 0416 26       		.byte	38
 1079 0417 18       		.byte	24
ARM GAS  C:\Users\mgnocco\AppData\Local\Temp\ccClRwIj.s 			page 20


 1080 0418 28       		.byte	40
 1081 0419 C0       		.byte	-64
 1082 041a 2C       		.byte	44
 1083 041b 01       		.byte	1
 1084 041c 2E       		.byte	46
 1085 041d C0       		.byte	-64
 1086 041e 30       		.byte	48
 1087 041f 40       		.byte	64
 1088 0420 34       		.byte	52
 1089 0421 80       		.byte	-128
 1090 0422 35       		.byte	53
 1091 0423 01       		.byte	1
 1092 0424 36       		.byte	54
 1093 0425 3F       		.byte	63
 1094 0426 37       		.byte	55
 1095 0427 01       		.byte	1
 1096 0428 38       		.byte	56
 1097 0429 80       		.byte	-128
 1098 042a 39       		.byte	57
 1099 042b A0       		.byte	-96
 1100 042c 3E       		.byte	62
 1101 042d 51       		.byte	81
 1102 042e 54       		.byte	84
 1103 042f 40       		.byte	64
 1104 0430 58       		.byte	88
 1105 0431 04       		.byte	4
 1106 0432 59       		.byte	89
 1107 0433 04       		.byte	4
 1108 0434 5B       		.byte	91
 1109 0435 04       		.byte	4
 1110 0436 5C       		.byte	92
 1111 0437 10       		.byte	16
 1112 0438 5D       		.byte	93
 1113 0439 10       		.byte	16
 1114 043a 5F       		.byte	95
 1115 043b 01       		.byte	1
 1116 043c 83       		.byte	-125
 1117 043d 60       		.byte	96
 1118 043e 85       		.byte	-123
 1119 043f 1F       		.byte	31
 1120 0440 87       		.byte	-121
 1121 0441 20       		.byte	32
 1122 0442 88       		.byte	-120
 1123 0443 12       		.byte	18
 1124 0444 89       		.byte	-119
 1125 0445 C0       		.byte	-64
 1126 0446 8A       		.byte	-118
 1127 0447 20       		.byte	32
 1128 0448 8B       		.byte	-117
 1129 0449 08       		.byte	8
 1130 044a 8C       		.byte	-116
 1131 044b 20       		.byte	32
 1132 044c 8D       		.byte	-115
 1133 044d 90       		.byte	-112
 1134 044e 8F       		.byte	-113
 1135 044f 40       		.byte	64
 1136 0450 91       		.byte	-111
ARM GAS  C:\Users\mgnocco\AppData\Local\Temp\ccClRwIj.s 			page 21


 1137 0451 C0       		.byte	-64
 1138 0452 93       		.byte	-109
 1139 0453 02       		.byte	2
 1140 0454 94       		.byte	-108
 1141 0455 38       		.byte	56
 1142 0456 95       		.byte	-107
 1143 0457 7F       		.byte	127
 1144 0458 96       		.byte	-106
 1145 0459 04       		.byte	4
 1146 045a 97       		.byte	-105
 1147 045b 80       		.byte	-128
 1148 045c 98       		.byte	-104
 1149 045d 01       		.byte	1
 1150 045e 99       		.byte	-103
 1151 045f C0       		.byte	-64
 1152 0460 9A       		.byte	-102
 1153 0461 06       		.byte	6
 1154 0462 9B       		.byte	-101
 1155 0463 04       		.byte	4
 1156 0464 9C       		.byte	-100
 1157 0465 18       		.byte	24
 1158 0466 9D       		.byte	-99
 1159 0467 80       		.byte	-128
 1160 0468 9E       		.byte	-98
 1161 0469 22       		.byte	34
 1162 046a A3       		.byte	-93
 1163 046b 9F       		.byte	-97
 1164 046c A4       		.byte	-92
 1165 046d 28       		.byte	40
 1166 046e A8       		.byte	-88
 1167 046f 20       		.byte	32
 1168 0470 AA       		.byte	-86
 1169 0471 18       		.byte	24
 1170 0472 AB       		.byte	-85
 1171 0473 FF       		.byte	-1
 1172 0474 AD       		.byte	-83
 1173 0475 C0       		.byte	-64
 1174 0476 AF       		.byte	-81
 1175 0477 01       		.byte	1
 1176 0478 B4       		.byte	-76
 1177 0479 3E       		.byte	62
 1178 047a B5       		.byte	-75
 1179 047b FF       		.byte	-1
 1180 047c B6       		.byte	-74
 1181 047d 01       		.byte	1
 1182 047e BE       		.byte	-66
 1183 047f 40       		.byte	64
 1184 0480 BF       		.byte	-65
 1185 0481 10       		.byte	16
 1186 0482 C0       		.byte	-64
 1187 0483 61       		.byte	97
 1188 0484 C1       		.byte	-63
 1189 0485 04       		.byte	4
 1190 0486 C5       		.byte	-59
 1191 0487 0B       		.byte	11
 1192 0488 C6       		.byte	-58
 1193 0489 0E       		.byte	14
ARM GAS  C:\Users\mgnocco\AppData\Local\Temp\ccClRwIj.s 			page 22


 1194 048a C7       		.byte	-57
 1195 048b C0       		.byte	-64
 1196 048c C8       		.byte	-56
 1197 048d 25       		.byte	37
 1198 048e C9       		.byte	-55
 1199 048f FF       		.byte	-1
 1200 0490 CA       		.byte	-54
 1201 0491 FF       		.byte	-1
 1202 0492 CB       		.byte	-53
 1203 0493 FF       		.byte	-1
 1204 0494 CE       		.byte	-50
 1205 0495 F0       		.byte	-16
 1206 0496 CF       		.byte	-49
 1207 0497 44       		.byte	68
 1208 0498 D0       		.byte	-48
 1209 0499 0C       		.byte	12
 1210 049a D6       		.byte	-42
 1211 049b 02       		.byte	2
 1212 049c D7       		.byte	-41
 1213 049d 24       		.byte	36
 1214 049e D8       		.byte	-40
 1215 049f 04       		.byte	4
 1216 04a0 D9       		.byte	-39
 1217 04a1 04       		.byte	4
 1218 04a2 DA       		.byte	-38
 1219 04a3 04       		.byte	4
 1220 04a4 DB       		.byte	-37
 1221 04a5 04       		.byte	4
 1222 04a6 DD       		.byte	-35
 1223 04a7 10       		.byte	16
 1224 04a8 DF       		.byte	-33
 1225 04a9 01       		.byte	1
 1226 04aa E6       		.byte	-26
 1227 04ab C0       		.byte	-64
 1228 04ac EA       		.byte	-22
 1229 04ad 40       		.byte	64
 1230 04ae EB       		.byte	-21
 1231 04af 02       		.byte	2
 1232 04b0 02       		.byte	2
 1233 04b1 02       		.byte	2
 1234 04b2 03       		.byte	3
 1235 04b3 08       		.byte	8
 1236 04b4 05       		.byte	5
 1237 04b5 01       		.byte	1
 1238 04b6 06       		.byte	6
 1239 04b7 02       		.byte	2
 1240 04b8 07       		.byte	7
 1241 04b9 14       		.byte	20
 1242 04ba 08       		.byte	8
 1243 04bb 80       		.byte	-128
 1244 04bc 0A       		.byte	10
 1245 04bd 24       		.byte	36
 1246 04be 0D       		.byte	13
 1247 04bf A9       		.byte	-87
 1248 04c0 10       		.byte	16
 1249 04c1 20       		.byte	32
 1250 04c2 12       		.byte	18
ARM GAS  C:\Users\mgnocco\AppData\Local\Temp\ccClRwIj.s 			page 23


 1251 04c3 88       		.byte	-120
 1252 04c4 13       		.byte	19
 1253 04c5 02       		.byte	2
 1254 04c6 14       		.byte	20
 1255 04c7 09       		.byte	9
 1256 04c8 15       		.byte	21
 1257 04c9 50       		.byte	80
 1258 04ca 16       		.byte	22
 1259 04cb 40       		.byte	64
 1260 04cc 17       		.byte	23
 1261 04cd 08       		.byte	8
 1262 04ce 19       		.byte	25
 1263 04cf 80       		.byte	-128
 1264 04d0 1A       		.byte	26
 1265 04d1 04       		.byte	4
 1266 04d2 1C       		.byte	28
 1267 04d3 40       		.byte	64
 1268 04d4 1F       		.byte	31
 1269 04d5 50       		.byte	80
 1270 04d6 22       		.byte	34
 1271 04d7 20       		.byte	32
 1272 04d8 24       		.byte	36
 1273 04d9 02       		.byte	2
 1274 04da 27       		.byte	39
 1275 04db 04       		.byte	4
 1276 04dc 28       		.byte	40
 1277 04dd 04       		.byte	4
 1278 04de 29       		.byte	41
 1279 04df 41       		.byte	65
 1280 04e0 2F       		.byte	47
 1281 04e1 40       		.byte	64
 1282 04e2 31       		.byte	49
 1283 04e3 88       		.byte	-120
 1284 04e4 32       		.byte	50
 1285 04e5 01       		.byte	1
 1286 04e6 33       		.byte	51
 1287 04e7 10       		.byte	16
 1288 04e8 36       		.byte	54
 1289 04e9 20       		.byte	32
 1290 04ea 38       		.byte	56
 1291 04eb 02       		.byte	2
 1292 04ec 39       		.byte	57
 1293 04ed 50       		.byte	80
 1294 04ee 3B       		.byte	59
 1295 04ef 04       		.byte	4
 1296 04f0 40       		.byte	64
 1297 04f1 80       		.byte	-128
 1298 04f2 41       		.byte	65
 1299 04f3 40       		.byte	64
 1300 04f4 48       		.byte	72
 1301 04f5 20       		.byte	32
 1302 04f6 49       		.byte	73
 1303 04f7 20       		.byte	32
 1304 04f8 4A       		.byte	74
 1305 04f9 08       		.byte	8
 1306 04fa 52       		.byte	82
 1307 04fb 80       		.byte	-128
ARM GAS  C:\Users\mgnocco\AppData\Local\Temp\ccClRwIj.s 			page 24


 1308 04fc 53       		.byte	83
 1309 04fd 02       		.byte	2
 1310 04fe 60       		.byte	96
 1311 04ff 04       		.byte	4
 1312 0500 66       		.byte	102
 1313 0501 50       		.byte	80
 1314 0502 67       		.byte	103
 1315 0503 20       		.byte	32
 1316 0504 69       		.byte	105
 1317 0505 52       		.byte	82
 1318 0506 6A       		.byte	106
 1319 0507 02       		.byte	2
 1320 0508 6B       		.byte	107
 1321 0509 10       		.byte	16
 1322 050a 71       		.byte	113
 1323 050b 40       		.byte	64
 1324 050c 72       		.byte	114
 1325 050d 02       		.byte	2
 1326 050e 81       		.byte	-127
 1327 050f 80       		.byte	-128
 1328 0510 90       		.byte	-112
 1329 0511 04       		.byte	4
 1330 0512 91       		.byte	-111
 1331 0513 80       		.byte	-128
 1332 0514 92       		.byte	-110
 1333 0515 30       		.byte	48
 1334 0516 93       		.byte	-109
 1335 0517 0E       		.byte	14
 1336 0518 94       		.byte	-108
 1337 0519 48       		.byte	72
 1338 051a 95       		.byte	-107
 1339 051b 06       		.byte	6
 1340 051c 96       		.byte	-106
 1341 051d 01       		.byte	1
 1342 051e 97       		.byte	-105
 1343 051f 01       		.byte	1
 1344 0520 98       		.byte	-104
 1345 0521 84       		.byte	-124
 1346 0522 99       		.byte	-103
 1347 0523 20       		.byte	32
 1348 0524 9A       		.byte	-102
 1349 0525 29       		.byte	41
 1350 0526 9B       		.byte	-101
 1351 0527 69       		.byte	105
 1352 0528 9C       		.byte	-100
 1353 0529 49       		.byte	73
 1354 052a 9D       		.byte	-99
 1355 052b 0E       		.byte	14
 1356 052c 9E       		.byte	-98
 1357 052d 06       		.byte	6
 1358 052e 9F       		.byte	-97
 1359 052f 12       		.byte	18
 1360 0530 A0       		.byte	-96
 1361 0531 04       		.byte	4
 1362 0532 A1       		.byte	-95
 1363 0533 B8       		.byte	-72
 1364 0534 A2       		.byte	-94
ARM GAS  C:\Users\mgnocco\AppData\Local\Temp\ccClRwIj.s 			page 25


 1365 0535 02       		.byte	2
 1366 0536 A3       		.byte	-93
 1367 0537 88       		.byte	-120
 1368 0538 A5       		.byte	-91
 1369 0539 02       		.byte	2
 1370 053a A6       		.byte	-90
 1371 053b 55       		.byte	85
 1372 053c A7       		.byte	-89
 1373 053d 26       		.byte	38
 1374 053e B3       		.byte	-77
 1375 053f 12       		.byte	18
 1376 0540 C0       		.byte	-64
 1377 0541 F3       		.byte	-13
 1378 0542 C2       		.byte	-62
 1379 0543 F7       		.byte	-9
 1380 0544 C4       		.byte	-60
 1381 0545 F6       		.byte	-10
 1382 0546 CA       		.byte	-54
 1383 0547 8D       		.byte	-115
 1384 0548 CC       		.byte	-52
 1385 0549 2F       		.byte	47
 1386 054a CE       		.byte	-50
 1387 054b 0F       		.byte	15
 1388 054c D0       		.byte	-48
 1389 054d 09       		.byte	9
 1390 054e D2       		.byte	-46
 1391 054f 04       		.byte	4
 1392 0550 D8       		.byte	-40
 1393 0551 74       		.byte	116
 1394 0552 E0       		.byte	-32
 1395 0553 04       		.byte	4
 1396 0554 E0       		.byte	-32
 1397 0555 04       		.byte	4
 1398 0556 E4       		.byte	-28
 1399 0557 08       		.byte	8
 1400 0558 07       		.byte	7
 1401 0559 40       		.byte	64
 1402 055a 0B       		.byte	11
 1403 055b 10       		.byte	16
 1404 055c 0E       		.byte	14
 1405 055d 01       		.byte	1
 1406 055e 0F       		.byte	15
 1407 055f 01       		.byte	1
 1408 0560 13       		.byte	19
 1409 0561 08       		.byte	8
 1410 0562 1B       		.byte	27
 1411 0563 02       		.byte	2
 1412 0564 1F       		.byte	31
 1413 0565 20       		.byte	32
 1414 0566 23       		.byte	35
 1415 0567 80       		.byte	-128
 1416 0568 27       		.byte	39
 1417 0569 FF       		.byte	-1
 1418 056a 2B       		.byte	43
 1419 056b 04       		.byte	4
 1420 056c 31       		.byte	49
 1421 056d C0       		.byte	-64
ARM GAS  C:\Users\mgnocco\AppData\Local\Temp\ccClRwIj.s 			page 26


 1422 056e 33       		.byte	51
 1423 056f 0C       		.byte	12
 1424 0570 34       		.byte	52
 1425 0571 01       		.byte	1
 1426 0572 35       		.byte	53
 1427 0573 30       		.byte	48
 1428 0574 37       		.byte	55
 1429 0575 03       		.byte	3
 1430 0576 38       		.byte	56
 1431 0577 02       		.byte	2
 1432 0578 3E       		.byte	62
 1433 0579 01       		.byte	1
 1434 057a 40       		.byte	64
 1435 057b 20       		.byte	32
 1436 057c 41       		.byte	65
 1437 057d 06       		.byte	6
 1438 057e 45       		.byte	69
 1439 057f 51       		.byte	81
 1440 0580 46       		.byte	70
 1441 0581 40       		.byte	64
 1442 0582 47       		.byte	71
 1443 0583 02       		.byte	2
 1444 0584 48       		.byte	72
 1445 0585 1F       		.byte	31
 1446 0586 49       		.byte	73
 1447 0587 FF       		.byte	-1
 1448 0588 4A       		.byte	74
 1449 0589 FF       		.byte	-1
 1450 058a 4B       		.byte	75
 1451 058b FF       		.byte	-1
 1452 058c 4D       		.byte	77
 1453 058d A0       		.byte	-96
 1454 058e 4F       		.byte	79
 1455 058f 04       		.byte	4
 1456 0590 50       		.byte	80
 1457 0591 18       		.byte	24
 1458 0592 56       		.byte	86
 1459 0593 08       		.byte	8
 1460 0594 58       		.byte	88
 1461 0595 04       		.byte	4
 1462 0596 59       		.byte	89
 1463 0597 04       		.byte	4
 1464 0598 5A       		.byte	90
 1465 0599 04       		.byte	4
 1466 059a 5B       		.byte	91
 1467 059b 04       		.byte	4
 1468 059c 5C       		.byte	92
 1469 059d 22       		.byte	34
 1470 059e 5D       		.byte	93
 1471 059f 92       		.byte	-110
 1472 05a0 5F       		.byte	95
 1473 05a1 01       		.byte	1
 1474 05a2 60       		.byte	96
 1475 05a3 40       		.byte	64
 1476 05a4 62       		.byte	98
 1477 05a5 C0       		.byte	-64
 1478 05a6 64       		.byte	100
ARM GAS  C:\Users\mgnocco\AppData\Local\Temp\ccClRwIj.s 			page 27


 1479 05a7 40       		.byte	64
 1480 05a8 65       		.byte	101
 1481 05a9 40       		.byte	64
 1482 05aa 66       		.byte	102
 1483 05ab C0       		.byte	-64
 1484 05ac 68       		.byte	104
 1485 05ad C0       		.byte	-64
 1486 05ae 6A       		.byte	106
 1487 05af C0       		.byte	-64
 1488 05b0 6C       		.byte	108
 1489 05b1 C0       		.byte	-64
 1490 05b2 6E       		.byte	110
 1491 05b3 C0       		.byte	-64
 1492 05b4 80       		.byte	-128
 1493 05b5 20       		.byte	32
 1494 05b6 84       		.byte	-124
 1495 05b7 30       		.byte	48
 1496 05b8 88       		.byte	-120
 1497 05b9 10       		.byte	16
 1498 05ba 89       		.byte	-119
 1499 05bb 01       		.byte	1
 1500 05bc 8C       		.byte	-116
 1501 05bd 20       		.byte	32
 1502 05be 90       		.byte	-112
 1503 05bf F8       		.byte	-8
 1504 05c0 92       		.byte	-110
 1505 05c1 01       		.byte	1
 1506 05c2 94       		.byte	-108
 1507 05c3 3F       		.byte	63
 1508 05c4 96       		.byte	-106
 1509 05c5 C0       		.byte	-64
 1510 05c6 98       		.byte	-104
 1511 05c7 0F       		.byte	15
 1512 05c8 9A       		.byte	-102
 1513 05c9 F0       		.byte	-16
 1514 05ca 9C       		.byte	-100
 1515 05cb 08       		.byte	8
 1516 05cc 9E       		.byte	-98
 1517 05cd 84       		.byte	-124
 1518 05ce A1       		.byte	-95
 1519 05cf 01       		.byte	1
 1520 05d0 A2       		.byte	-94
 1521 05d1 42       		.byte	66
 1522 05d2 A6       		.byte	-90
 1523 05d3 08       		.byte	8
 1524 05d4 AA       		.byte	-86
 1525 05d5 C7       		.byte	-57
 1526 05d6 AC       		.byte	-84
 1527 05d7 39       		.byte	57
 1528 05d8 AD       		.byte	-83
 1529 05d9 01       		.byte	1
 1530 05da AE       		.byte	-82
 1531 05db C6       		.byte	-58
 1532 05dc B0       		.byte	-80
 1533 05dd 31       		.byte	49
 1534 05de B6       		.byte	-74
 1535 05df FF       		.byte	-1
ARM GAS  C:\Users\mgnocco\AppData\Local\Temp\ccClRwIj.s 			page 28


 1536 05e0 B7       		.byte	-73
 1537 05e1 01       		.byte	1
 1538 05e2 B9       		.byte	-71
 1539 05e3 80       		.byte	-128
 1540 05e4 BE       		.byte	-66
 1541 05e5 40       		.byte	64
 1542 05e6 BF       		.byte	-65
 1543 05e7 40       		.byte	64
 1544 05e8 C0       		.byte	-64
 1545 05e9 60       		.byte	96
 1546 05ea C1       		.byte	-63
 1547 05eb 04       		.byte	4
 1548 05ec C5       		.byte	-59
 1549 05ed 50       		.byte	80
 1550 05ee C6       		.byte	-58
 1551 05ef 02       		.byte	2
 1552 05f0 C7       		.byte	-57
 1553 05f1 14       		.byte	20
 1554 05f2 C8       		.byte	-56
 1555 05f3 37       		.byte	55
 1556 05f4 C9       		.byte	-55
 1557 05f5 FF       		.byte	-1
 1558 05f6 CA       		.byte	-54
 1559 05f7 FF       		.byte	-1
 1560 05f8 CB       		.byte	-53
 1561 05f9 FF       		.byte	-1
 1562 05fa CD       		.byte	-51
 1563 05fb A0       		.byte	-96
 1564 05fc CF       		.byte	-49
 1565 05fd 04       		.byte	4
 1566 05fe D0       		.byte	-48
 1567 05ff 18       		.byte	24
 1568 0600 D8       		.byte	-40
 1569 0601 04       		.byte	4
 1570 0602 D9       		.byte	-39
 1571 0603 04       		.byte	4
 1572 0604 DA       		.byte	-38
 1573 0605 04       		.byte	4
 1574 0606 DB       		.byte	-37
 1575 0607 04       		.byte	4
 1576 0608 DD       		.byte	-35
 1577 0609 02       		.byte	2
 1578 060a DF       		.byte	-33
 1579 060b 01       		.byte	1
 1580 060c E0       		.byte	-32
 1581 060d 40       		.byte	64
 1582 060e E2       		.byte	-30
 1583 060f C0       		.byte	-64
 1584 0610 E4       		.byte	-28
 1585 0611 40       		.byte	64
 1586 0612 E5       		.byte	-27
 1587 0613 40       		.byte	64
 1588 0614 E6       		.byte	-26
 1589 0615 C0       		.byte	-64
 1590 0616 E8       		.byte	-24
 1591 0617 C0       		.byte	-64
 1592 0618 EA       		.byte	-22
ARM GAS  C:\Users\mgnocco\AppData\Local\Temp\ccClRwIj.s 			page 29


 1593 0619 C0       		.byte	-64
 1594 061a EC       		.byte	-20
 1595 061b C0       		.byte	-64
 1596 061c EE       		.byte	-18
 1597 061d C0       		.byte	-64
 1598 061e 01       		.byte	1
 1599 061f 40       		.byte	64
 1600 0620 06       		.byte	6
 1601 0621 29       		.byte	41
 1602 0622 07       		.byte	7
 1603 0623 40       		.byte	64
 1604 0624 0C       		.byte	12
 1605 0625 10       		.byte	16
 1606 0626 0E       		.byte	14
 1607 0627 A0       		.byte	-96
 1608 0628 0F       		.byte	15
 1609 0629 01       		.byte	1
 1610 062a 14       		.byte	20
 1611 062b 01       		.byte	1
 1612 062c 17       		.byte	23
 1613 062d 29       		.byte	41
 1614 062e 19       		.byte	25
 1615 062f 01       		.byte	1
 1616 0630 1A       		.byte	26
 1617 0631 04       		.byte	4
 1618 0632 1B       		.byte	27
 1619 0633 10       		.byte	16
 1620 0634 1D       		.byte	29
 1621 0635 02       		.byte	2
 1622 0636 1E       		.byte	30
 1623 0637 01       		.byte	1
 1624 0638 22       		.byte	34
 1625 0639 11       		.byte	17
 1626 063a 23       		.byte	35
 1627 063b 12       		.byte	18
 1628 063c 26       		.byte	38
 1629 063d 80       		.byte	-128
 1630 063e 28       		.byte	40
 1631 063f 01       		.byte	1
 1632 0640 29       		.byte	41
 1633 0641 02       		.byte	2
 1634 0642 2A       		.byte	42
 1635 0643 80       		.byte	-128
 1636 0644 2B       		.byte	43
 1637 0645 14       		.byte	20
 1638 0646 2E       		.byte	46
 1639 0647 40       		.byte	64
 1640 0648 2F       		.byte	47
 1641 0649 80       		.byte	-128
 1642 064a 30       		.byte	48
 1643 064b A0       		.byte	-96
 1644 064c 33       		.byte	51
 1645 064d 02       		.byte	2
 1646 064e 39       		.byte	57
 1647 064f A0       		.byte	-96
 1648 0650 3A       		.byte	58
 1649 0651 04       		.byte	4
ARM GAS  C:\Users\mgnocco\AppData\Local\Temp\ccClRwIj.s 			page 30


 1650 0652 3E       		.byte	62
 1651 0653 10       		.byte	16
 1652 0654 42       		.byte	66
 1653 0655 04       		.byte	4
 1654 0656 46       		.byte	70
 1655 0657 40       		.byte	64
 1656 0658 48       		.byte	72
 1657 0659 A8       		.byte	-88
 1658 065a 4D       		.byte	77
 1659 065b 02       		.byte	2
 1660 065c 4F       		.byte	79
 1661 065d 28       		.byte	40
 1662 065e 50       		.byte	80
 1663 065f 08       		.byte	8
 1664 0660 51       		.byte	81
 1665 0661 50       		.byte	80
 1666 0662 56       		.byte	86
 1667 0663 44       		.byte	68
 1668 0664 57       		.byte	87
 1669 0665 02       		.byte	2
 1670 0666 58       		.byte	88
 1671 0667 40       		.byte	64
 1672 0668 59       		.byte	89
 1673 0669 10       		.byte	16
 1674 066a 60       		.byte	96
 1675 066b 02       		.byte	2
 1676 066c 62       		.byte	98
 1677 066d 20       		.byte	32
 1678 066e 63       		.byte	99
 1679 066f 01       		.byte	1
 1680 0670 69       		.byte	105
 1681 0671 40       		.byte	64
 1682 0672 6C       		.byte	108
 1683 0673 04       		.byte	4
 1684 0674 6E       		.byte	110
 1685 0675 40       		.byte	64
 1686 0676 87       		.byte	-121
 1687 0677 02       		.byte	2
 1688 0678 88       		.byte	-120
 1689 0679 40       		.byte	64
 1690 067a 8A       		.byte	-118
 1691 067b 01       		.byte	1
 1692 067c 8B       		.byte	-117
 1693 067d 10       		.byte	16
 1694 067e 8D       		.byte	-115
 1695 067f 01       		.byte	1
 1696 0680 8E       		.byte	-114
 1697 0681 80       		.byte	-128
 1698 0682 92       		.byte	-110
 1699 0683 10       		.byte	16
 1700 0684 94       		.byte	-108
 1701 0685 08       		.byte	8
 1702 0686 96       		.byte	-106
 1703 0687 21       		.byte	33
 1704 0688 97       		.byte	-105
 1705 0689 01       		.byte	1
 1706 068a 98       		.byte	-104
ARM GAS  C:\Users\mgnocco\AppData\Local\Temp\ccClRwIj.s 			page 31


 1707 068b 10       		.byte	16
 1708 068c 99       		.byte	-103
 1709 068d 10       		.byte	16
 1710 068e 9A       		.byte	-102
 1711 068f A9       		.byte	-87
 1712 0690 9B       		.byte	-101
 1713 0691 69       		.byte	105
 1714 0692 9C       		.byte	-100
 1715 0693 02       		.byte	2
 1716 0694 A2       		.byte	-94
 1717 0695 50       		.byte	80
 1718 0696 A3       		.byte	-93
 1719 0697 80       		.byte	-128
 1720 0698 A5       		.byte	-91
 1721 0699 02       		.byte	2
 1722 069a A6       		.byte	-90
 1723 069b 20       		.byte	32
 1724 069c A9       		.byte	-87
 1725 069d 10       		.byte	16
 1726 069e AA       		.byte	-86
 1727 069f 80       		.byte	-128
 1728 06a0 C0       		.byte	-64
 1729 06a1 F1       		.byte	-15
 1730 06a2 C2       		.byte	-62
 1731 06a3 F0       		.byte	-16
 1732 06a4 C4       		.byte	-60
 1733 06a5 F0       		.byte	-16
 1734 06a6 CA       		.byte	-54
 1735 06a7 97       		.byte	-105
 1736 06a8 CC       		.byte	-52
 1737 06a9 0D       		.byte	13
 1738 06aa CE       		.byte	-50
 1739 06ab 2E       		.byte	46
 1740 06ac D0       		.byte	-48
 1741 06ad 84       		.byte	-124
 1742 06ae D2       		.byte	-46
 1743 06af 24       		.byte	36
 1744 06b0 D6       		.byte	-42
 1745 06b1 0C       		.byte	12
 1746 06b2 D8       		.byte	-40
 1747 06b3 0C       		.byte	12
 1748 06b4 E2       		.byte	-30
 1749 06b5 60       		.byte	96
 1750 06b6 E4       		.byte	-28
 1751 06b7 02       		.byte	2
 1752 06b8 E6       		.byte	-26
 1753 06b9 C0       		.byte	-64
 1754 06ba 86       		.byte	-122
 1755 06bb 02       		.byte	2
 1756 06bc 8C       		.byte	-116
 1757 06bd 03       		.byte	3
 1758 06be 9E       		.byte	-98
 1759 06bf 01       		.byte	1
 1760 06c0 A0       		.byte	-96
 1761 06c1 04       		.byte	4
 1762 06c2 AF       		.byte	-81
 1763 06c3 01       		.byte	1
ARM GAS  C:\Users\mgnocco\AppData\Local\Temp\ccClRwIj.s 			page 32


 1764 06c4 B2       		.byte	-78
 1765 06c5 04       		.byte	4
 1766 06c6 B5       		.byte	-75
 1767 06c7 01       		.byte	1
 1768 06c8 B6       		.byte	-74
 1769 06c9 03       		.byte	3
 1770 06ca BE       		.byte	-66
 1771 06cb 04       		.byte	4
 1772 06cc C0       		.byte	-64
 1773 06cd 23       		.byte	35
 1774 06ce C1       		.byte	-63
 1775 06cf 06       		.byte	6
 1776 06d0 C2       		.byte	-62
 1777 06d1 40       		.byte	64
 1778 06d2 C4       		.byte	-60
 1779 06d3 01       		.byte	1
 1780 06d4 C5       		.byte	-59
 1781 06d5 BE       		.byte	-66
 1782 06d6 C6       		.byte	-58
 1783 06d7 FD       		.byte	-3
 1784 06d8 C7       		.byte	-57
 1785 06d9 0C       		.byte	12
 1786 06da C8       		.byte	-56
 1787 06db 1F       		.byte	31
 1788 06dc C9       		.byte	-55
 1789 06dd FF       		.byte	-1
 1790 06de CA       		.byte	-54
 1791 06df FF       		.byte	-1
 1792 06e0 CB       		.byte	-53
 1793 06e1 FF       		.byte	-1
 1794 06e2 CC       		.byte	-52
 1795 06e3 22       		.byte	34
 1796 06e4 CE       		.byte	-50
 1797 06e5 F0       		.byte	-16
 1798 06e6 CF       		.byte	-49
 1799 06e7 08       		.byte	8
 1800 06e8 D0       		.byte	-48
 1801 06e9 04       		.byte	4
 1802 06ea D8       		.byte	-40
 1803 06eb 04       		.byte	4
 1804 06ec D9       		.byte	-39
 1805 06ed 04       		.byte	4
 1806 06ee DA       		.byte	-38
 1807 06ef 04       		.byte	4
 1808 06f0 DB       		.byte	-37
 1809 06f1 04       		.byte	4
 1810 06f2 DC       		.byte	-36
 1811 06f3 09       		.byte	9
 1812 06f4 DD       		.byte	-35
 1813 06f5 01       		.byte	1
 1814 06f6 DF       		.byte	-33
 1815 06f7 01       		.byte	1
 1816 06f8 E2       		.byte	-30
 1817 06f9 C0       		.byte	-64
 1818 06fa E4       		.byte	-28
 1819 06fb 40       		.byte	64
 1820 06fc E5       		.byte	-27
ARM GAS  C:\Users\mgnocco\AppData\Local\Temp\ccClRwIj.s 			page 33


 1821 06fd 01       		.byte	1
 1822 06fe E6       		.byte	-26
 1823 06ff 10       		.byte	16
 1824 0700 E7       		.byte	-25
 1825 0701 11       		.byte	17
 1826 0702 E8       		.byte	-24
 1827 0703 C0       		.byte	-64
 1828 0704 E9       		.byte	-23
 1829 0705 01       		.byte	1
 1830 0706 EB       		.byte	-21
 1831 0707 11       		.byte	17
 1832 0708 EC       		.byte	-20
 1833 0709 40       		.byte	64
 1834 070a ED       		.byte	-19
 1835 070b 01       		.byte	1
 1836 070c EE       		.byte	-18
 1837 070d 40       		.byte	64
 1838 070e EF       		.byte	-17
 1839 070f 01       		.byte	1
 1840 0710 01       		.byte	1
 1841 0711 40       		.byte	64
 1842 0712 02       		.byte	2
 1843 0713 20       		.byte	32
 1844 0714 06       		.byte	6
 1845 0715 09       		.byte	9
 1846 0716 07       		.byte	7
 1847 0717 60       		.byte	96
 1848 0718 08       		.byte	8
 1849 0719 40       		.byte	64
 1850 071a 0A       		.byte	10
 1851 071b 02       		.byte	2
 1852 071c 0C       		.byte	12
 1853 071d 10       		.byte	16
 1854 071e 0E       		.byte	14
 1855 071f A0       		.byte	-96
 1856 0720 0F       		.byte	15
 1857 0721 01       		.byte	1
 1858 0722 12       		.byte	18
 1859 0723 80       		.byte	-128
 1860 0724 15       		.byte	21
 1861 0725 10       		.byte	16
 1862 0726 16       		.byte	22
 1863 0727 20       		.byte	32
 1864 0728 17       		.byte	23
 1865 0729 01       		.byte	1
 1866 072a 19       		.byte	25
 1867 072b 08       		.byte	8
 1868 072c 1A       		.byte	26
 1869 072d 02       		.byte	2
 1870 072e 1C       		.byte	28
 1871 072f 10       		.byte	16
 1872 0730 1E       		.byte	30
 1873 0731 80       		.byte	-128
 1874 0732 1F       		.byte	31
 1875 0733 22       		.byte	34
 1876 0734 23       		.byte	35
 1877 0735 08       		.byte	8
ARM GAS  C:\Users\mgnocco\AppData\Local\Temp\ccClRwIj.s 			page 34


 1878 0736 24       		.byte	36
 1879 0737 01       		.byte	1
 1880 0738 26       		.byte	38
 1881 0739 15       		.byte	21
 1882 073a 27       		.byte	39
 1883 073b 04       		.byte	4
 1884 073c 28       		.byte	40
 1885 073d 02       		.byte	2
 1886 073e 2C       		.byte	44
 1887 073f 10       		.byte	16
 1888 0740 2F       		.byte	47
 1889 0741 22       		.byte	34
 1890 0742 36       		.byte	54
 1891 0743 08       		.byte	8
 1892 0744 37       		.byte	55
 1893 0745 25       		.byte	37
 1894 0746 3D       		.byte	61
 1895 0747 30       		.byte	48
 1896 0748 3F       		.byte	63
 1897 0749 01       		.byte	1
 1898 074a 40       		.byte	64
 1899 074b 40       		.byte	64
 1900 074c 41       		.byte	65
 1901 074d 68       		.byte	104
 1902 074e 44       		.byte	68
 1903 074f 12       		.byte	18
 1904 0750 45       		.byte	69
 1905 0751 02       		.byte	2
 1906 0752 47       		.byte	71
 1907 0753 20       		.byte	32
 1908 0754 48       		.byte	72
 1909 0755 04       		.byte	4
 1910 0756 49       		.byte	73
 1911 0757 07       		.byte	7
 1912 0758 4D       		.byte	77
 1913 0759 04       		.byte	4
 1914 075a 4E       		.byte	78
 1915 075b 08       		.byte	8
 1916 075c 52       		.byte	82
 1917 075d 54       		.byte	84
 1918 075e 57       		.byte	87
 1919 075f 04       		.byte	4
 1920 0760 5C       		.byte	92
 1921 0761 11       		.byte	17
 1922 0762 64       		.byte	100
 1923 0763 80       		.byte	-128
 1924 0764 67       		.byte	103
 1925 0765 0A       		.byte	10
 1926 0766 69       		.byte	105
 1927 0767 40       		.byte	64
 1928 0768 81       		.byte	-127
 1929 0769 50       		.byte	80
 1930 076a 88       		.byte	-120
 1931 076b 80       		.byte	-128
 1932 076c 8E       		.byte	-114
 1933 076d 10       		.byte	16
 1934 076e 90       		.byte	-112
ARM GAS  C:\Users\mgnocco\AppData\Local\Temp\ccClRwIj.s 			page 35


 1935 076f 40       		.byte	64
 1936 0770 92       		.byte	-110
 1937 0771 10       		.byte	16
 1938 0772 93       		.byte	-109
 1939 0773 0A       		.byte	10
 1940 0774 94       		.byte	-108
 1941 0775 08       		.byte	8
 1942 0776 95       		.byte	-107
 1943 0777 04       		.byte	4
 1944 0778 96       		.byte	-106
 1945 0779 01       		.byte	1
 1946 077a 97       		.byte	-105
 1947 077b 01       		.byte	1
 1948 077c 9A       		.byte	-102
 1949 077d 29       		.byte	41
 1950 077e 9B       		.byte	-101
 1951 077f 61       		.byte	97
 1952 0780 9C       		.byte	-100
 1953 0781 40       		.byte	64
 1954 0782 9D       		.byte	-99
 1955 0783 0F       		.byte	15
 1956 0784 9E       		.byte	-98
 1957 0785 54       		.byte	84
 1958 0786 A0       		.byte	-96
 1959 0787 04       		.byte	4
 1960 0788 A1       		.byte	-95
 1961 0789 38       		.byte	56
 1962 078a A2       		.byte	-94
 1963 078b 80       		.byte	-128
 1964 078c A3       		.byte	-93
 1965 078d 80       		.byte	-128
 1966 078e A5       		.byte	-91
 1967 078f 02       		.byte	2
 1968 0790 A6       		.byte	-90
 1969 0791 55       		.byte	85
 1970 0792 A7       		.byte	-89
 1971 0793 24       		.byte	36
 1972 0794 C0       		.byte	-64
 1973 0795 F5       		.byte	-11
 1974 0796 C2       		.byte	-62
 1975 0797 F1       		.byte	-15
 1976 0798 C4       		.byte	-60
 1977 0799 78       		.byte	120
 1978 079a CA       		.byte	-54
 1979 079b 58       		.byte	88
 1980 079c CC       		.byte	-52
 1981 079d E0       		.byte	-32
 1982 079e CE       		.byte	-50
 1983 079f A0       		.byte	-96
 1984 07a0 D0       		.byte	-48
 1985 07a1 FF       		.byte	-1
 1986 07a2 D2       		.byte	-46
 1987 07a3 24       		.byte	36
 1988 07a4 D6       		.byte	-42
 1989 07a5 A0       		.byte	-96
 1990 07a6 D8       		.byte	-40
 1991 07a7 B0       		.byte	-80
ARM GAS  C:\Users\mgnocco\AppData\Local\Temp\ccClRwIj.s 			page 36


 1992 07a8 E2       		.byte	-30
 1993 07a9 20       		.byte	32
 1994 07aa E0       		.byte	-32
 1995 07ab 40       		.byte	64
 1996 07ac E2       		.byte	-30
 1997 07ad 80       		.byte	-128
 1998 07ae E4       		.byte	-28
 1999 07af 02       		.byte	2
 2000 07b0 32       		.byte	50
 2001 07b1 81       		.byte	-127
 2002 07b2 37       		.byte	55
 2003 07b3 20       		.byte	32
 2004 07b4 77       		.byte	119
 2005 07b5 20       		.byte	32
 2006 07b6 7E       		.byte	126
 2007 07b7 01       		.byte	1
 2008 07b8 86       		.byte	-122
 2009 07b9 80       		.byte	-128
 2010 07ba CC       		.byte	-52
 2011 07bb 70       		.byte	112
 2012 07bc E2       		.byte	-30
 2013 07bd 40       		.byte	64
 2014 07be 63       		.byte	99
 2015 07bf 10       		.byte	16
 2016 07c0 67       		.byte	103
 2017 07c1 20       		.byte	32
 2018 07c2 82       		.byte	-126
 2019 07c3 20       		.byte	32
 2020 07c4 93       		.byte	-109
 2021 07c5 10       		.byte	16
 2022 07c6 96       		.byte	-106
 2023 07c7 02       		.byte	2
 2024 07c8 9A       		.byte	-102
 2025 07c9 80       		.byte	-128
 2026 07ca A6       		.byte	-90
 2027 07cb 80       		.byte	-128
 2028 07cc AF       		.byte	-81
 2029 07cd 10       		.byte	16
 2030 07ce D8       		.byte	-40
 2031 07cf C0       		.byte	-64
 2032 07d0 E6       		.byte	-26
 2033 07d1 80       		.byte	-128
 2034 07d2 EA       		.byte	-22
 2035 07d3 10       		.byte	16
 2036 07d4 11       		.byte	17
 2037 07d5 40       		.byte	64
 2038 07d6 12       		.byte	18
 2039 07d7 80       		.byte	-128
 2040 07d8 53       		.byte	83
 2041 07d9 80       		.byte	-128
 2042 07da 66       		.byte	102
 2043 07db 80       		.byte	-128
 2044 07dc 96       		.byte	-106
 2045 07dd 02       		.byte	2
 2046 07de 97       		.byte	-105
 2047 07df 20       		.byte	32
 2048 07e0 9A       		.byte	-102
ARM GAS  C:\Users\mgnocco\AppData\Local\Temp\ccClRwIj.s 			page 37


 2049 07e1 80       		.byte	-128
 2050 07e2 A2       		.byte	-94
 2051 07e3 20       		.byte	32
 2052 07e4 A3       		.byte	-93
 2053 07e5 80       		.byte	-128
 2054 07e6 A6       		.byte	-90
 2055 07e7 80       		.byte	-128
 2056 07e8 AF       		.byte	-81
 2057 07e9 80       		.byte	-128
 2058 07ea C4       		.byte	-60
 2059 07eb 50       		.byte	80
 2060 07ec D4       		.byte	-44
 2061 07ed 20       		.byte	32
 2062 07ee D6       		.byte	-42
 2063 07ef 80       		.byte	-128
 2064 07f0 EE       		.byte	-18
 2065 07f1 10       		.byte	16
 2066 07f2 70       		.byte	112
 2067 07f3 10       		.byte	16
 2068 07f4 91       		.byte	-111
 2069 07f5 40       		.byte	64
 2070 07f6 96       		.byte	-106
 2071 07f7 02       		.byte	2
 2072 07f8 97       		.byte	-105
 2073 07f9 20       		.byte	32
 2074 07fa A2       		.byte	-94
 2075 07fb 20       		.byte	32
 2076 07fc DC       		.byte	-36
 2077 07fd 20       		.byte	32
 2078 07fe 75       		.byte	117
 2079 07ff 02       		.byte	2
 2080 0800 DE       		.byte	-34
 2081 0801 04       		.byte	4
 2082 0802 60       		.byte	96
 2083 0803 80       		.byte	-128
 2084 0804 9D       		.byte	-99
 2085 0805 02       		.byte	2
 2086 0806 D8       		.byte	-40
 2087 0807 02       		.byte	2
 2088 0808 85       		.byte	-123
 2089 0809 02       		.byte	2
 2090 080a 9C       		.byte	-100
 2091 080b 80       		.byte	-128
 2092 080c 9D       		.byte	-99
 2093 080d 02       		.byte	2
 2094 080e 82       		.byte	-126
 2095 080f 20       		.byte	32
 2096 0810 9C       		.byte	-100
 2097 0811 80       		.byte	-128
 2098 0812 52       		.byte	82
 2099 0813 20       		.byte	32
 2100 0814 56       		.byte	86
 2101 0815 20       		.byte	32
 2102 0816 6B       		.byte	107
 2103 0817 10       		.byte	16
 2104 0818 6C       		.byte	108
 2105 0819 10       		.byte	16
ARM GAS  C:\Users\mgnocco\AppData\Local\Temp\ccClRwIj.s 			page 38


 2106 081a 6F       		.byte	111
 2107 081b 10       		.byte	16
 2108 081c 81       		.byte	-127
 2109 081d 40       		.byte	64
 2110 081e 83       		.byte	-125
 2111 081f 01       		.byte	1
 2112 0820 8A       		.byte	-118
 2113 0821 01       		.byte	1
 2114 0822 91       		.byte	-111
 2115 0823 40       		.byte	64
 2116 0824 94       		.byte	-108
 2117 0825 20       		.byte	32
 2118 0826 96       		.byte	-106
 2119 0827 02       		.byte	2
 2120 0828 97       		.byte	-105
 2121 0829 20       		.byte	32
 2122 082a A2       		.byte	-94
 2123 082b 20       		.byte	32
 2124 082c D4       		.byte	-44
 2125 082d 60       		.byte	96
 2126 082e DA       		.byte	-38
 2127 082f C0       		.byte	-64
 2128 0830 E0       		.byte	-32
 2129 0831 80       		.byte	-128
 2130 0832 E4       		.byte	-28
 2131 0833 20       		.byte	32
 2132 0834 0B       		.byte	11
 2133 0835 01       		.byte	1
 2134 0836 7D       		.byte	125
 2135 0837 40       		.byte	64
 2136 0838 8A       		.byte	-118
 2137 0839 20       		.byte	32
 2138 083a 8B       		.byte	-117
 2139 083b 10       		.byte	16
 2140 083c 8C       		.byte	-116
 2141 083d 10       		.byte	16
 2142 083e 8D       		.byte	-115
 2143 083f 40       		.byte	64
 2144 0840 94       		.byte	-108
 2145 0841 20       		.byte	32
 2146 0842 97       		.byte	-105
 2147 0843 21       		.byte	33
 2148 0844 9E       		.byte	-98
 2149 0845 20       		.byte	32
 2150 0846 C2       		.byte	-62
 2151 0847 40       		.byte	64
 2152 0848 DE       		.byte	-34
 2153 0849 20       		.byte	32
 2154 084a 5A       		.byte	90
 2155 084b 20       		.byte	32
 2156 084c 8E       		.byte	-114
 2157 084d 10       		.byte	16
 2158 084e 9A       		.byte	-102
 2159 084f 20       		.byte	32
 2160 0850 9C       		.byte	-100
 2161 0851 80       		.byte	-128
 2162 0852 D4       		.byte	-44
ARM GAS  C:\Users\mgnocco\AppData\Local\Temp\ccClRwIj.s 			page 39


 2163 0853 01       		.byte	1
 2164 0854 E0       		.byte	-32
 2165 0855 02       		.byte	2
 2166 0856 10       		.byte	16
 2167 0857 40       		.byte	64
 2168 0858 76       		.byte	118
 2169 0859 20       		.byte	32
 2170 085a 84       		.byte	-124
 2171 085b 80       		.byte	-128
 2172 085c 88       		.byte	-120
 2173 085d 40       		.byte	64
 2174 085e 9A       		.byte	-102
 2175 085f 20       		.byte	32
 2176 0860 9C       		.byte	-100
 2177 0861 80       		.byte	-128
 2178 0862 C4       		.byte	-60
 2179 0863 08       		.byte	8
 2180 0864 DE       		.byte	-34
 2181 0865 04       		.byte	4
 2182 0866 E2       		.byte	-30
 2183 0867 01       		.byte	1
 2184 0868 00       		.byte	0
 2185 0869 13       		.byte	19
 2186 086a 08       		.byte	8
 2187 086b 13       		.byte	19
 2188 086c 0A       		.byte	10
 2189 086d 13       		.byte	19
 2190 086e 10       		.byte	16
 2191 086f 07       		.byte	7
 2192 0870 11       		.byte	17
 2193 0871 01       		.byte	1
 2194 0872 1A       		.byte	26
 2195 0873 07       		.byte	7
 2196 0874 1B       		.byte	27
 2197 0875 01       		.byte	1
 2198 0876 00       		.byte	0
 2199 0877 3E       		.byte	62
 2200 0878 00       		.byte	0
 2201 0879 D6       		.byte	-42
 2202 087a 00       		.byte	0
 2203 087b 00       		.byte	0
 2204 087c 00       		.byte	0
 2205 087d 17       		.byte	23
 2206 087e 00       		.byte	0
 2207 087f 28       		.byte	40
 2208 0880 00       		.byte	0
 2209 0881 29       		.byte	41
 2210 0882 8C       		.byte	-116
 2211 0883 46       		.byte	70
 2212 0884 30       		.byte	48
 2213 0885 20       		.byte	32
 2214 0886 40       		.byte	64
 2215 0887 D0       		.byte	-48
 2216 0888 00       		.byte	0
 2217 0889 00       		.byte	0
 2218 088a 53       		.byte	83
 2219 088b 00       		.byte	0
ARM GAS  C:\Users\mgnocco\AppData\Local\Temp\ccClRwIj.s 			page 40


 2220 088c AC       		.byte	-84
 2221 088d 21       		.byte	33
 2222 088e 43       		.byte	67
 2223 088f 8E       		.byte	-114
 2224 0890 31       		.byte	49
 2225 0891 D2       		.byte	-46
 2226 0892 C6       		.byte	-58
 2227 0893 04       		.byte	4
 2228 0894 31       		.byte	49
 2229 0895 02       		.byte	2
 2230 0896 4E       		.byte	78
 2231 0897 00       		.byte	0
 2232 0898 00       		.byte	0
 2233 0899 D6       		.byte	-42
 2234 089a 00       		.byte	0
 2235 089b 00       		.byte	0
 2236 089c 00       		.byte	0
 2237 089d 04       		.byte	4
 2238 089e 00       		.byte	0
 2239 089f 00       		.byte	0
 2240 08a0 00       		.byte	0
 2241 08a1 D0       		.byte	-48
 2242 08a2 00       		.byte	0
 2243 08a3 06       		.byte	6
 2244 08a4 00       		.byte	0
 2245 08a5 D6       		.byte	-42
 2246 08a6 08       		.byte	8
 2247 08a7 00       		.byte	0
 2248 08a8 00       		.byte	0
 2249 08a9 F0       		.byte	-16
 2250 08aa 0F       		.byte	15
 2251 08ab 00       		.byte	0
 2252 08ac F0       		.byte	-16
 2253 08ad 0F       		.byte	15
 2254 08ae 8A       		.byte	-118
 2255 08af 08       		.byte	8
 2256 08b0 00       		.byte	0
 2257 08b1 20       		.byte	32
 2258 08b2 A8       		.byte	-88
 2259 08b3 02       		.byte	2
 2260 08b4 00       		.byte	0
 2261 08b5 00       		.byte	0
 2262 08b6 00       		.byte	0
 2263 08b7 40       		.byte	64
 2264 08b8 40       		.byte	64
 2265 08b9 06       		.byte	6
 2266 08ba 00       		.byte	0
 2267 08bb 00       		.byte	0
 2268 08bc 00       		.byte	0
 2269 08bd 01       		.byte	1
 2270 08be 20       		.byte	32
 2271 08bf 00       		.byte	0
 2272 08c0 0B       		.byte	11
 2273 08c1 FF       		.byte	-1
 2274 08c2 FF       		.byte	-1
 2275 08c3 FF       		.byte	-1
 2276 08c4 00       		.byte	0
ARM GAS  C:\Users\mgnocco\AppData\Local\Temp\ccClRwIj.s 			page 41


 2277 08c5 AF       		.byte	-81
 2278 08c6 0F       		.byte	15
 2279 08c7 04       		.byte	4
 2280 08c8 18       		.byte	24
 2281 08c9 00       		.byte	0
 2282 08ca 80       		.byte	-128
 2283 08cb 00       		.byte	0
 2284 08cc 00       		.byte	0
 2285 08cd 00       		.byte	0
 2286 08ce 00       		.byte	0
 2287 08cf 00       		.byte	0
 2288 08d0 04       		.byte	4
 2289 08d1 04       		.byte	4
 2290 08d2 04       		.byte	4
 2291 08d3 04       		.byte	4
 2292 08d4 10       		.byte	16
 2293 08d5 44       		.byte	68
 2294 08d6 00       		.byte	0
 2295 08d7 01       		.byte	1
 2296 08d8 40       		.byte	64
 2297 08d9 00       		.byte	0
 2298 08da C0       		.byte	-64
 2299 08db 00       		.byte	0
 2300 08dc 40       		.byte	64
 2301 08dd 40       		.byte	64
 2302 08de C0       		.byte	-64
 2303 08df 00       		.byte	0
 2304 08e0 C0       		.byte	-64
 2305 08e1 00       		.byte	0
 2306 08e2 C0       		.byte	-64
 2307 08e3 00       		.byte	0
 2308 08e4 C0       		.byte	-64
 2309 08e5 00       		.byte	0
 2310 08e6 C0       		.byte	-64
 2311 08e7 00       		.byte	0
 2312 08e8 00       		.byte	0
 2313 08e9 00       		.byte	0
 2314 08ea 00       		.byte	0
 2315 08eb 00       		.byte	0
 2316 08ec 00       		.byte	0
 2317 08ed 00       		.byte	0
 2318 08ee 00       		.byte	0
 2319 08ef 00       		.byte	0
 2320 08f0 00       		.byte	0
 2321 08f1 00       		.byte	0
 2322 08f2 00       		.byte	0
 2323 08f3 00       		.byte	0
 2324 08f4 00       		.byte	0
 2325 08f5 00       		.byte	0
 2326 08f6 00       		.byte	0
 2327 08f7 00       		.byte	0
 2328 08f8 48       		.byte	72
 2329 08f9 09       		.byte	9
 2330 08fa 00       		.byte	0
 2331 08fb 04       		.byte	4
 2332 08fc 00       		.byte	0
 2333 08fd 00       		.byte	0
ARM GAS  C:\Users\mgnocco\AppData\Local\Temp\ccClRwIj.s 			page 42


 2334 08fe F3       		.byte	-13
 2335 08ff 00       		.byte	0
 2336 0900 44       		.byte	68
 2337 0901 20       		.byte	32
 2338 0902 00       		.byte	0
 2339 0903 1F       		.byte	31
 2340 0904 48       		.byte	72
 2341 0905 00       		.byte	0
 2342 0906 00       		.byte	0
 2343 0907 00       		.byte	0
 2344 0908 7D       		.byte	125
 2345 0909 01       		.byte	1
 2346 090a 80       		.byte	-128
 2347 090b 02       		.byte	2
 2348 090c 8F       		.byte	-113
 2349 090d 39       		.byte	57
 2350 090e 70       		.byte	112
 2351 090f 06       		.byte	6
 2352 0910 83       		.byte	-125
 2353 0911 00       		.byte	0
 2354 0912 7C       		.byte	124
 2355 0913 0F       		.byte	15
 2356 0914 03       		.byte	3
 2357 0915 00       		.byte	0
 2358 0916 20       		.byte	32
 2359 0917 00       		.byte	0
 2360 0918 42       		.byte	66
 2361 0919 00       		.byte	0
 2362 091a 10       		.byte	16
 2363 091b 00       		.byte	0
 2364 091c 4C       		.byte	76
 2365 091d 39       		.byte	57
 2366 091e 00       		.byte	0
 2367 091f 06       		.byte	6
 2368 0920 0C       		.byte	12
 2369 0921 00       		.byte	0
 2370 0922 F3       		.byte	-13
 2371 0923 00       		.byte	0
 2372 0924 00       		.byte	0
 2373 0925 26       		.byte	38
 2374 0926 00       		.byte	0
 2375 0927 19       		.byte	25
 2376 0928 8C       		.byte	-116
 2377 0929 10       		.byte	16
 2378 092a 40       		.byte	64
 2379 092b 20       		.byte	32
 2380 092c 3F       		.byte	63
 2381 092d 07       		.byte	7
 2382 092e 00       		.byte	0
 2383 092f 08       		.byte	8
 2384 0930 00       		.byte	0
 2385 0931 02       		.byte	2
 2386 0932 22       		.byte	34
 2387 0933 20       		.byte	32
 2388 0934 00       		.byte	0
 2389 0935 00       		.byte	0
 2390 0936 00       		.byte	0
ARM GAS  C:\Users\mgnocco\AppData\Local\Temp\ccClRwIj.s 			page 43


 2391 0937 04       		.byte	4
 2392 0938 32       		.byte	50
 2393 0939 06       		.byte	6
 2394 093a 04       		.byte	4
 2395 093b 00       		.byte	0
 2396 093c 01       		.byte	1
 2397 093d 0E       		.byte	14
 2398 093e 00       		.byte	0
 2399 093f 0C       		.byte	12
 2400 0940 11       		.byte	17
 2401 0941 FF       		.byte	-1
 2402 0942 FF       		.byte	-1
 2403 0943 FF       		.byte	-1
 2404 0944 62       		.byte	98
 2405 0945 A0       		.byte	-96
 2406 0946 F0       		.byte	-16
 2407 0947 41       		.byte	65
 2408 0948 0C       		.byte	12
 2409 0949 00       		.byte	0
 2410 094a 00       		.byte	0
 2411 094b 00       		.byte	0
 2412 094c 1A       		.byte	26
 2413 094d 00       		.byte	0
 2414 094e 04       		.byte	4
 2415 094f 00       		.byte	0
 2416 0950 04       		.byte	4
 2417 0951 04       		.byte	4
 2418 0952 04       		.byte	4
 2419 0953 04       		.byte	4
 2420 0954 00       		.byte	0
 2421 0955 00       		.byte	0
 2422 0956 00       		.byte	0
 2423 0957 01       		.byte	1
 2424 0958 00       		.byte	0
 2425 0959 00       		.byte	0
 2426 095a 00       		.byte	0
 2427 095b 00       		.byte	0
 2428 095c 00       		.byte	0
 2429 095d 00       		.byte	0
 2430 095e 40       		.byte	64
 2431 095f 02       		.byte	2
 2432 0960 00       		.byte	0
 2433 0961 10       		.byte	16
 2434 0962 30       		.byte	48
 2435 0963 10       		.byte	16
 2436 0964 00       		.byte	0
 2437 0965 10       		.byte	16
 2438 0966 10       		.byte	16
 2439 0967 12       		.byte	18
 2440 0968 00       		.byte	0
 2441 0969 00       		.byte	0
 2442 096a 00       		.byte	0
 2443 096b 00       		.byte	0
 2444 096c 00       		.byte	0
 2445 096d 00       		.byte	0
 2446 096e 00       		.byte	0
 2447 096f 00       		.byte	0
ARM GAS  C:\Users\mgnocco\AppData\Local\Temp\ccClRwIj.s 			page 44


 2448 0970 00       		.byte	0
 2449 0971 00       		.byte	0
 2450 0972 00       		.byte	0
 2451 0973 00       		.byte	0
 2452 0974 00       		.byte	0
 2453 0975 00       		.byte	0
 2454 0976 00       		.byte	0
 2455 0977 00       		.byte	0
 2456 0978 00       		.byte	0
 2457 0979 70       		.byte	112
 2458 097a 70       		.byte	112
 2459 097b 00       		.byte	0
 2460 097c 70       		.byte	112
 2461 097d 00       		.byte	0
 2462 097e 00       		.byte	0
 2463 097f 00       		.byte	0
 2464 0980 44       		.byte	68
 2465 0981 9B       		.byte	-101
 2466 0982 9B       		.byte	-101
 2467 0983 00       		.byte	0
 2468 0984 93       		.byte	-109
 2469 0985 00       		.byte	0
 2470 0986 00       		.byte	0
 2471 0987 00       		.byte	0
 2472 0988 00       		.byte	0
 2473 0989 3F       		.byte	63
 2474 098a 3F       		.byte	63
 2475 098b 00       		.byte	0
 2476 098c 07       		.byte	7
 2477 098d 00       		.byte	0
 2478 098e 00       		.byte	0
 2479 098f 00       		.byte	0
 2480 0990 10       		.byte	16
 2481 0991 1D       		.byte	29
 2482 0992 0D       		.byte	13
 2483 0993 00       		.byte	0
 2484 0994 09       		.byte	9
 2485 0995 00       		.byte	0
 2486 0996 00       		.byte	0
 2487 0997 00       		.byte	0
 2488 0998 00       		.byte	0
 2489 0999 C0       		.byte	-64
 2490 099a C0       		.byte	-64
 2491 099b 00       		.byte	0
 2492 099c C0       		.byte	-64
 2493 099d 00       		.byte	0
 2494 099e 00       		.byte	0
 2495 099f 00       		.byte	0
 2496 09a0 40       		.byte	64
 2497 09a1 00       		.byte	0
 2498 09a2 00       		.byte	0
 2499 09a3 00       		.byte	0
 2500 09a4 00       		.byte	0
 2501 09a5 00       		.byte	0
 2502 09a6 00       		.byte	0
 2503 09a7 00       		.byte	0
 2504              		.text
ARM GAS  C:\Users\mgnocco\AppData\Local\Temp\ccClRwIj.s 			page 45


 2505              	.Letext0:
 2506              		.file 1 "c:\\program files (x86)\\cypress\\psoc creator\\4.4\\psoc creator\\import\\gnu\\arm\\5.4.
 2507              		.file 2 "c:\\program files (x86)\\cypress\\psoc creator\\4.4\\psoc creator\\import\\gnu\\arm\\5.4.
 2508              		.file 3 "Generated_Source\\PSoC5\\cymetadata.c"
 2509              		.section	.debug_info,"",%progbits
 2510              	.Ldebug_info0:
 2511 0000 CF000000 		.4byte	0xcf
 2512 0004 0400     		.2byte	0x4
 2513 0006 00000000 		.4byte	.Ldebug_abbrev0
 2514 000a 04       		.byte	0x4
 2515 000b 01       		.uleb128 0x1
 2516 000c 0A000000 		.4byte	.LASF14
 2517 0010 0C       		.byte	0xc
 2518 0011 8A010000 		.4byte	.LASF15
 2519 0015 98000000 		.4byte	.LASF16
 2520 0019 00000000 		.4byte	.Ldebug_line0
 2521 001d 02       		.uleb128 0x2
 2522 001e 01       		.byte	0x1
 2523 001f 06       		.byte	0x6
 2524 0020 7E010000 		.4byte	.LASF0
 2525 0024 03       		.uleb128 0x3
 2526 0025 00000000 		.4byte	.LASF9
 2527 0029 01       		.byte	0x1
 2528 002a 1D       		.byte	0x1d
 2529 002b 2F000000 		.4byte	0x2f
 2530 002f 02       		.uleb128 0x2
 2531 0030 01       		.byte	0x1
 2532 0031 08       		.byte	0x8
 2533 0032 D2000000 		.4byte	.LASF1
 2534 0036 02       		.uleb128 0x2
 2535 0037 02       		.byte	0x2
 2536 0038 05       		.byte	0x5
 2537 0039 6B010000 		.4byte	.LASF2
 2538 003d 02       		.uleb128 0x2
 2539 003e 02       		.byte	0x2
 2540 003f 07       		.byte	0x7
 2541 0040 F2000000 		.4byte	.LASF3
 2542 0044 02       		.uleb128 0x2
 2543 0045 04       		.byte	0x4
 2544 0046 05       		.byte	0x5
 2545 0047 75010000 		.4byte	.LASF4
 2546 004b 02       		.uleb128 0x2
 2547 004c 04       		.byte	0x4
 2548 004d 07       		.byte	0x7
 2549 004e E0000000 		.4byte	.LASF5
 2550 0052 02       		.uleb128 0x2
 2551 0053 08       		.byte	0x8
 2552 0054 05       		.byte	0x5
 2553 0055 5D010000 		.4byte	.LASF6
 2554 0059 02       		.uleb128 0x2
 2555 005a 08       		.byte	0x8
 2556 005b 07       		.byte	0x7
 2557 005c 24010000 		.4byte	.LASF7
 2558 0060 04       		.uleb128 0x4
 2559 0061 04       		.byte	0x4
 2560 0062 05       		.byte	0x5
 2561 0063 696E7400 		.ascii	"int\000"
ARM GAS  C:\Users\mgnocco\AppData\Local\Temp\ccClRwIj.s 			page 46


 2562 0067 02       		.uleb128 0x2
 2563 0068 04       		.byte	0x4
 2564 0069 07       		.byte	0x7
 2565 006a 17010000 		.4byte	.LASF8
 2566 006e 03       		.uleb128 0x3
 2567 006f 3B010000 		.4byte	.LASF10
 2568 0073 02       		.byte	0x2
 2569 0074 18       		.byte	0x18
 2570 0075 24000000 		.4byte	0x24
 2571 0079 05       		.uleb128 0x5
 2572 007a 90000000 		.4byte	0x90
 2573 007e 89000000 		.4byte	0x89
 2574 0082 06       		.uleb128 0x6
 2575 0083 89000000 		.4byte	0x89
 2576 0087 3F       		.byte	0x3f
 2577 0088 00       		.byte	0
 2578 0089 02       		.uleb128 0x2
 2579 008a 04       		.byte	0x4
 2580 008b 07       		.byte	0x7
 2581 008c 54010000 		.4byte	.LASF11
 2582 0090 07       		.uleb128 0x7
 2583 0091 6E000000 		.4byte	0x6e
 2584 0095 08       		.uleb128 0x8
 2585 0096 43010000 		.4byte	.LASF12
 2586 009a 03       		.byte	0x3
 2587 009b 1F       		.byte	0x1f
 2588 009c A6000000 		.4byte	0xa6
 2589 00a0 05       		.uleb128 0x5
 2590 00a1 03       		.byte	0x3
 2591 00a2 00000000 		.4byte	cy_meta_loadable
 2592 00a6 07       		.uleb128 0x7
 2593 00a7 79000000 		.4byte	0x79
 2594 00ab 05       		.uleb128 0x5
 2595 00ac 90000000 		.4byte	0x90
 2596 00b0 BC000000 		.4byte	0xbc
 2597 00b4 09       		.uleb128 0x9
 2598 00b5 89000000 		.4byte	0x89
 2599 00b9 A709     		.2byte	0x9a7
 2600 00bb 00       		.byte	0
 2601 00bc 08       		.uleb128 0x8
 2602 00bd 05010000 		.4byte	.LASF13
 2603 00c1 03       		.byte	0x3
 2604 00c2 34       		.byte	0x34
 2605 00c3 CD000000 		.4byte	0xcd
 2606 00c7 05       		.uleb128 0x5
 2607 00c8 03       		.byte	0x3
 2608 00c9 00000000 		.4byte	cy_meta_configecc
 2609 00cd 07       		.uleb128 0x7
 2610 00ce AB000000 		.4byte	0xab
 2611 00d2 00       		.byte	0
 2612              		.section	.debug_abbrev,"",%progbits
 2613              	.Ldebug_abbrev0:
 2614 0000 01       		.uleb128 0x1
 2615 0001 11       		.uleb128 0x11
 2616 0002 01       		.byte	0x1
 2617 0003 25       		.uleb128 0x25
 2618 0004 0E       		.uleb128 0xe
ARM GAS  C:\Users\mgnocco\AppData\Local\Temp\ccClRwIj.s 			page 47


 2619 0005 13       		.uleb128 0x13
 2620 0006 0B       		.uleb128 0xb
 2621 0007 03       		.uleb128 0x3
 2622 0008 0E       		.uleb128 0xe
 2623 0009 1B       		.uleb128 0x1b
 2624 000a 0E       		.uleb128 0xe
 2625 000b 10       		.uleb128 0x10
 2626 000c 17       		.uleb128 0x17
 2627 000d 00       		.byte	0
 2628 000e 00       		.byte	0
 2629 000f 02       		.uleb128 0x2
 2630 0010 24       		.uleb128 0x24
 2631 0011 00       		.byte	0
 2632 0012 0B       		.uleb128 0xb
 2633 0013 0B       		.uleb128 0xb
 2634 0014 3E       		.uleb128 0x3e
 2635 0015 0B       		.uleb128 0xb
 2636 0016 03       		.uleb128 0x3
 2637 0017 0E       		.uleb128 0xe
 2638 0018 00       		.byte	0
 2639 0019 00       		.byte	0
 2640 001a 03       		.uleb128 0x3
 2641 001b 16       		.uleb128 0x16
 2642 001c 00       		.byte	0
 2643 001d 03       		.uleb128 0x3
 2644 001e 0E       		.uleb128 0xe
 2645 001f 3A       		.uleb128 0x3a
 2646 0020 0B       		.uleb128 0xb
 2647 0021 3B       		.uleb128 0x3b
 2648 0022 0B       		.uleb128 0xb
 2649 0023 49       		.uleb128 0x49
 2650 0024 13       		.uleb128 0x13
 2651 0025 00       		.byte	0
 2652 0026 00       		.byte	0
 2653 0027 04       		.uleb128 0x4
 2654 0028 24       		.uleb128 0x24
 2655 0029 00       		.byte	0
 2656 002a 0B       		.uleb128 0xb
 2657 002b 0B       		.uleb128 0xb
 2658 002c 3E       		.uleb128 0x3e
 2659 002d 0B       		.uleb128 0xb
 2660 002e 03       		.uleb128 0x3
 2661 002f 08       		.uleb128 0x8
 2662 0030 00       		.byte	0
 2663 0031 00       		.byte	0
 2664 0032 05       		.uleb128 0x5
 2665 0033 01       		.uleb128 0x1
 2666 0034 01       		.byte	0x1
 2667 0035 49       		.uleb128 0x49
 2668 0036 13       		.uleb128 0x13
 2669 0037 01       		.uleb128 0x1
 2670 0038 13       		.uleb128 0x13
 2671 0039 00       		.byte	0
 2672 003a 00       		.byte	0
 2673 003b 06       		.uleb128 0x6
 2674 003c 21       		.uleb128 0x21
 2675 003d 00       		.byte	0
ARM GAS  C:\Users\mgnocco\AppData\Local\Temp\ccClRwIj.s 			page 48


 2676 003e 49       		.uleb128 0x49
 2677 003f 13       		.uleb128 0x13
 2678 0040 2F       		.uleb128 0x2f
 2679 0041 0B       		.uleb128 0xb
 2680 0042 00       		.byte	0
 2681 0043 00       		.byte	0
 2682 0044 07       		.uleb128 0x7
 2683 0045 26       		.uleb128 0x26
 2684 0046 00       		.byte	0
 2685 0047 49       		.uleb128 0x49
 2686 0048 13       		.uleb128 0x13
 2687 0049 00       		.byte	0
 2688 004a 00       		.byte	0
 2689 004b 08       		.uleb128 0x8
 2690 004c 34       		.uleb128 0x34
 2691 004d 00       		.byte	0
 2692 004e 03       		.uleb128 0x3
 2693 004f 0E       		.uleb128 0xe
 2694 0050 3A       		.uleb128 0x3a
 2695 0051 0B       		.uleb128 0xb
 2696 0052 3B       		.uleb128 0x3b
 2697 0053 0B       		.uleb128 0xb
 2698 0054 49       		.uleb128 0x49
 2699 0055 13       		.uleb128 0x13
 2700 0056 3F       		.uleb128 0x3f
 2701 0057 19       		.uleb128 0x19
 2702 0058 02       		.uleb128 0x2
 2703 0059 18       		.uleb128 0x18
 2704 005a 00       		.byte	0
 2705 005b 00       		.byte	0
 2706 005c 09       		.uleb128 0x9
 2707 005d 21       		.uleb128 0x21
 2708 005e 00       		.byte	0
 2709 005f 49       		.uleb128 0x49
 2710 0060 13       		.uleb128 0x13
 2711 0061 2F       		.uleb128 0x2f
 2712 0062 05       		.uleb128 0x5
 2713 0063 00       		.byte	0
 2714 0064 00       		.byte	0
 2715 0065 00       		.byte	0
 2716              		.section	.debug_aranges,"",%progbits
 2717 0000 14000000 		.4byte	0x14
 2718 0004 0200     		.2byte	0x2
 2719 0006 00000000 		.4byte	.Ldebug_info0
 2720 000a 04       		.byte	0x4
 2721 000b 00       		.byte	0
 2722 000c 0000     		.2byte	0
 2723 000e 0000     		.2byte	0
 2724 0010 00000000 		.4byte	0
 2725 0014 00000000 		.4byte	0
 2726              		.section	.debug_line,"",%progbits
 2727              	.Ldebug_line0:
 2728 0000 3D010000 		.section	.debug_str,"MS",%progbits,1
 2728      02003701 
 2728      00000201 
 2728      FB0E0D00 
 2728      01010101 
ARM GAS  C:\Users\mgnocco\AppData\Local\Temp\ccClRwIj.s 			page 49


 2729              	.LASF9:
 2730 0000 5F5F7569 		.ascii	"__uint8_t\000"
 2730      6E74385F 
 2730      7400
 2731              	.LASF14:
 2732 000a 474E5520 		.ascii	"GNU C11 5.4.1 20160609 (release) [ARM/embedded-5-br"
 2732      43313120 
 2732      352E342E 
 2732      31203230 
 2732      31363036 
 2733 003d 616E6368 		.ascii	"anch revision 237715] -mcpu=cortex-m3 -mthumb -g -O"
 2733      20726576 
 2733      6973696F 
 2733      6E203233 
 2733      37373135 
 2734 0070 30202D66 		.ascii	"0 -ffunction-sections -ffat-lto-objects\000"
 2734      66756E63 
 2734      74696F6E 
 2734      2D736563 
 2734      74696F6E 
 2735              	.LASF16:
 2736 0098 433A5C55 		.ascii	"C:\\Users\\mgnocco\\Documents\\GitHub\\PSoC5\\Toast"
 2736      73657273 
 2736      5C6D676E 
 2736      6F63636F 
 2736      5C446F63 
 2737 00c5 5C546F61 		.ascii	"\\Toast.cydsn\000"
 2737      73742E63 
 2737      7964736E 
 2737      00
 2738              	.LASF1:
 2739 00d2 756E7369 		.ascii	"unsigned char\000"
 2739      676E6564 
 2739      20636861 
 2739      7200
 2740              	.LASF5:
 2741 00e0 6C6F6E67 		.ascii	"long unsigned int\000"
 2741      20756E73 
 2741      69676E65 
 2741      6420696E 
 2741      7400
 2742              	.LASF3:
 2743 00f2 73686F72 		.ascii	"short unsigned int\000"
 2743      7420756E 
 2743      7369676E 
 2743      65642069 
 2743      6E7400
 2744              	.LASF13:
 2745 0105 63795F6D 		.ascii	"cy_meta_configecc\000"
 2745      6574615F 
 2745      636F6E66 
 2745      69676563 
 2745      6300
 2746              	.LASF8:
 2747 0117 756E7369 		.ascii	"unsigned int\000"
 2747      676E6564 
 2747      20696E74 
ARM GAS  C:\Users\mgnocco\AppData\Local\Temp\ccClRwIj.s 			page 50


 2747      00
 2748              	.LASF7:
 2749 0124 6C6F6E67 		.ascii	"long long unsigned int\000"
 2749      206C6F6E 
 2749      6720756E 
 2749      7369676E 
 2749      65642069 
 2750              	.LASF10:
 2751 013b 75696E74 		.ascii	"uint8_t\000"
 2751      385F7400 
 2752              	.LASF12:
 2753 0143 63795F6D 		.ascii	"cy_meta_loadable\000"
 2753      6574615F 
 2753      6C6F6164 
 2753      61626C65 
 2753      00
 2754              	.LASF11:
 2755 0154 73697A65 		.ascii	"sizetype\000"
 2755      74797065 
 2755      00
 2756              	.LASF6:
 2757 015d 6C6F6E67 		.ascii	"long long int\000"
 2757      206C6F6E 
 2757      6720696E 
 2757      7400
 2758              	.LASF2:
 2759 016b 73686F72 		.ascii	"short int\000"
 2759      7420696E 
 2759      7400
 2760              	.LASF4:
 2761 0175 6C6F6E67 		.ascii	"long int\000"
 2761      20696E74 
 2761      00
 2762              	.LASF0:
 2763 017e 7369676E 		.ascii	"signed char\000"
 2763      65642063 
 2763      68617200 
 2764              	.LASF15:
 2765 018a 47656E65 		.ascii	"Generated_Source\\PSoC5\\cymetadata.c\000"
 2765      72617465 
 2765      645F536F 
 2765      75726365 
 2765      5C50536F 
 2766              		.ident	"GCC: (GNU Tools for ARM Embedded Processors) 5.4.1 20160609 (release) [ARM/embedded-5-bran
