ARM GAS  C:\Users\mgnocco\AppData\Local\Temp\ccMnT5Cc.s 			page 1


   1              		.syntax unified
   2              		.cpu cortex-m3
   3              		.fpu softvfp
   4              		.eabi_attribute 20, 1
   5              		.eabi_attribute 21, 1
   6              		.eabi_attribute 23, 3
   7              		.eabi_attribute 24, 1
   8              		.eabi_attribute 25, 1
   9              		.eabi_attribute 26, 1
  10              		.eabi_attribute 30, 6
  11              		.eabi_attribute 34, 1
  12              		.eabi_attribute 18, 4
  13              		.thumb
  14              		.syntax unified
  15              		.file	"Encoder_functions.c"
  16              		.text
  17              	.Ltext0:
  18              		.cfi_sections	.debug_frame
  19              		.section	.text.Change_CS_EncoderLine,"ax",%progbits
  20              		.align	2
  21              		.global	Change_CS_EncoderLine
  22              		.thumb
  23              		.thumb_func
  24              		.type	Change_CS_EncoderLine, %function
  25              	Change_CS_EncoderLine:
  26              	.LFB64:
  27              		.file 1 "..\\src\\Encoder_functions.c"
   1:..\src/Encoder_functions.c **** // ----------------------------------------------------------------------------
   2:..\src/Encoder_functions.c **** // BSD 3-Clause License
   3:..\src/Encoder_functions.c **** 
   4:..\src/Encoder_functions.c **** // Copyright (c) 2016, qbrobotics
   5:..\src/Encoder_functions.c **** // Copyright (c) 2017-2020, Centro "E.Piaggio"
   6:..\src/Encoder_functions.c **** // All rights reserved.
   7:..\src/Encoder_functions.c **** 
   8:..\src/Encoder_functions.c **** // Redistribution and use in source and binary forms, with or without
   9:..\src/Encoder_functions.c **** // modification, are permitted provided that the following conditions are met:
  10:..\src/Encoder_functions.c **** 
  11:..\src/Encoder_functions.c **** // * Redistributions of source code must retain the above copyright notice, this
  12:..\src/Encoder_functions.c **** //   list of conditions and the following disclaimer.
  13:..\src/Encoder_functions.c **** 
  14:..\src/Encoder_functions.c **** // * Redistributions in binary form must reproduce the above copyright notice,
  15:..\src/Encoder_functions.c **** //   this list of conditions and the following disclaimer in the documentation
  16:..\src/Encoder_functions.c **** //   and/or other materials provided with the distribution.
  17:..\src/Encoder_functions.c **** 
  18:..\src/Encoder_functions.c **** // * Neither the name of the copyright holder nor the names of its
  19:..\src/Encoder_functions.c **** //   contributors may be used to endorse or promote products derived from
  20:..\src/Encoder_functions.c **** //   this software without specific prior written permission.
  21:..\src/Encoder_functions.c **** 
  22:..\src/Encoder_functions.c **** // THIS SOFTWARE IS PROVIDED BY THE COPYRIGHT HOLDERS AND CONTRIBUTORS "AS IS"
  23:..\src/Encoder_functions.c **** // AND ANY EXPRESS OR IMPLIED WARRANTIES, INCLUDING, BUT NOT LIMITED TO, THE
  24:..\src/Encoder_functions.c **** // IMPLIED WARRANTIES OF MERCHANTABILITY AND FITNESS FOR A PARTICULAR PURPOSE ARE
  25:..\src/Encoder_functions.c **** // DISCLAIMED. IN NO EVENT SHALL THE COPYRIGHT HOLDER OR CONTRIBUTORS BE LIABLE
  26:..\src/Encoder_functions.c **** // FOR ANY DIRECT, INDIRECT, INCIDENTAL, SPECIAL, EXEMPLARY, OR CONSEQUENTIAL
  27:..\src/Encoder_functions.c **** // DAMAGES (INCLUDING, BUT NOT LIMITED TO, PROCUREMENT OF SUBSTITUTE GOODS OR
  28:..\src/Encoder_functions.c **** // SERVICES; LOSS OF USE, DATA, OR PROFITS; OR BUSINESS INTERRUPTION) HOWEVER
  29:..\src/Encoder_functions.c **** // CAUSED AND ON ANY THEORY OF LIABILITY, WHETHER IN CONTRACT, STRICT LIABILITY,
  30:..\src/Encoder_functions.c **** // OR TORT (INCLUDING NEGLIGENCE OR OTHERWISE) ARISING IN ANY WAY OUT OF THE USE
ARM GAS  C:\Users\mgnocco\AppData\Local\Temp\ccMnT5Cc.s 			page 2


  31:..\src/Encoder_functions.c **** // OF THIS SOFTWARE, EVEN IF ADVISED OF THE POSSIBILITY OF SUCH DAMAGE.
  32:..\src/Encoder_functions.c **** // POSSIBILITY OF SUCH DAMAGE.
  33:..\src/Encoder_functions.c **** // ----------------------------------------------------------------------------
  34:..\src/Encoder_functions.c **** 
  35:..\src/Encoder_functions.c **** /**
  36:..\src/Encoder_functions.c **** * \file         Encoder_functions.c
  37:..\src/Encoder_functions.c **** *
  38:..\src/Encoder_functions.c **** * \brief        Implementation of SPI module functions.
  39:..\src/Encoder_functions.c **** * \date         March 20th, 2020
  40:..\src/Encoder_functions.c **** * \author       _Centro "E.Piaggio"_
  41:..\src/Encoder_functions.c **** * \copyright    (C) 2012-2016 qbrobotics. All rights reserved.
  42:..\src/Encoder_functions.c **** * \copyright    (C) 2017-2020 Centro "E.Piaggio". All rights reserved.
  43:..\src/Encoder_functions.c **** */
  44:..\src/Encoder_functions.c **** 
  45:..\src/Encoder_functions.c **** #include "Encoder_functions.h"
  46:..\src/Encoder_functions.c **** 
  47:..\src/Encoder_functions.c **** /********************************************************************************
  48:..\src/Encoder_functions.c **** * Function Name: Change_CS_EncoderLine                                                   *
  49:..\src/Encoder_functions.c **** *********************************************************************************/
  50:..\src/Encoder_functions.c **** void Change_CS_EncoderLine(int n)
  51:..\src/Encoder_functions.c **** {        
  28              		.loc 1 51 0
  29              		.cfi_startproc
  30              		@ args = 0, pretend = 0, frame = 8
  31              		@ frame_needed = 1, uses_anonymous_args = 0
  32 0000 80B5     		push	{r7, lr}
  33              		.cfi_def_cfa_offset 8
  34              		.cfi_offset 7, -8
  35              		.cfi_offset 14, -4
  36 0002 82B0     		sub	sp, sp, #8
  37              		.cfi_def_cfa_offset 16
  38 0004 00AF     		add	r7, sp, #0
  39              		.cfi_def_cfa_register 7
  40 0006 7860     		str	r0, [r7, #4]
  41              	.LBB2:
  52:..\src/Encoder_functions.c ****     // Change CS (only if necessary)
  53:..\src/Encoder_functions.c ****     if (Chip_Select_ENCODER_LINE_Read() != n) {        
  42              		.loc 1 53 0
  43 0008 FFF7FEFF 		bl	Chip_Select_ENCODER_LINE_Read
  44 000c 0246     		mov	r2, r0
  45 000e 7B68     		ldr	r3, [r7, #4]
  46 0010 9A42     		cmp	r2, r3
  47 0012 0ED0     		beq	.L3
  48              	.LBB3:
  54:..\src/Encoder_functions.c ****         RESET_COUNTERS_Write(0x01);     // Stop COUNTER_ENC
  49              		.loc 1 54 0
  50 0014 0120     		movs	r0, #1
  51 0016 FFF7FEFF 		bl	RESET_COUNTERS_Write
  55:..\src/Encoder_functions.c ****         CyDelayUs(10);
  52              		.loc 1 55 0
  53 001a 0A20     		movs	r0, #10
  54 001c FFF7FEFF 		bl	CyDelayUs
  56:..\src/Encoder_functions.c ****         Chip_Select_ENCODER_LINE_Write(n);
  55              		.loc 1 56 0
  56 0020 7868     		ldr	r0, [r7, #4]
  57 0022 FFF7FEFF 		bl	Chip_Select_ENCODER_LINE_Write
  57:..\src/Encoder_functions.c ****         RESET_COUNTERS_Write(0x00);    // Activate encoder counters. Must be made before initializi
ARM GAS  C:\Users\mgnocco\AppData\Local\Temp\ccMnT5Cc.s 			page 3


  58              		.loc 1 57 0
  59 0026 0020     		movs	r0, #0
  60 0028 FFF7FEFF 		bl	RESET_COUNTERS_Write
  58:..\src/Encoder_functions.c ****         CyDelayUs(200);                // Wait for encoders to have a valid value.
  61              		.loc 1 58 0
  62 002c C820     		movs	r0, #200
  63 002e FFF7FEFF 		bl	CyDelayUs
  64              	.L3:
  65              	.LBE3:
  66              	.LBE2:
  59:..\src/Encoder_functions.c ****     }
  60:..\src/Encoder_functions.c **** }
  67              		.loc 1 60 0
  68 0032 00BF     		nop
  69 0034 0837     		adds	r7, r7, #8
  70              		.cfi_def_cfa_offset 8
  71 0036 BD46     		mov	sp, r7
  72              		.cfi_def_cfa_register 13
  73              		@ sp needed
  74 0038 80BD     		pop	{r7, pc}
  75              		.cfi_endproc
  76              	.LFE64:
  77              		.size	Change_CS_EncoderLine, .-Change_CS_EncoderLine
  78 003a 00BF     		.section	.text.EncoderReset,"ax",%progbits
  79              		.align	2
  80              		.global	EncoderReset
  81              		.thumb
  82              		.thumb_func
  83              		.type	EncoderReset, %function
  84              	EncoderReset:
  85              	.LFB65:
  61:..\src/Encoder_functions.c **** 
  62:..\src/Encoder_functions.c **** /*******************************************************************************
  63:..\src/Encoder_functions.c **** * Function Name: Encoder Reset
  64:..\src/Encoder_functions.c **** *********************************************************************************/
  65:..\src/Encoder_functions.c **** void EncoderReset() {
  86              		.loc 1 65 0
  87              		.cfi_startproc
  88              		@ args = 0, pretend = 0, frame = 0
  89              		@ frame_needed = 1, uses_anonymous_args = 0
  90 0000 80B5     		push	{r7, lr}
  91              		.cfi_def_cfa_offset 8
  92              		.cfi_offset 7, -8
  93              		.cfi_offset 14, -4
  94 0002 00AF     		add	r7, sp, #0
  95              		.cfi_def_cfa_register 7
  66:..\src/Encoder_functions.c **** 	    
  67:..\src/Encoder_functions.c ****     CyDelay(10);
  96              		.loc 1 67 0
  97 0004 0A20     		movs	r0, #10
  98 0006 FFF7FEFF 		bl	CyDelay
  68:..\src/Encoder_functions.c ****     InitEncoderGeneral();
  99              		.loc 1 68 0
 100 000a FFF7FEFF 		bl	InitEncoderGeneral
  69:..\src/Encoder_functions.c ****     CyDelay(10);
 101              		.loc 1 69 0
 102 000e 0A20     		movs	r0, #10
ARM GAS  C:\Users\mgnocco\AppData\Local\Temp\ccMnT5Cc.s 			page 4


 103 0010 FFF7FEFF 		bl	CyDelay
  70:..\src/Encoder_functions.c **** }
 104              		.loc 1 70 0
 105 0014 00BF     		nop
 106 0016 80BD     		pop	{r7, pc}
 107              		.cfi_endproc
 108              	.LFE65:
 109              		.size	EncoderReset, .-EncoderReset
 110              		.section	.text.InitEncoderGeneral,"ax",%progbits
 111              		.align	2
 112              		.global	InitEncoderGeneral
 113              		.thumb
 114              		.thumb_func
 115              		.type	InitEncoderGeneral, %function
 116              	InitEncoderGeneral:
 117              	.LFB66:
  71:..\src/Encoder_functions.c **** 
  72:..\src/Encoder_functions.c **** /********************************************************************************
  73:..\src/Encoder_functions.c **** * Function Name: InitEncoderGeneral                                                 *
  74:..\src/Encoder_functions.c **** *********************************************************************************/
  75:..\src/Encoder_functions.c **** void InitEncoderGeneral()
  76:..\src/Encoder_functions.c **** {
 118              		.loc 1 76 0
 119              		.cfi_startproc
 120              		@ args = 0, pretend = 0, frame = 0
 121              		@ frame_needed = 1, uses_anonymous_args = 0
 122              		@ link register save eliminated.
 123 0000 80B4     		push	{r7}
 124              		.cfi_def_cfa_offset 4
 125              		.cfi_offset 7, -4
 126 0002 00AF     		add	r7, sp, #0
 127              		.cfi_def_cfa_register 7
  77:..\src/Encoder_functions.c **** }
 128              		.loc 1 77 0
 129 0004 00BF     		nop
 130 0006 BD46     		mov	sp, r7
 131              		.cfi_def_cfa_register 13
 132              		@ sp needed
 133 0008 80BC     		pop	{r7}
 134              		.cfi_restore 7
 135              		.cfi_def_cfa_offset 0
 136 000a 7047     		bx	lr
 137              		.cfi_endproc
 138              	.LFE66:
 139              		.size	InitEncoderGeneral, .-InitEncoderGeneral
 140              		.section	.text.InitEncoderLine,"ax",%progbits
 141              		.align	2
 142              		.global	InitEncoderLine
 143              		.thumb
 144              		.thumb_func
 145              		.type	InitEncoderLine, %function
 146              	InitEncoderLine:
 147              	.LFB67:
  78:..\src/Encoder_functions.c **** 
  79:..\src/Encoder_functions.c **** /*******************************************************************************
  80:..\src/Encoder_functions.c **** * Function Name: Encoder Initialization
  81:..\src/Encoder_functions.c **** *********************************************************************************/
ARM GAS  C:\Users\mgnocco\AppData\Local\Temp\ccMnT5Cc.s 			page 5


  82:..\src/Encoder_functions.c **** void InitEncoderLine(uint8 n){
 148              		.loc 1 82 0
 149              		.cfi_startproc
 150              		@ args = 0, pretend = 0, frame = 8
 151              		@ frame_needed = 1, uses_anonymous_args = 0
 152              		@ link register save eliminated.
 153 0000 80B4     		push	{r7}
 154              		.cfi_def_cfa_offset 4
 155              		.cfi_offset 7, -4
 156 0002 83B0     		sub	sp, sp, #12
 157              		.cfi_def_cfa_offset 16
 158 0004 00AF     		add	r7, sp, #0
 159              		.cfi_def_cfa_register 7
 160 0006 0346     		mov	r3, r0
 161 0008 FB71     		strb	r3, [r7, #7]
  83:..\src/Encoder_functions.c ****    }
 162              		.loc 1 83 0
 163 000a 00BF     		nop
 164 000c 0C37     		adds	r7, r7, #12
 165              		.cfi_def_cfa_offset 4
 166 000e BD46     		mov	sp, r7
 167              		.cfi_def_cfa_register 13
 168              		@ sp needed
 169 0010 80BC     		pop	{r7}
 170              		.cfi_restore 7
 171              		.cfi_def_cfa_offset 0
 172 0012 7047     		bx	lr
 173              		.cfi_endproc
 174              	.LFE67:
 175              		.size	InitEncoderLine, .-InitEncoderLine
 176              		.section	.text.ReadEncoderLine,"ax",%progbits
 177              		.align	2
 178              		.global	ReadEncoderLine
 179              		.thumb
 180              		.thumb_func
 181              		.type	ReadEncoderLine, %function
 182              	ReadEncoderLine:
 183              	.LFB68:
  84:..\src/Encoder_functions.c **** 
  85:..\src/Encoder_functions.c **** /*******************************************************************************
  86:..\src/Encoder_functions.c **** * Function Name: Read Encoder
  87:..\src/Encoder_functions.c **** *********************************************************************************/
  88:..\src/Encoder_functions.c **** void ReadEncoderLine(int n_encoders, int n_line)
  89:..\src/Encoder_functions.c **** {   
 184              		.loc 1 89 0
 185              		.cfi_startproc
 186              		@ args = 0, pretend = 0, frame = 24
 187              		@ frame_needed = 1, uses_anonymous_args = 0
 188 0000 80B5     		push	{r7, lr}
 189              		.cfi_def_cfa_offset 8
 190              		.cfi_offset 7, -8
 191              		.cfi_offset 14, -4
 192 0002 86B0     		sub	sp, sp, #24
 193              		.cfi_def_cfa_offset 32
 194 0004 00AF     		add	r7, sp, #0
 195              		.cfi_def_cfa_register 7
 196 0006 7860     		str	r0, [r7, #4]
ARM GAS  C:\Users\mgnocco\AppData\Local\Temp\ccMnT5Cc.s 			page 6


 197 0008 3960     		str	r1, [r7]
  90:..\src/Encoder_functions.c **** 	uint32 enc_rx_buffer[3] = {0,0,0};    // One for each Shift register
 198              		.loc 1 90 0
 199 000a 0023     		movs	r3, #0
 200 000c BB60     		str	r3, [r7, #8]
 201 000e 0023     		movs	r3, #0
 202 0010 FB60     		str	r3, [r7, #12]
 203 0012 0023     		movs	r3, #0
 204 0014 3B61     		str	r3, [r7, #16]
  91:..\src/Encoder_functions.c ****     uint8 i = 0;
 205              		.loc 1 91 0
 206 0016 0023     		movs	r3, #0
 207 0018 FB75     		strb	r3, [r7, #23]
  92:..\src/Encoder_functions.c ****         
  93:..\src/Encoder_functions.c ****     enc_rx_buffer[0] = SHIFTREG_ENC_1_ReadData();
 208              		.loc 1 93 0
 209 001a FFF7FEFF 		bl	SHIFTREG_ENC_1_ReadData
 210 001e 0346     		mov	r3, r0
 211 0020 BB60     		str	r3, [r7, #8]
  94:..\src/Encoder_functions.c ****     enc_rx_buffer[1] = SHIFTREG_ENC_2_ReadData();
 212              		.loc 1 94 0
 213 0022 FFF7FEFF 		bl	SHIFTREG_ENC_2_ReadData
 214 0026 0346     		mov	r3, r0
 215 0028 FB60     		str	r3, [r7, #12]
  95:..\src/Encoder_functions.c ****     enc_rx_buffer[2] = SHIFTREG_ENC_3_ReadData();
 216              		.loc 1 95 0
 217 002a FFF7FEFF 		bl	SHIFTREG_ENC_3_ReadData
 218 002e 0346     		mov	r3, r0
 219 0030 3B61     		str	r3, [r7, #16]
  96:..\src/Encoder_functions.c **** 
  97:..\src/Encoder_functions.c ****     // Parse data into Encoder_Check and Encoder_Value vectors
  98:..\src/Encoder_functions.c ****     // Discard first bit of whole packet, parity bits and dummy bits between encoders data
  99:..\src/Encoder_functions.c ****     for (i = 0; i < n_encoders; i++) {
 220              		.loc 1 99 0
 221 0032 0023     		movs	r3, #0
 222 0034 FB75     		strb	r3, [r7, #23]
 223 0036 C9E0     		b	.L8
 224              	.L17:
 100:..\src/Encoder_functions.c ****         switch(i){
 225              		.loc 1 100 0
 226 0038 FB7D     		ldrb	r3, [r7, #23]	@ zero_extendqisi2
 227 003a 042B     		cmp	r3, #4
 228 003c 00F2C280 		bhi	.L18
 229 0040 01A2     		adr	r2, .L11
 230 0042 52F823F0 		ldr	pc, [r2, r3, lsl #2]
 231 0046 00BF     		.p2align 2
 232              	.L11:
 233 0048 5D000000 		.word	.L10+1
 234 004c 99000000 		.word	.L12+1
 235 0050 D1000000 		.word	.L13+1
 236 0054 11010000 		.word	.L14+1
 237 0058 85010000 		.word	.L15+1
 238              		.p2align 1
 239              	.L10:
 101:..\src/Encoder_functions.c ****             case 0:     // First encoder in the line
 102:..\src/Encoder_functions.c ****                 Encoder_Value[n_line][0] = (uint16)((enc_rx_buffer[0] & 0x7FFFF000) >> 19);
 240              		.loc 1 102 0
ARM GAS  C:\Users\mgnocco\AppData\Local\Temp\ccMnT5Cc.s 			page 7


 241 005c BB68     		ldr	r3, [r7, #8]
 242 005e DB0C     		lsrs	r3, r3, #19
 243 0060 9BB2     		uxth	r3, r3
 244 0062 C3F30B03 		ubfx	r3, r3, #0, #12
 245 0066 98B2     		uxth	r0, r3
 246 0068 5D49     		ldr	r1, .L19
 247 006a 3A68     		ldr	r2, [r7]
 248 006c 1346     		mov	r3, r2
 249 006e 9B00     		lsls	r3, r3, #2
 250 0070 1344     		add	r3, r3, r2
 251 0072 5B00     		lsls	r3, r3, #1
 252 0074 0B44     		add	r3, r3, r1
 253 0076 0246     		mov	r2, r0	@ movhi
 254 0078 1A80     		strh	r2, [r3]	@ movhi
 103:..\src/Encoder_functions.c ****                 Encoder_Check[n_line][0] = (uint8)((enc_rx_buffer[0] & 0x0007C000) >> 14);
 255              		.loc 1 103 0
 256 007a BB68     		ldr	r3, [r7, #8]
 257 007c 9B0B     		lsrs	r3, r3, #14
 258 007e DBB2     		uxtb	r3, r3
 259 0080 03F01F03 		and	r3, r3, #31
 260 0084 D8B2     		uxtb	r0, r3
 261 0086 5749     		ldr	r1, .L19+4
 262 0088 3A68     		ldr	r2, [r7]
 263 008a 1346     		mov	r3, r2
 264 008c 9B00     		lsls	r3, r3, #2
 265 008e 1344     		add	r3, r3, r2
 266 0090 0B44     		add	r3, r3, r1
 267 0092 0246     		mov	r2, r0
 268 0094 1A70     		strb	r2, [r3]
 104:..\src/Encoder_functions.c ****             break;
 269              		.loc 1 104 0
 270 0096 96E0     		b	.L16
 271              	.L12:
 105:..\src/Encoder_functions.c ****             case 1:     // Second encoder in the line
 106:..\src/Encoder_functions.c ****                 Encoder_Value[n_line][1] = (uint16)((enc_rx_buffer[0] & 0x00000FFF));
 272              		.loc 1 106 0
 273 0098 BB68     		ldr	r3, [r7, #8]
 274 009a 9BB2     		uxth	r3, r3
 275 009c C3F30B03 		ubfx	r3, r3, #0, #12
 276 00a0 98B2     		uxth	r0, r3
 277 00a2 4F49     		ldr	r1, .L19
 278 00a4 3A68     		ldr	r2, [r7]
 279 00a6 1346     		mov	r3, r2
 280 00a8 9B00     		lsls	r3, r3, #2
 281 00aa 1344     		add	r3, r3, r2
 282 00ac 5B00     		lsls	r3, r3, #1
 283 00ae 0B44     		add	r3, r3, r1
 284 00b0 0233     		adds	r3, r3, #2
 285 00b2 0246     		mov	r2, r0	@ movhi
 286 00b4 1A80     		strh	r2, [r3]	@ movhi
 107:..\src/Encoder_functions.c ****                 Encoder_Check[n_line][1] = (uint8)((enc_rx_buffer[1] & 0xF8000000) >> 27);
 287              		.loc 1 107 0
 288 00b6 FB68     		ldr	r3, [r7, #12]
 289 00b8 DB0E     		lsrs	r3, r3, #27
 290 00ba D8B2     		uxtb	r0, r3
 291 00bc 4949     		ldr	r1, .L19+4
 292 00be 3A68     		ldr	r2, [r7]
ARM GAS  C:\Users\mgnocco\AppData\Local\Temp\ccMnT5Cc.s 			page 8


 293 00c0 1346     		mov	r3, r2
 294 00c2 9B00     		lsls	r3, r3, #2
 295 00c4 1344     		add	r3, r3, r2
 296 00c6 0B44     		add	r3, r3, r1
 297 00c8 0133     		adds	r3, r3, #1
 298 00ca 0246     		mov	r2, r0
 299 00cc 1A70     		strb	r2, [r3]
 108:..\src/Encoder_functions.c ****             break;
 300              		.loc 1 108 0
 301 00ce 7AE0     		b	.L16
 302              	.L13:
 109:..\src/Encoder_functions.c ****             case 2:     // Third encoder in the line
 110:..\src/Encoder_functions.c ****                 Encoder_Value[n_line][2] = (uint16)((enc_rx_buffer[1] & 0x01FFE000) >> 13);
 303              		.loc 1 110 0
 304 00d0 FB68     		ldr	r3, [r7, #12]
 305 00d2 5B0B     		lsrs	r3, r3, #13
 306 00d4 9BB2     		uxth	r3, r3
 307 00d6 C3F30B03 		ubfx	r3, r3, #0, #12
 308 00da 98B2     		uxth	r0, r3
 309 00dc 4049     		ldr	r1, .L19
 310 00de 3A68     		ldr	r2, [r7]
 311 00e0 1346     		mov	r3, r2
 312 00e2 9B00     		lsls	r3, r3, #2
 313 00e4 1344     		add	r3, r3, r2
 314 00e6 5B00     		lsls	r3, r3, #1
 315 00e8 0B44     		add	r3, r3, r1
 316 00ea 0433     		adds	r3, r3, #4
 317 00ec 0246     		mov	r2, r0	@ movhi
 318 00ee 1A80     		strh	r2, [r3]	@ movhi
 111:..\src/Encoder_functions.c ****                 Encoder_Check[n_line][2] = (uint8)((enc_rx_buffer[1] & 0x00001F00) >> 8);
 319              		.loc 1 111 0
 320 00f0 FB68     		ldr	r3, [r7, #12]
 321 00f2 1B0A     		lsrs	r3, r3, #8
 322 00f4 DBB2     		uxtb	r3, r3
 323 00f6 03F01F03 		and	r3, r3, #31
 324 00fa D8B2     		uxtb	r0, r3
 325 00fc 3949     		ldr	r1, .L19+4
 326 00fe 3A68     		ldr	r2, [r7]
 327 0100 1346     		mov	r3, r2
 328 0102 9B00     		lsls	r3, r3, #2
 329 0104 1344     		add	r3, r3, r2
 330 0106 0B44     		add	r3, r3, r1
 331 0108 0233     		adds	r3, r3, #2
 332 010a 0246     		mov	r2, r0
 333 010c 1A70     		strb	r2, [r3]
 112:..\src/Encoder_functions.c ****             break;
 334              		.loc 1 112 0
 335 010e 5AE0     		b	.L16
 336              	.L14:
 113:..\src/Encoder_functions.c ****             case 3:     // Fourth encoder in the line
 114:..\src/Encoder_functions.c ****                 Encoder_Value[n_line][3] = (uint16)((enc_rx_buffer[1] & 0x0000003F));
 337              		.loc 1 114 0
 338 0110 FB68     		ldr	r3, [r7, #12]
 339 0112 9BB2     		uxth	r3, r3
 340 0114 03F03F03 		and	r3, r3, #63
 341 0118 98B2     		uxth	r0, r3
 342 011a 3149     		ldr	r1, .L19
ARM GAS  C:\Users\mgnocco\AppData\Local\Temp\ccMnT5Cc.s 			page 9


 343 011c 3A68     		ldr	r2, [r7]
 344 011e 1346     		mov	r3, r2
 345 0120 9B00     		lsls	r3, r3, #2
 346 0122 1344     		add	r3, r3, r2
 347 0124 5B00     		lsls	r3, r3, #1
 348 0126 0B44     		add	r3, r3, r1
 349 0128 0633     		adds	r3, r3, #6
 350 012a 0246     		mov	r2, r0	@ movhi
 351 012c 1A80     		strh	r2, [r3]	@ movhi
 115:..\src/Encoder_functions.c ****                 Encoder_Value[n_line][3] = (Encoder_Value[n_line][3] << 6) | (uint16)((enc_rx_buffe
 352              		.loc 1 115 0
 353 012e 2C49     		ldr	r1, .L19
 354 0130 3A68     		ldr	r2, [r7]
 355 0132 1346     		mov	r3, r2
 356 0134 9B00     		lsls	r3, r3, #2
 357 0136 1344     		add	r3, r3, r2
 358 0138 5B00     		lsls	r3, r3, #1
 359 013a 0B44     		add	r3, r3, r1
 360 013c 0633     		adds	r3, r3, #6
 361 013e 1B88     		ldrh	r3, [r3]
 362 0140 9B01     		lsls	r3, r3, #6
 363 0142 1AB2     		sxth	r2, r3
 364 0144 3B69     		ldr	r3, [r7, #16]
 365 0146 9B0E     		lsrs	r3, r3, #26
 366 0148 1BB2     		sxth	r3, r3
 367 014a 1343     		orrs	r3, r3, r2
 368 014c 1BB2     		sxth	r3, r3
 369 014e 98B2     		uxth	r0, r3
 370 0150 2349     		ldr	r1, .L19
 371 0152 3A68     		ldr	r2, [r7]
 372 0154 1346     		mov	r3, r2
 373 0156 9B00     		lsls	r3, r3, #2
 374 0158 1344     		add	r3, r3, r2
 375 015a 5B00     		lsls	r3, r3, #1
 376 015c 0B44     		add	r3, r3, r1
 377 015e 0633     		adds	r3, r3, #6
 378 0160 0246     		mov	r2, r0	@ movhi
 379 0162 1A80     		strh	r2, [r3]	@ movhi
 116:..\src/Encoder_functions.c ****                 Encoder_Check[n_line][3] = (uint8)((enc_rx_buffer[2] & 0x03E00000) >> 21);
 380              		.loc 1 116 0
 381 0164 3B69     		ldr	r3, [r7, #16]
 382 0166 5B0D     		lsrs	r3, r3, #21
 383 0168 DBB2     		uxtb	r3, r3
 384 016a 03F01F03 		and	r3, r3, #31
 385 016e D8B2     		uxtb	r0, r3
 386 0170 1C49     		ldr	r1, .L19+4
 387 0172 3A68     		ldr	r2, [r7]
 388 0174 1346     		mov	r3, r2
 389 0176 9B00     		lsls	r3, r3, #2
 390 0178 1344     		add	r3, r3, r2
 391 017a 0B44     		add	r3, r3, r1
 392 017c 0333     		adds	r3, r3, #3
 393 017e 0246     		mov	r2, r0
 394 0180 1A70     		strb	r2, [r3]
 117:..\src/Encoder_functions.c ****             break;
 395              		.loc 1 117 0
 396 0182 20E0     		b	.L16
ARM GAS  C:\Users\mgnocco\AppData\Local\Temp\ccMnT5Cc.s 			page 10


 397              	.L15:
 118:..\src/Encoder_functions.c ****             case 4:     // Fifth encoder in the line
 119:..\src/Encoder_functions.c ****                 Encoder_Value[n_line][4] = (uint16)((enc_rx_buffer[2] & 0x0007FF80) >> 7);
 398              		.loc 1 119 0
 399 0184 3B69     		ldr	r3, [r7, #16]
 400 0186 DB09     		lsrs	r3, r3, #7
 401 0188 9BB2     		uxth	r3, r3
 402 018a C3F30B03 		ubfx	r3, r3, #0, #12
 403 018e 98B2     		uxth	r0, r3
 404 0190 1349     		ldr	r1, .L19
 405 0192 3A68     		ldr	r2, [r7]
 406 0194 1346     		mov	r3, r2
 407 0196 9B00     		lsls	r3, r3, #2
 408 0198 1344     		add	r3, r3, r2
 409 019a 5B00     		lsls	r3, r3, #1
 410 019c 0B44     		add	r3, r3, r1
 411 019e 0833     		adds	r3, r3, #8
 412 01a0 0246     		mov	r2, r0	@ movhi
 413 01a2 1A80     		strh	r2, [r3]	@ movhi
 120:..\src/Encoder_functions.c ****                 Encoder_Check[n_line][4] = (uint8)((enc_rx_buffer[2] & 0x0000007C) >> 2);
 414              		.loc 1 120 0
 415 01a4 3B69     		ldr	r3, [r7, #16]
 416 01a6 9B08     		lsrs	r3, r3, #2
 417 01a8 DBB2     		uxtb	r3, r3
 418 01aa 03F01F03 		and	r3, r3, #31
 419 01ae D8B2     		uxtb	r0, r3
 420 01b0 0C49     		ldr	r1, .L19+4
 421 01b2 3A68     		ldr	r2, [r7]
 422 01b4 1346     		mov	r3, r2
 423 01b6 9B00     		lsls	r3, r3, #2
 424 01b8 1344     		add	r3, r3, r2
 425 01ba 0B44     		add	r3, r3, r1
 426 01bc 0433     		adds	r3, r3, #4
 427 01be 0246     		mov	r2, r0
 428 01c0 1A70     		strb	r2, [r3]
 121:..\src/Encoder_functions.c ****             break;
 429              		.loc 1 121 0
 430 01c2 00E0     		b	.L16
 431              	.L18:
 122:..\src/Encoder_functions.c ****             default:
 123:..\src/Encoder_functions.c ****             break;
 432              		.loc 1 123 0
 433 01c4 00BF     		nop
 434              	.L16:
  99:..\src/Encoder_functions.c ****         switch(i){
 435              		.loc 1 99 0 discriminator 2
 436 01c6 FB7D     		ldrb	r3, [r7, #23]	@ zero_extendqisi2
 437 01c8 0133     		adds	r3, r3, #1
 438 01ca FB75     		strb	r3, [r7, #23]
 439              	.L8:
  99:..\src/Encoder_functions.c ****         switch(i){
 440              		.loc 1 99 0 is_stmt 0 discriminator 1
 441 01cc FA7D     		ldrb	r2, [r7, #23]	@ zero_extendqisi2
 442 01ce 7B68     		ldr	r3, [r7, #4]
 443 01d0 9A42     		cmp	r2, r3
 444 01d2 FFF631AF 		blt	.L17
 124:..\src/Encoder_functions.c ****         }
ARM GAS  C:\Users\mgnocco\AppData\Local\Temp\ccMnT5Cc.s 			page 11


 125:..\src/Encoder_functions.c ****     }
 126:..\src/Encoder_functions.c **** }...
 445              		.loc 1 126 0 is_stmt 1
 446 01d6 00BF     		nop
 447 01d8 1837     		adds	r7, r7, #24
 448              		.cfi_def_cfa_offset 8
 449 01da BD46     		mov	sp, r7
 450              		.cfi_def_cfa_register 13
 451              		@ sp needed
 452 01dc 80BD     		pop	{r7, pc}
 453              	.L20:
 454 01de 00BF     		.align	2
 455              	.L19:
 456 01e0 00000000 		.word	Encoder_Value
 457 01e4 00000000 		.word	Encoder_Check
 458              		.cfi_endproc
 459              	.LFE68:
 460              		.size	ReadEncoderLine, .-ReadEncoderLine
 461              		.text
 462              	.Letext0:
 463              		.file 2 "c:\\program files (x86)\\cypress\\psoc creator\\4.4\\psoc creator\\import\\gnu\\arm\\5.4.
 464              		.file 3 "c:\\program files (x86)\\cypress\\psoc creator\\4.4\\psoc creator\\import\\gnu\\arm\\5.4.
 465              		.file 4 "Generated_Source\\PSoC5/cytypes.h"
 466              		.file 5 "Generated_Source\\PSoC5/core_cm3.h"
 467              		.file 6 "..\\src\\globals.h"
 468              		.section	.debug_info,"",%progbits
 469              	.Ldebug_info0:
 470 0000 4E020000 		.4byte	0x24e
 471 0004 0400     		.2byte	0x4
 472 0006 00000000 		.4byte	.Ldebug_abbrev0
 473 000a 04       		.byte	0x4
 474 000b 01       		.uleb128 0x1
 475 000c 00000000 		.4byte	.LASF36
 476 0010 0C       		.byte	0xc
 477 0011 A1010000 		.4byte	.LASF37
 478 0015 A8000000 		.4byte	.LASF38
 479 0019 00000000 		.4byte	.Ldebug_ranges0+0
 480 001d 00000000 		.4byte	0
 481 0021 00000000 		.4byte	.Ldebug_line0
 482 0025 02       		.uleb128 0x2
 483 0026 01       		.byte	0x1
 484 0027 06       		.byte	0x6
 485 0028 CA020000 		.4byte	.LASF0
 486 002c 02       		.uleb128 0x2
 487 002d 01       		.byte	0x1
 488 002e 08       		.byte	0x8
 489 002f 1A010000 		.4byte	.LASF1
 490 0033 02       		.uleb128 0x2
 491 0034 02       		.byte	0x2
 492 0035 05       		.byte	0x5
 493 0036 8D020000 		.4byte	.LASF2
 494 003a 02       		.uleb128 0x2
 495 003b 02       		.byte	0x2
 496 003c 07       		.byte	0x7
 497 003d E2000000 		.4byte	.LASF3
 498 0041 03       		.uleb128 0x3
 499 0042 8E000000 		.4byte	.LASF9
ARM GAS  C:\Users\mgnocco\AppData\Local\Temp\ccMnT5Cc.s 			page 12


 500 0046 02       		.byte	0x2
 501 0047 3F       		.byte	0x3f
 502 0048 4C000000 		.4byte	0x4c
 503 004c 02       		.uleb128 0x2
 504 004d 04       		.byte	0x4
 505 004e 05       		.byte	0x5
 506 004f B5020000 		.4byte	.LASF4
 507 0053 02       		.uleb128 0x2
 508 0054 04       		.byte	0x4
 509 0055 07       		.byte	0x7
 510 0056 28010000 		.4byte	.LASF5
 511 005a 02       		.uleb128 0x2
 512 005b 08       		.byte	0x8
 513 005c 05       		.byte	0x5
 514 005d 5C020000 		.4byte	.LASF6
 515 0061 02       		.uleb128 0x2
 516 0062 08       		.byte	0x8
 517 0063 07       		.byte	0x7
 518 0064 D6020000 		.4byte	.LASF7
 519 0068 04       		.uleb128 0x4
 520 0069 04       		.byte	0x4
 521 006a 05       		.byte	0x5
 522 006b 696E7400 		.ascii	"int\000"
 523 006f 02       		.uleb128 0x2
 524 0070 04       		.byte	0x4
 525 0071 07       		.byte	0x7
 526 0072 F5000000 		.4byte	.LASF8
 527 0076 03       		.uleb128 0x3
 528 0077 4B020000 		.4byte	.LASF10
 529 007b 03       		.byte	0x3
 530 007c 2C       		.byte	0x2c
 531 007d 41000000 		.4byte	0x41
 532 0081 05       		.uleb128 0x5
 533 0082 97020000 		.4byte	.LASF11
 534 0086 04       		.byte	0x4
 535 0087 E401     		.2byte	0x1e4
 536 0089 2C000000 		.4byte	0x2c
 537 008d 05       		.uleb128 0x5
 538 008e BC010000 		.4byte	.LASF12
 539 0092 04       		.byte	0x4
 540 0093 E501     		.2byte	0x1e5
 541 0095 3A000000 		.4byte	0x3a
 542 0099 05       		.uleb128 0x5
 543 009a C3010000 		.4byte	.LASF13
 544 009e 04       		.byte	0x4
 545 009f E601     		.2byte	0x1e6
 546 00a1 53000000 		.4byte	0x53
 547 00a5 02       		.uleb128 0x2
 548 00a6 04       		.byte	0x4
 549 00a7 04       		.byte	0x4
 550 00a8 0D010000 		.4byte	.LASF14
 551 00ac 02       		.uleb128 0x2
 552 00ad 08       		.byte	0x8
 553 00ae 04       		.byte	0x4
 554 00af 9A010000 		.4byte	.LASF15
 555 00b3 02       		.uleb128 0x2
 556 00b4 01       		.byte	0x1
ARM GAS  C:\Users\mgnocco\AppData\Local\Temp\ccMnT5Cc.s 			page 13


 557 00b5 08       		.byte	0x8
 558 00b6 E2010000 		.4byte	.LASF16
 559 00ba 02       		.uleb128 0x2
 560 00bb 08       		.byte	0x8
 561 00bc 04       		.byte	0x4
 562 00bd BE020000 		.4byte	.LASF17
 563 00c1 02       		.uleb128 0x2
 564 00c2 04       		.byte	0x4
 565 00c3 07       		.byte	0x7
 566 00c4 53020000 		.4byte	.LASF18
 567 00c8 06       		.uleb128 0x6
 568 00c9 F4010000 		.4byte	.LASF23
 569 00cd 01       		.byte	0x1
 570 00ce 32       		.byte	0x32
 571 00cf 00000000 		.4byte	.LFB64
 572 00d3 3A000000 		.4byte	.LFE64-.LFB64
 573 00d7 01       		.uleb128 0x1
 574 00d8 9C       		.byte	0x9c
 575 00d9 2D010000 		.4byte	0x12d
 576 00dd 07       		.uleb128 0x7
 577 00de 6E00     		.ascii	"n\000"
 578 00e0 01       		.byte	0x1
 579 00e1 32       		.byte	0x32
 580 00e2 68000000 		.4byte	0x68
 581 00e6 02       		.uleb128 0x2
 582 00e7 91       		.byte	0x91
 583 00e8 74       		.sleb128 -12
 584 00e9 08       		.uleb128 0x8
 585 00ea 08000000 		.4byte	.LBB2
 586 00ee 2A000000 		.4byte	.LBE2-.LBB2
 587 00f2 09       		.uleb128 0x9
 588 00f3 0A020000 		.4byte	.LASF19
 589 00f7 01       		.byte	0x1
 590 00f8 35       		.byte	0x35
 591 00f9 68000000 		.4byte	0x68
 592 00fd 03010000 		.4byte	0x103
 593 0101 0A       		.uleb128 0xa
 594 0102 00       		.byte	0
 595 0103 08       		.uleb128 0x8
 596 0104 14000000 		.4byte	.LBB3
 597 0108 1E000000 		.4byte	.LBE3-.LBB3
 598 010c 09       		.uleb128 0x9
 599 010d 28020000 		.4byte	.LASF20
 600 0111 01       		.byte	0x1
 601 0112 36       		.byte	0x36
 602 0113 68000000 		.4byte	0x68
 603 0117 1D010000 		.4byte	0x11d
 604 011b 0A       		.uleb128 0xa
 605 011c 00       		.byte	0
 606 011d 0B       		.uleb128 0xb
 607 011e 7B010000 		.4byte	.LASF31
 608 0122 01       		.byte	0x1
 609 0123 38       		.byte	0x38
 610 0124 68000000 		.4byte	0x68
 611 0128 0A       		.uleb128 0xa
 612 0129 00       		.byte	0
 613 012a 00       		.byte	0
ARM GAS  C:\Users\mgnocco\AppData\Local\Temp\ccMnT5Cc.s 			page 14


 614 012b 00       		.byte	0
 615 012c 00       		.byte	0
 616 012d 0C       		.uleb128 0xc
 617 012e E7010000 		.4byte	.LASF21
 618 0132 01       		.byte	0x1
 619 0133 41       		.byte	0x41
 620 0134 00000000 		.4byte	.LFB65
 621 0138 18000000 		.4byte	.LFE65-.LFB65
 622 013c 01       		.uleb128 0x1
 623 013d 9C       		.byte	0x9c
 624 013e 0D       		.uleb128 0xd
 625 013f 6A020000 		.4byte	.LASF22
 626 0143 01       		.byte	0x1
 627 0144 4B       		.byte	0x4b
 628 0145 00000000 		.4byte	.LFB66
 629 0149 0C000000 		.4byte	.LFE66-.LFB66
 630 014d 01       		.uleb128 0x1
 631 014e 9C       		.byte	0x9c
 632 014f 0E       		.uleb128 0xe
 633 0150 98000000 		.4byte	.LASF24
 634 0154 01       		.byte	0x1
 635 0155 52       		.byte	0x52
 636 0156 00000000 		.4byte	.LFB67
 637 015a 14000000 		.4byte	.LFE67-.LFB67
 638 015e 01       		.uleb128 0x1
 639 015f 9C       		.byte	0x9c
 640 0160 71010000 		.4byte	0x171
 641 0164 07       		.uleb128 0x7
 642 0165 6E00     		.ascii	"n\000"
 643 0167 01       		.byte	0x1
 644 0168 52       		.byte	0x52
 645 0169 81000000 		.4byte	0x81
 646 016d 02       		.uleb128 0x2
 647 016e 91       		.byte	0x91
 648 016f 77       		.sleb128 -9
 649 0170 00       		.byte	0
 650 0171 06       		.uleb128 0x6
 651 0172 7D020000 		.4byte	.LASF25
 652 0176 01       		.byte	0x1
 653 0177 58       		.byte	0x58
 654 0178 00000000 		.4byte	.LFB68
 655 017c E8010000 		.4byte	.LFE68-.LFB68
 656 0180 01       		.uleb128 0x1
 657 0181 9C       		.byte	0x9c
 658 0182 EC010000 		.4byte	0x1ec
 659 0186 0F       		.uleb128 0xf
 660 0187 02010000 		.4byte	.LASF26
 661 018b 01       		.byte	0x1
 662 018c 58       		.byte	0x58
 663 018d 68000000 		.4byte	0x68
 664 0191 02       		.uleb128 0x2
 665 0192 91       		.byte	0x91
 666 0193 64       		.sleb128 -28
 667 0194 0F       		.uleb128 0xf
 668 0195 13010000 		.4byte	.LASF27
 669 0199 01       		.byte	0x1
 670 019a 58       		.byte	0x58
ARM GAS  C:\Users\mgnocco\AppData\Local\Temp\ccMnT5Cc.s 			page 15


 671 019b 68000000 		.4byte	0x68
 672 019f 02       		.uleb128 0x2
 673 01a0 91       		.byte	0x91
 674 01a1 60       		.sleb128 -32
 675 01a2 10       		.uleb128 0x10
 676 01a3 3D020000 		.4byte	.LASF28
 677 01a7 01       		.byte	0x1
 678 01a8 5A       		.byte	0x5a
 679 01a9 EC010000 		.4byte	0x1ec
 680 01ad 02       		.uleb128 0x2
 681 01ae 91       		.byte	0x91
 682 01af 68       		.sleb128 -24
 683 01b0 11       		.uleb128 0x11
 684 01b1 6900     		.ascii	"i\000"
 685 01b3 01       		.byte	0x1
 686 01b4 5B       		.byte	0x5b
 687 01b5 81000000 		.4byte	0x81
 688 01b9 02       		.uleb128 0x2
 689 01ba 91       		.byte	0x91
 690 01bb 77       		.sleb128 -9
 691 01bc 09       		.uleb128 0x9
 692 01bd 9D020000 		.4byte	.LASF29
 693 01c1 01       		.byte	0x1
 694 01c2 5D       		.byte	0x5d
 695 01c3 68000000 		.4byte	0x68
 696 01c7 CD010000 		.4byte	0x1cd
 697 01cb 0A       		.uleb128 0xa
 698 01cc 00       		.byte	0
 699 01cd 09       		.uleb128 0x9
 700 01ce 3A010000 		.4byte	.LASF30
 701 01d2 01       		.byte	0x1
 702 01d3 5E       		.byte	0x5e
 703 01d4 68000000 		.4byte	0x68
 704 01d8 DE010000 		.4byte	0x1de
 705 01dc 0A       		.uleb128 0xa
 706 01dd 00       		.byte	0
 707 01de 0B       		.uleb128 0xb
 708 01df CA010000 		.4byte	.LASF32
 709 01e3 01       		.byte	0x1
 710 01e4 5F       		.byte	0x5f
 711 01e5 68000000 		.4byte	0x68
 712 01e9 0A       		.uleb128 0xa
 713 01ea 00       		.byte	0
 714 01eb 00       		.byte	0
 715 01ec 12       		.uleb128 0x12
 716 01ed 99000000 		.4byte	0x99
 717 01f1 FC010000 		.4byte	0x1fc
 718 01f5 13       		.uleb128 0x13
 719 01f6 C1000000 		.4byte	0xc1
 720 01fa 02       		.byte	0x2
 721 01fb 00       		.byte	0
 722 01fc 14       		.uleb128 0x14
 723 01fd 6E010000 		.4byte	.LASF33
 724 0201 05       		.byte	0x5
 725 0202 1207     		.2byte	0x712
 726 0204 08020000 		.4byte	0x208
 727 0208 15       		.uleb128 0x15
ARM GAS  C:\Users\mgnocco\AppData\Local\Temp\ccMnT5Cc.s 			page 16


 728 0209 76000000 		.4byte	0x76
 729 020d 12       		.uleb128 0x12
 730 020e 8D000000 		.4byte	0x8d
 731 0212 23020000 		.4byte	0x223
 732 0216 13       		.uleb128 0x13
 733 0217 C1000000 		.4byte	0xc1
 734 021b 01       		.byte	0x1
 735 021c 13       		.uleb128 0x13
 736 021d C1000000 		.4byte	0xc1
 737 0221 04       		.byte	0x4
 738 0222 00       		.byte	0
 739 0223 14       		.uleb128 0x14
 740 0224 60010000 		.4byte	.LASF34
 741 0228 06       		.byte	0x6
 742 0229 5602     		.2byte	0x256
 743 022b 0D020000 		.4byte	0x20d
 744 022f 12       		.uleb128 0x12
 745 0230 81000000 		.4byte	0x81
 746 0234 45020000 		.4byte	0x245
 747 0238 13       		.uleb128 0x13
 748 0239 C1000000 		.4byte	0xc1
 749 023d 01       		.byte	0x1
 750 023e 13       		.uleb128 0x13
 751 023f C1000000 		.4byte	0xc1
 752 0243 04       		.byte	0x4
 753 0244 00       		.byte	0
 754 0245 14       		.uleb128 0x14
 755 0246 52010000 		.4byte	.LASF35
 756 024a 06       		.byte	0x6
 757 024b 5702     		.2byte	0x257
 758 024d 2F020000 		.4byte	0x22f
 759 0251 00       		.byte	0
 760              		.section	.debug_abbrev,"",%progbits
 761              	.Ldebug_abbrev0:
 762 0000 01       		.uleb128 0x1
 763 0001 11       		.uleb128 0x11
 764 0002 01       		.byte	0x1
 765 0003 25       		.uleb128 0x25
 766 0004 0E       		.uleb128 0xe
 767 0005 13       		.uleb128 0x13
 768 0006 0B       		.uleb128 0xb
 769 0007 03       		.uleb128 0x3
 770 0008 0E       		.uleb128 0xe
 771 0009 1B       		.uleb128 0x1b
 772 000a 0E       		.uleb128 0xe
 773 000b 55       		.uleb128 0x55
 774 000c 17       		.uleb128 0x17
 775 000d 11       		.uleb128 0x11
 776 000e 01       		.uleb128 0x1
 777 000f 10       		.uleb128 0x10
 778 0010 17       		.uleb128 0x17
 779 0011 00       		.byte	0
 780 0012 00       		.byte	0
 781 0013 02       		.uleb128 0x2
 782 0014 24       		.uleb128 0x24
 783 0015 00       		.byte	0
 784 0016 0B       		.uleb128 0xb
ARM GAS  C:\Users\mgnocco\AppData\Local\Temp\ccMnT5Cc.s 			page 17


 785 0017 0B       		.uleb128 0xb
 786 0018 3E       		.uleb128 0x3e
 787 0019 0B       		.uleb128 0xb
 788 001a 03       		.uleb128 0x3
 789 001b 0E       		.uleb128 0xe
 790 001c 00       		.byte	0
 791 001d 00       		.byte	0
 792 001e 03       		.uleb128 0x3
 793 001f 16       		.uleb128 0x16
 794 0020 00       		.byte	0
 795 0021 03       		.uleb128 0x3
 796 0022 0E       		.uleb128 0xe
 797 0023 3A       		.uleb128 0x3a
 798 0024 0B       		.uleb128 0xb
 799 0025 3B       		.uleb128 0x3b
 800 0026 0B       		.uleb128 0xb
 801 0027 49       		.uleb128 0x49
 802 0028 13       		.uleb128 0x13
 803 0029 00       		.byte	0
 804 002a 00       		.byte	0
 805 002b 04       		.uleb128 0x4
 806 002c 24       		.uleb128 0x24
 807 002d 00       		.byte	0
 808 002e 0B       		.uleb128 0xb
 809 002f 0B       		.uleb128 0xb
 810 0030 3E       		.uleb128 0x3e
 811 0031 0B       		.uleb128 0xb
 812 0032 03       		.uleb128 0x3
 813 0033 08       		.uleb128 0x8
 814 0034 00       		.byte	0
 815 0035 00       		.byte	0
 816 0036 05       		.uleb128 0x5
 817 0037 16       		.uleb128 0x16
 818 0038 00       		.byte	0
 819 0039 03       		.uleb128 0x3
 820 003a 0E       		.uleb128 0xe
 821 003b 3A       		.uleb128 0x3a
 822 003c 0B       		.uleb128 0xb
 823 003d 3B       		.uleb128 0x3b
 824 003e 05       		.uleb128 0x5
 825 003f 49       		.uleb128 0x49
 826 0040 13       		.uleb128 0x13
 827 0041 00       		.byte	0
 828 0042 00       		.byte	0
 829 0043 06       		.uleb128 0x6
 830 0044 2E       		.uleb128 0x2e
 831 0045 01       		.byte	0x1
 832 0046 3F       		.uleb128 0x3f
 833 0047 19       		.uleb128 0x19
 834 0048 03       		.uleb128 0x3
 835 0049 0E       		.uleb128 0xe
 836 004a 3A       		.uleb128 0x3a
 837 004b 0B       		.uleb128 0xb
 838 004c 3B       		.uleb128 0x3b
 839 004d 0B       		.uleb128 0xb
 840 004e 27       		.uleb128 0x27
 841 004f 19       		.uleb128 0x19
ARM GAS  C:\Users\mgnocco\AppData\Local\Temp\ccMnT5Cc.s 			page 18


 842 0050 11       		.uleb128 0x11
 843 0051 01       		.uleb128 0x1
 844 0052 12       		.uleb128 0x12
 845 0053 06       		.uleb128 0x6
 846 0054 40       		.uleb128 0x40
 847 0055 18       		.uleb128 0x18
 848 0056 9642     		.uleb128 0x2116
 849 0058 19       		.uleb128 0x19
 850 0059 01       		.uleb128 0x1
 851 005a 13       		.uleb128 0x13
 852 005b 00       		.byte	0
 853 005c 00       		.byte	0
 854 005d 07       		.uleb128 0x7
 855 005e 05       		.uleb128 0x5
 856 005f 00       		.byte	0
 857 0060 03       		.uleb128 0x3
 858 0061 08       		.uleb128 0x8
 859 0062 3A       		.uleb128 0x3a
 860 0063 0B       		.uleb128 0xb
 861 0064 3B       		.uleb128 0x3b
 862 0065 0B       		.uleb128 0xb
 863 0066 49       		.uleb128 0x49
 864 0067 13       		.uleb128 0x13
 865 0068 02       		.uleb128 0x2
 866 0069 18       		.uleb128 0x18
 867 006a 00       		.byte	0
 868 006b 00       		.byte	0
 869 006c 08       		.uleb128 0x8
 870 006d 0B       		.uleb128 0xb
 871 006e 01       		.byte	0x1
 872 006f 11       		.uleb128 0x11
 873 0070 01       		.uleb128 0x1
 874 0071 12       		.uleb128 0x12
 875 0072 06       		.uleb128 0x6
 876 0073 00       		.byte	0
 877 0074 00       		.byte	0
 878 0075 09       		.uleb128 0x9
 879 0076 2E       		.uleb128 0x2e
 880 0077 01       		.byte	0x1
 881 0078 3F       		.uleb128 0x3f
 882 0079 19       		.uleb128 0x19
 883 007a 03       		.uleb128 0x3
 884 007b 0E       		.uleb128 0xe
 885 007c 3A       		.uleb128 0x3a
 886 007d 0B       		.uleb128 0xb
 887 007e 3B       		.uleb128 0x3b
 888 007f 0B       		.uleb128 0xb
 889 0080 49       		.uleb128 0x49
 890 0081 13       		.uleb128 0x13
 891 0082 3C       		.uleb128 0x3c
 892 0083 19       		.uleb128 0x19
 893 0084 01       		.uleb128 0x1
 894 0085 13       		.uleb128 0x13
 895 0086 00       		.byte	0
 896 0087 00       		.byte	0
 897 0088 0A       		.uleb128 0xa
 898 0089 18       		.uleb128 0x18
ARM GAS  C:\Users\mgnocco\AppData\Local\Temp\ccMnT5Cc.s 			page 19


 899 008a 00       		.byte	0
 900 008b 00       		.byte	0
 901 008c 00       		.byte	0
 902 008d 0B       		.uleb128 0xb
 903 008e 2E       		.uleb128 0x2e
 904 008f 01       		.byte	0x1
 905 0090 3F       		.uleb128 0x3f
 906 0091 19       		.uleb128 0x19
 907 0092 03       		.uleb128 0x3
 908 0093 0E       		.uleb128 0xe
 909 0094 3A       		.uleb128 0x3a
 910 0095 0B       		.uleb128 0xb
 911 0096 3B       		.uleb128 0x3b
 912 0097 0B       		.uleb128 0xb
 913 0098 49       		.uleb128 0x49
 914 0099 13       		.uleb128 0x13
 915 009a 3C       		.uleb128 0x3c
 916 009b 19       		.uleb128 0x19
 917 009c 00       		.byte	0
 918 009d 00       		.byte	0
 919 009e 0C       		.uleb128 0xc
 920 009f 2E       		.uleb128 0x2e
 921 00a0 00       		.byte	0
 922 00a1 3F       		.uleb128 0x3f
 923 00a2 19       		.uleb128 0x19
 924 00a3 03       		.uleb128 0x3
 925 00a4 0E       		.uleb128 0xe
 926 00a5 3A       		.uleb128 0x3a
 927 00a6 0B       		.uleb128 0xb
 928 00a7 3B       		.uleb128 0x3b
 929 00a8 0B       		.uleb128 0xb
 930 00a9 11       		.uleb128 0x11
 931 00aa 01       		.uleb128 0x1
 932 00ab 12       		.uleb128 0x12
 933 00ac 06       		.uleb128 0x6
 934 00ad 40       		.uleb128 0x40
 935 00ae 18       		.uleb128 0x18
 936 00af 9642     		.uleb128 0x2116
 937 00b1 19       		.uleb128 0x19
 938 00b2 00       		.byte	0
 939 00b3 00       		.byte	0
 940 00b4 0D       		.uleb128 0xd
 941 00b5 2E       		.uleb128 0x2e
 942 00b6 00       		.byte	0
 943 00b7 3F       		.uleb128 0x3f
 944 00b8 19       		.uleb128 0x19
 945 00b9 03       		.uleb128 0x3
 946 00ba 0E       		.uleb128 0xe
 947 00bb 3A       		.uleb128 0x3a
 948 00bc 0B       		.uleb128 0xb
 949 00bd 3B       		.uleb128 0x3b
 950 00be 0B       		.uleb128 0xb
 951 00bf 11       		.uleb128 0x11
 952 00c0 01       		.uleb128 0x1
 953 00c1 12       		.uleb128 0x12
 954 00c2 06       		.uleb128 0x6
 955 00c3 40       		.uleb128 0x40
ARM GAS  C:\Users\mgnocco\AppData\Local\Temp\ccMnT5Cc.s 			page 20


 956 00c4 18       		.uleb128 0x18
 957 00c5 9742     		.uleb128 0x2117
 958 00c7 19       		.uleb128 0x19
 959 00c8 00       		.byte	0
 960 00c9 00       		.byte	0
 961 00ca 0E       		.uleb128 0xe
 962 00cb 2E       		.uleb128 0x2e
 963 00cc 01       		.byte	0x1
 964 00cd 3F       		.uleb128 0x3f
 965 00ce 19       		.uleb128 0x19
 966 00cf 03       		.uleb128 0x3
 967 00d0 0E       		.uleb128 0xe
 968 00d1 3A       		.uleb128 0x3a
 969 00d2 0B       		.uleb128 0xb
 970 00d3 3B       		.uleb128 0x3b
 971 00d4 0B       		.uleb128 0xb
 972 00d5 27       		.uleb128 0x27
 973 00d6 19       		.uleb128 0x19
 974 00d7 11       		.uleb128 0x11
 975 00d8 01       		.uleb128 0x1
 976 00d9 12       		.uleb128 0x12
 977 00da 06       		.uleb128 0x6
 978 00db 40       		.uleb128 0x40
 979 00dc 18       		.uleb128 0x18
 980 00dd 9742     		.uleb128 0x2117
 981 00df 19       		.uleb128 0x19
 982 00e0 01       		.uleb128 0x1
 983 00e1 13       		.uleb128 0x13
 984 00e2 00       		.byte	0
 985 00e3 00       		.byte	0
 986 00e4 0F       		.uleb128 0xf
 987 00e5 05       		.uleb128 0x5
 988 00e6 00       		.byte	0
 989 00e7 03       		.uleb128 0x3
 990 00e8 0E       		.uleb128 0xe
 991 00e9 3A       		.uleb128 0x3a
 992 00ea 0B       		.uleb128 0xb
 993 00eb 3B       		.uleb128 0x3b
 994 00ec 0B       		.uleb128 0xb
 995 00ed 49       		.uleb128 0x49
 996 00ee 13       		.uleb128 0x13
 997 00ef 02       		.uleb128 0x2
 998 00f0 18       		.uleb128 0x18
 999 00f1 00       		.byte	0
 1000 00f2 00       		.byte	0
 1001 00f3 10       		.uleb128 0x10
 1002 00f4 34       		.uleb128 0x34
 1003 00f5 00       		.byte	0
 1004 00f6 03       		.uleb128 0x3
 1005 00f7 0E       		.uleb128 0xe
 1006 00f8 3A       		.uleb128 0x3a
 1007 00f9 0B       		.uleb128 0xb
 1008 00fa 3B       		.uleb128 0x3b
 1009 00fb 0B       		.uleb128 0xb
 1010 00fc 49       		.uleb128 0x49
 1011 00fd 13       		.uleb128 0x13
 1012 00fe 02       		.uleb128 0x2
ARM GAS  C:\Users\mgnocco\AppData\Local\Temp\ccMnT5Cc.s 			page 21


 1013 00ff 18       		.uleb128 0x18
 1014 0100 00       		.byte	0
 1015 0101 00       		.byte	0
 1016 0102 11       		.uleb128 0x11
 1017 0103 34       		.uleb128 0x34
 1018 0104 00       		.byte	0
 1019 0105 03       		.uleb128 0x3
 1020 0106 08       		.uleb128 0x8
 1021 0107 3A       		.uleb128 0x3a
 1022 0108 0B       		.uleb128 0xb
 1023 0109 3B       		.uleb128 0x3b
 1024 010a 0B       		.uleb128 0xb
 1025 010b 49       		.uleb128 0x49
 1026 010c 13       		.uleb128 0x13
 1027 010d 02       		.uleb128 0x2
 1028 010e 18       		.uleb128 0x18
 1029 010f 00       		.byte	0
 1030 0110 00       		.byte	0
 1031 0111 12       		.uleb128 0x12
 1032 0112 01       		.uleb128 0x1
 1033 0113 01       		.byte	0x1
 1034 0114 49       		.uleb128 0x49
 1035 0115 13       		.uleb128 0x13
 1036 0116 01       		.uleb128 0x1
 1037 0117 13       		.uleb128 0x13
 1038 0118 00       		.byte	0
 1039 0119 00       		.byte	0
 1040 011a 13       		.uleb128 0x13
 1041 011b 21       		.uleb128 0x21
 1042 011c 00       		.byte	0
 1043 011d 49       		.uleb128 0x49
 1044 011e 13       		.uleb128 0x13
 1045 011f 2F       		.uleb128 0x2f
 1046 0120 0B       		.uleb128 0xb
 1047 0121 00       		.byte	0
 1048 0122 00       		.byte	0
 1049 0123 14       		.uleb128 0x14
 1050 0124 34       		.uleb128 0x34
 1051 0125 00       		.byte	0
 1052 0126 03       		.uleb128 0x3
 1053 0127 0E       		.uleb128 0xe
 1054 0128 3A       		.uleb128 0x3a
 1055 0129 0B       		.uleb128 0xb
 1056 012a 3B       		.uleb128 0x3b
 1057 012b 05       		.uleb128 0x5
 1058 012c 49       		.uleb128 0x49
 1059 012d 13       		.uleb128 0x13
 1060 012e 3F       		.uleb128 0x3f
 1061 012f 19       		.uleb128 0x19
 1062 0130 3C       		.uleb128 0x3c
 1063 0131 19       		.uleb128 0x19
 1064 0132 00       		.byte	0
 1065 0133 00       		.byte	0
 1066 0134 15       		.uleb128 0x15
 1067 0135 35       		.uleb128 0x35
 1068 0136 00       		.byte	0
 1069 0137 49       		.uleb128 0x49
ARM GAS  C:\Users\mgnocco\AppData\Local\Temp\ccMnT5Cc.s 			page 22


 1070 0138 13       		.uleb128 0x13
 1071 0139 00       		.byte	0
 1072 013a 00       		.byte	0
 1073 013b 00       		.byte	0
 1074              		.section	.debug_aranges,"",%progbits
 1075 0000 3C000000 		.4byte	0x3c
 1076 0004 0200     		.2byte	0x2
 1077 0006 00000000 		.4byte	.Ldebug_info0
 1078 000a 04       		.byte	0x4
 1079 000b 00       		.byte	0
 1080 000c 0000     		.2byte	0
 1081 000e 0000     		.2byte	0
 1082 0010 00000000 		.4byte	.LFB64
 1083 0014 3A000000 		.4byte	.LFE64-.LFB64
 1084 0018 00000000 		.4byte	.LFB65
 1085 001c 18000000 		.4byte	.LFE65-.LFB65
 1086 0020 00000000 		.4byte	.LFB66
 1087 0024 0C000000 		.4byte	.LFE66-.LFB66
 1088 0028 00000000 		.4byte	.LFB67
 1089 002c 14000000 		.4byte	.LFE67-.LFB67
 1090 0030 00000000 		.4byte	.LFB68
 1091 0034 E8010000 		.4byte	.LFE68-.LFB68
 1092 0038 00000000 		.4byte	0
 1093 003c 00000000 		.4byte	0
 1094              		.section	.debug_ranges,"",%progbits
 1095              	.Ldebug_ranges0:
 1096 0000 00000000 		.4byte	.LFB64
 1097 0004 3A000000 		.4byte	.LFE64
 1098 0008 00000000 		.4byte	.LFB65
 1099 000c 18000000 		.4byte	.LFE65
 1100 0010 00000000 		.4byte	.LFB66
 1101 0014 0C000000 		.4byte	.LFE66
 1102 0018 00000000 		.4byte	.LFB67
 1103 001c 14000000 		.4byte	.LFE67
 1104 0020 00000000 		.4byte	.LFB68
 1105 0024 E8010000 		.4byte	.LFE68
 1106 0028 00000000 		.4byte	0
 1107 002c 00000000 		.4byte	0
 1108              		.section	.debug_line,"",%progbits
 1109              	.Ldebug_line0:
 1110 0000 FA010000 		.section	.debug_str,"MS",%progbits,1
 1110      02006D01 
 1110      00000201 
 1110      FB0E0D00 
 1110      01010101 
 1111              	.LASF36:
 1112 0000 474E5520 		.ascii	"GNU C11 5.4.1 20160609 (release) [ARM/embedded-5-br"
 1112      43313120 
 1112      352E342E 
 1112      31203230 
 1112      31363036 
 1113 0033 616E6368 		.ascii	"anch revision 237715] -mcpu=cortex-m3 -mthumb -g -O"
 1113      20726576 
 1113      6973696F 
 1113      6E203233 
 1113      37373135 
 1114 0066 30202D66 		.ascii	"0 -ffunction-sections -ffat-lto-objects\000"
ARM GAS  C:\Users\mgnocco\AppData\Local\Temp\ccMnT5Cc.s 			page 23


 1114      66756E63 
 1114      74696F6E 
 1114      2D736563 
 1114      74696F6E 
 1115              	.LASF9:
 1116 008e 5F5F696E 		.ascii	"__int32_t\000"
 1116      7433325F 
 1116      7400
 1117              	.LASF24:
 1118 0098 496E6974 		.ascii	"InitEncoderLine\000"
 1118      456E636F 
 1118      6465724C 
 1118      696E6500 
 1119              	.LASF38:
 1120 00a8 433A5C55 		.ascii	"C:\\Users\\mgnocco\\Documents\\GitHub\\PSoC5\\Toast"
 1120      73657273 
 1120      5C6D676E 
 1120      6F63636F 
 1120      5C446F63 
 1121 00d5 5C546F61 		.ascii	"\\Toast.cydsn\000"
 1121      73742E63 
 1121      7964736E 
 1121      00
 1122              	.LASF3:
 1123 00e2 73686F72 		.ascii	"short unsigned int\000"
 1123      7420756E 
 1123      7369676E 
 1123      65642069 
 1123      6E7400
 1124              	.LASF8:
 1125 00f5 756E7369 		.ascii	"unsigned int\000"
 1125      676E6564 
 1125      20696E74 
 1125      00
 1126              	.LASF26:
 1127 0102 6E5F656E 		.ascii	"n_encoders\000"
 1127      636F6465 
 1127      727300
 1128              	.LASF14:
 1129 010d 666C6F61 		.ascii	"float\000"
 1129      7400
 1130              	.LASF27:
 1131 0113 6E5F6C69 		.ascii	"n_line\000"
 1131      6E6500
 1132              	.LASF1:
 1133 011a 756E7369 		.ascii	"unsigned char\000"
 1133      676E6564 
 1133      20636861 
 1133      7200
 1134              	.LASF5:
 1135 0128 6C6F6E67 		.ascii	"long unsigned int\000"
 1135      20756E73 
 1135      69676E65 
 1135      6420696E 
 1135      7400
 1136              	.LASF30:
 1137 013a 53484946 		.ascii	"SHIFTREG_ENC_2_ReadData\000"
ARM GAS  C:\Users\mgnocco\AppData\Local\Temp\ccMnT5Cc.s 			page 24


 1137      54524547 
 1137      5F454E43 
 1137      5F325F52 
 1137      65616444 
 1138              	.LASF35:
 1139 0152 456E636F 		.ascii	"Encoder_Check\000"
 1139      6465725F 
 1139      43686563 
 1139      6B00
 1140              	.LASF34:
 1141 0160 456E636F 		.ascii	"Encoder_Value\000"
 1141      6465725F 
 1141      56616C75 
 1141      6500
 1142              	.LASF33:
 1143 016e 49544D5F 		.ascii	"ITM_RxBuffer\000"
 1143      52784275 
 1143      66666572 
 1143      00
 1144              	.LASF31:
 1145 017b 43686970 		.ascii	"Chip_Select_ENCODER_LINE_Write\000"
 1145      5F53656C 
 1145      6563745F 
 1145      454E434F 
 1145      4445525F 
 1146              	.LASF15:
 1147 019a 646F7562 		.ascii	"double\000"
 1147      6C6500
 1148              	.LASF37:
 1149 01a1 2E2E5C73 		.ascii	"..\\src\\Encoder_functions.c\000"
 1149      72635C45 
 1149      6E636F64 
 1149      65725F66 
 1149      756E6374 
 1150              	.LASF12:
 1151 01bc 75696E74 		.ascii	"uint16\000"
 1151      313600
 1152              	.LASF13:
 1153 01c3 75696E74 		.ascii	"uint32\000"
 1153      333200
 1154              	.LASF32:
 1155 01ca 53484946 		.ascii	"SHIFTREG_ENC_3_ReadData\000"
 1155      54524547 
 1155      5F454E43 
 1155      5F335F52 
 1155      65616444 
 1156              	.LASF16:
 1157 01e2 63686172 		.ascii	"char\000"
 1157      00
 1158              	.LASF21:
 1159 01e7 456E636F 		.ascii	"EncoderReset\000"
 1159      64657252 
 1159      65736574 
 1159      00
 1160              	.LASF23:
 1161 01f4 4368616E 		.ascii	"Change_CS_EncoderLine\000"
 1161      67655F43 
ARM GAS  C:\Users\mgnocco\AppData\Local\Temp\ccMnT5Cc.s 			page 25


 1161      535F456E 
 1161      636F6465 
 1161      724C696E 
 1162              	.LASF19:
 1163 020a 43686970 		.ascii	"Chip_Select_ENCODER_LINE_Read\000"
 1163      5F53656C 
 1163      6563745F 
 1163      454E434F 
 1163      4445525F 
 1164              	.LASF20:
 1165 0228 52455345 		.ascii	"RESET_COUNTERS_Write\000"
 1165      545F434F 
 1165      554E5445 
 1165      52535F57 
 1165      72697465 
 1166              	.LASF28:
 1167 023d 656E635F 		.ascii	"enc_rx_buffer\000"
 1167      72785F62 
 1167      75666665 
 1167      7200
 1168              	.LASF10:
 1169 024b 696E7433 		.ascii	"int32_t\000"
 1169      325F7400 
 1170              	.LASF18:
 1171 0253 73697A65 		.ascii	"sizetype\000"
 1171      74797065 
 1171      00
 1172              	.LASF6:
 1173 025c 6C6F6E67 		.ascii	"long long int\000"
 1173      206C6F6E 
 1173      6720696E 
 1173      7400
 1174              	.LASF22:
 1175 026a 496E6974 		.ascii	"InitEncoderGeneral\000"
 1175      456E636F 
 1175      64657247 
 1175      656E6572 
 1175      616C00
 1176              	.LASF25:
 1177 027d 52656164 		.ascii	"ReadEncoderLine\000"
 1177      456E636F 
 1177      6465724C 
 1177      696E6500 
 1178              	.LASF2:
 1179 028d 73686F72 		.ascii	"short int\000"
 1179      7420696E 
 1179      7400
 1180              	.LASF11:
 1181 0297 75696E74 		.ascii	"uint8\000"
 1181      3800
 1182              	.LASF29:
 1183 029d 53484946 		.ascii	"SHIFTREG_ENC_1_ReadData\000"
 1183      54524547 
 1183      5F454E43 
 1183      5F315F52 
 1183      65616444 
 1184              	.LASF4:
ARM GAS  C:\Users\mgnocco\AppData\Local\Temp\ccMnT5Cc.s 			page 26


 1185 02b5 6C6F6E67 		.ascii	"long int\000"
 1185      20696E74 
 1185      00
 1186              	.LASF17:
 1187 02be 6C6F6E67 		.ascii	"long double\000"
 1187      20646F75 
 1187      626C6500 
 1188              	.LASF0:
 1189 02ca 7369676E 		.ascii	"signed char\000"
 1189      65642063 
 1189      68617200 
 1190              	.LASF7:
 1191 02d6 6C6F6E67 		.ascii	"long long unsigned int\000"
 1191      206C6F6E 
 1191      6720756E 
 1191      7369676E 
 1191      65642069 
 1192              		.ident	"GCC: (GNU Tools for ARM Embedded Processors) 5.4.1 20160609 (release) [ARM/embedded-5-bran
