ARM GAS  C:\Users\mgnocco\AppData\Local\Temp\ccYXD3II.s 			page 1


   1              		.syntax unified
   2              		.cpu cortex-m3
   3              		.fpu softvfp
   4              		.eabi_attribute 20, 1
   5              		.eabi_attribute 21, 1
   6              		.eabi_attribute 23, 3
   7              		.eabi_attribute 24, 1
   8              		.eabi_attribute 25, 1
   9              		.eabi_attribute 26, 1
  10              		.eabi_attribute 30, 6
  11              		.eabi_attribute 34, 1
  12              		.eabi_attribute 18, 4
  13              		.thumb
  14              		.syntax unified
  15              		.file	"main.c"
  16              		.text
  17              	.Ltext0:
  18              		.cfi_sections	.debug_frame
  19              		.section	.text.main,"ax",%progbits
  20              		.align	2
  21              		.global	main
  22              		.thumb
  23              		.thumb_func
  24              		.type	main, %function
  25              	main:
  26              	.LFB64:
  27              		.file 1 "..\\src\\main.c"
   1:..\src/main.c **** // ----------------------------------------------------------------------------
   2:..\src/main.c **** // BSD 3-Clause License
   3:..\src/main.c **** 
   4:..\src/main.c **** // Copyright (c) 2016, qbrobotics
   5:..\src/main.c **** // Copyright (c) 2017-2020, Centro "E.Piaggio"
   6:..\src/main.c **** // All rights reserved.
   7:..\src/main.c **** 
   8:..\src/main.c **** // Redistribution and use in source and binary forms, with or without
   9:..\src/main.c **** // modification, are permitted provided that the following conditions are met:
  10:..\src/main.c **** 
  11:..\src/main.c **** // * Redistributions of source code must retain the above copyright notice, this
  12:..\src/main.c **** //   list of conditions and the following disclaimer.
  13:..\src/main.c **** 
  14:..\src/main.c **** // * Redistributions in binary form must reproduce the above copyright notice,
  15:..\src/main.c **** //   this list of conditions and the following disclaimer in the documentation
  16:..\src/main.c **** //   and/or other materials provided with the distribution.
  17:..\src/main.c **** 
  18:..\src/main.c **** // * Neither the name of the copyright holder nor the names of its
  19:..\src/main.c **** //   contributors may be used to endorse or promote products derived from
  20:..\src/main.c **** //   this software without specific prior written permission.
  21:..\src/main.c **** 
  22:..\src/main.c **** // THIS SOFTWARE IS PROVIDED BY THE COPYRIGHT HOLDERS AND CONTRIBUTORS "AS IS"
  23:..\src/main.c **** // AND ANY EXPRESS OR IMPLIED WARRANTIES, INCLUDING, BUT NOT LIMITED TO, THE
  24:..\src/main.c **** // IMPLIED WARRANTIES OF MERCHANTABILITY AND FITNESS FOR A PARTICULAR PURPOSE ARE
  25:..\src/main.c **** // DISCLAIMED. IN NO EVENT SHALL THE COPYRIGHT HOLDER OR CONTRIBUTORS BE LIABLE
  26:..\src/main.c **** // FOR ANY DIRECT, INDIRECT, INCIDENTAL, SPECIAL, EXEMPLARY, OR CONSEQUENTIAL
  27:..\src/main.c **** // DAMAGES (INCLUDING, BUT NOT LIMITED TO, PROCUREMENT OF SUBSTITUTE GOODS OR
  28:..\src/main.c **** // SERVICES; LOSS OF USE, DATA, OR PROFITS; OR BUSINESS INTERRUPTION) HOWEVER
  29:..\src/main.c **** // CAUSED AND ON ANY THEORY OF LIABILITY, WHETHER IN CONTRACT, STRICT LIABILITY,
  30:..\src/main.c **** // OR TORT (INCLUDING NEGLIGENCE OR OTHERWISE) ARISING IN ANY WAY OUT OF THE USE
ARM GAS  C:\Users\mgnocco\AppData\Local\Temp\ccYXD3II.s 			page 2


  31:..\src/main.c **** // OF THIS SOFTWARE, EVEN IF ADVISED OF THE POSSIBILITY OF SUCH DAMAGE.
  32:..\src/main.c **** // POSSIBILITY OF SUCH DAMAGE.
  33:..\src/main.c **** // ----------------------------------------------------------------------------
  34:..\src/main.c **** 
  35:..\src/main.c **** /**
  36:..\src/main.c **** * \file         main.c
  37:..\src/main.c **** *
  38:..\src/main.c **** * \brief        Firmware main file.
  39:..\src/main.c **** * \date         March 20th, 2020
  40:..\src/main.c **** * \author       _Centro "E.Piaggio"_
  41:..\src/main.c **** * \copyright    (C) 2020 Centro "E.Piaggio". All rights reserved.
  42:..\src/main.c **** * \mainpage     Firmware
  43:..\src/main.c **** * \brief        This is the firmware of PSoC5 logic board.
  44:..\src/main.c **** * \version      1.9.4
  45:..\src/main.c **** *
  46:..\src/main.c **** * \details      This is the firmware of PSoC5 logic board. Depending on the configuration, 
  47:..\src/main.c **** *               it can control up to two motors and read its encoders. Also can read and
  48:..\src/main.c **** *               convert analog measurements connected to the PSoC microcontroller.                
  49:..\src/main.c **** *
  50:..\src/main.c **** */
  51:..\src/main.c **** 
  52:..\src/main.c **** 
  53:..\src/main.c **** // ----------------------------------------------------------------------------
  54:..\src/main.c **** // This version changes:
  55:..\src/main.c **** //      - not reported
  56:..\src/main.c **** 
  57:..\src/main.c **** 
  58:..\src/main.c **** //=================================================================     includes
  59:..\src/main.c **** 
  60:..\src/main.c **** #include "device.h"
  61:..\src/main.c **** #include "globals.h"
  62:..\src/main.c **** #include "interruptions.h"
  63:..\src/main.c **** #include "command_processing.h"
  64:..\src/main.c **** 
  65:..\src/main.c **** #include "Encoder_functions.h"
  66:..\src/main.c **** #include "SD_RTC_functions.h"
  67:..\src/main.c **** #include "utils.h"
  68:..\src/main.c **** #include "project.h"
  69:..\src/main.c **** #include "FS.h"
  70:..\src/main.c **** 
  71:..\src/main.c **** //==============================================================================
  72:..\src/main.c **** //                                                                 MAIN FUNCTION
  73:..\src/main.c **** //==============================================================================
  74:..\src/main.c **** 
  75:..\src/main.c **** int main()
  76:..\src/main.c **** {
  28              		.loc 1 76 0
  29              		.cfi_startproc
  30              		@ args = 0, pretend = 0, frame = 0
  31              		@ frame_needed = 1, uses_anonymous_args = 0
  32 0000 80B5     		push	{r7, lr}
  33              		.cfi_def_cfa_offset 8
  34              		.cfi_offset 7, -8
  35              		.cfi_offset 14, -4
  36 0002 00AF     		add	r7, sp, #0
  37              		.cfi_def_cfa_register 7
  77:..\src/main.c ****     // Iterator    
ARM GAS  C:\Users\mgnocco\AppData\Local\Temp\ccYXD3II.s 			page 3


  78:..\src/main.c ****     uint8 i, j;
  79:..\src/main.c ****         
  80:..\src/main.c ****     //================================     initializations - psoc and components
  81:..\src/main.c **** 
  82:..\src/main.c ****     // EEPROM
  83:..\src/main.c ****     EEPROM_Start();
  38              		.loc 1 83 0
  39 0004 FFF7FEFF 		bl	EEPROM_Start
  84:..\src/main.c ****     memRecall();                                        // Recall configuration.  
  40              		.loc 1 84 0
  41 0008 FFF7FEFF 		bl	memRecall
  85:..\src/main.c ****     
  86:..\src/main.c ****     // FTDI chip enable
  87:..\src/main.c ****     CyDelay(100);
  42              		.loc 1 87 0
  43 000c 6420     		movs	r0, #100
  44 000e FFF7FEFF 		bl	CyDelay
  88:..\src/main.c ****     FTDI_ENABLE_Write(0x01);
  45              		.loc 1 88 0
  46 0012 0120     		movs	r0, #1
  47 0014 FFF7FEFF 		bl	FTDI_ENABLE_Write
  89:..\src/main.c ****     
  90:..\src/main.c **** 	// LED Enable   
  91:..\src/main.c ****     LED_control(1);     // Green fixed light
  48              		.loc 1 91 0
  49 0018 0120     		movs	r0, #1
  50 001a FFF7FEFF 		bl	LED_control
  92:..\src/main.c ****     BLINK_05HZ_Start();
  51              		.loc 1 92 0
  52 001e FFF7FEFF 		bl	BLINK_05HZ_Start
  93:..\src/main.c ****     BLINK_25HZ_Start();
  53              		.loc 1 93 0
  54 0022 FFF7FEFF 		bl	BLINK_25HZ_Start
  94:..\src/main.c ****     BLINK_05HZ_WriteCompare(499);
  55              		.loc 1 94 0
  56 0026 40F2F310 		movw	r0, #499
  57 002a FFF7FEFF 		bl	BLINK_05HZ_WriteCompare
  95:..\src/main.c ****     BLINK_25HZ_WriteCompare(99);
  58              		.loc 1 95 0
  59 002e 6320     		movs	r0, #99
  60 0030 FFF7FEFF 		bl	BLINK_25HZ_WriteCompare
  96:..\src/main.c ****     
  97:..\src/main.c ****     // RS485
  98:..\src/main.c ****     UART_RS485_Stop();
  61              		.loc 1 98 0
  62 0034 FFF7FEFF 		bl	UART_RS485_Stop
  99:..\src/main.c ****     UART_RS485_Start();
  63              		.loc 1 99 0
  64 0038 FFF7FEFF 		bl	UART_RS485_Start
 100:..\src/main.c ****     UART_RS485_Init();
  65              		.loc 1 100 0
  66 003c FFF7FEFF 		bl	UART_RS485_Init
 101:..\src/main.c ****     UART_RS485_ClearRxBuffer();
  67              		.loc 1 101 0
  68 0040 FFF7FEFF 		bl	UART_RS485_ClearRxBuffer
 102:..\src/main.c ****     UART_RS485_ClearTxBuffer();
  69              		.loc 1 102 0
ARM GAS  C:\Users\mgnocco\AppData\Local\Temp\ccYXD3II.s 			page 4


  70 0044 FFF7FEFF 		bl	UART_RS485_ClearTxBuffer
 103:..\src/main.c ****     ISR_RS485_RX_StartEx(ISR_RS485_RX_ExInterrupt);
  71              		.loc 1 103 0
  72 0048 3E48     		ldr	r0, .L9
  73 004a FFF7FEFF 		bl	ISR_RS485_RX_StartEx
 104:..\src/main.c ****     
 105:..\src/main.c ****     // CYCLES TIMER   
 106:..\src/main.c ****     CYCLES_TIMER_Start();
  74              		.loc 1 106 0
  75 004e FFF7FEFF 		bl	CYCLES_TIMER_Start
 107:..\src/main.c ****     ISR_CYCLES_StartEx(ISR_CYCLES_Handler);
  76              		.loc 1 107 0
  77 0052 3D48     		ldr	r0, .L9+4
  78 0054 FFF7FEFF 		bl	ISR_CYCLES_StartEx
 108:..\src/main.c ****     
 109:..\src/main.c ****     // PWM
 110:..\src/main.c ****     PWM_MOTORS_Start();
  79              		.loc 1 110 0
  80 0058 FFF7FEFF 		bl	PWM_MOTORS_Start
 111:..\src/main.c ****     PWM_MOTORS_WriteCompare1(50);
  81              		.loc 1 111 0
  82 005c 3220     		movs	r0, #50
  83 005e FFF7FEFF 		bl	PWM_MOTORS_WriteCompare1
 112:..\src/main.c **** 
 113:..\src/main.c ****     enable_motor(0, 0x01);
  84              		.loc 1 113 0
  85 0062 0121     		movs	r1, #1
  86 0064 0020     		movs	r0, #0
  87 0066 FFF7FEFF 		bl	enable_motor
 114:..\src/main.c ****     enable_motor(1, 0x01);
  88              		.loc 1 114 0
  89 006a 0121     		movs	r1, #1
  90 006c 0120     		movs	r0, #1
  91 006e FFF7FEFF 		bl	enable_motor
 115:..\src/main.c **** 
 116:..\src/main.c ****     // Init AS5045 devices  
 117:..\src/main.c ****   //  COUNTER_ENC_Start();
 118:..\src/main.c ****     //SHIFTREG_ENC_1_Start();
 119:..\src/main.c ****     //SHIFTREG_ENC_2_Start();
 120:..\src/main.c ****     //SHIFTREG_ENC_3_Start();
 121:..\src/main.c ****               
 122:..\src/main.c ****     // TIMER
 123:..\src/main.c ****     MY_TIMER_Start();           
  92              		.loc 1 123 0
  93 0072 FFF7FEFF 		bl	MY_TIMER_Start
 124:..\src/main.c ****     PACER_TIMER_Start();    
  94              		.loc 1 124 0
  95 0076 FFF7FEFF 		bl	PACER_TIMER_Start
 125:..\src/main.c ****     
 126:..\src/main.c ****     CYGlobalIntEnable;              // Enable interrupts.
  96              		.loc 1 126 0
  97              		.syntax unified
  98              	@ 126 "..\src\main.c" 1
  99 007a 62B6     		CPSIE   i
 100              	@ 0 "" 2
 127:..\src/main.c **** 
 128:..\src/main.c ****     // Init AS5045 devices
ARM GAS  C:\Users\mgnocco\AppData\Local\Temp\ccYXD3II.s 			page 5


 129:..\src/main.c ****     InitEncoderGeneral();
 101              		.loc 1 129 0
 102              		.thumb
 103              		.syntax unified
 104 007c FFF7FEFF 		bl	InitEncoderGeneral
 130:..\src/main.c **** 
 131:..\src/main.c ****     
 132:..\src/main.c ****     
 133:..\src/main.c ****     //------------------------------------------------- Initialize package on receive from RS485
 134:..\src/main.c ****     g_rx.length = 0;
 105              		.loc 1 134 0
 106 0080 324B     		ldr	r3, .L9+8
 107 0082 0022     		movs	r2, #0
 108 0084 A3F88020 		strh	r2, [r3, #128]	@ movhi
 135:..\src/main.c ****     g_rx.ready  = 0;
 109              		.loc 1 135 0
 110 0088 304B     		ldr	r3, .L9+8
 111 008a 0022     		movs	r2, #0
 112 008c 83F88420 		strb	r2, [r3, #132]
 136:..\src/main.c ****     
 137:..\src/main.c ****     //------------------------------------------------- Initialize rest position variables    
 138:..\src/main.c **** 	rest_enabled = 0;
 113              		.loc 1 138 0
 114 0090 2F4B     		ldr	r3, .L9+12
 115 0092 0022     		movs	r2, #0
 116 0094 1A70     		strb	r2, [r3]
 139:..\src/main.c ****     forced_open = 0;
 117              		.loc 1 139 0
 118 0096 2F4B     		ldr	r3, .L9+16
 119 0098 0022     		movs	r2, #0
 120 009a 1A70     		strb	r2, [r3]
 140:..\src/main.c ****     
 141:..\src/main.c ****     
 142:..\src/main.c ****     LED_control(5);     // Default - red light
 121              		.loc 1 142 0
 122 009c 0520     		movs	r0, #5
 123 009e FFF7FEFF 		bl	LED_control
 143:..\src/main.c ****     
 144:..\src/main.c **** #ifdef MASTER_FW
 145:..\src/main.c ****     master_mode = 1;    // Default - activate master mode at startup
 146:..\src/main.c **** #endif
 147:..\src/main.c **** 
 148:..\src/main.c ****     //============================================================    check if maintenance is due
 149:..\src/main.c **** 
 150:..\src/main.c ****     if ( (g_mem.cnt.wire_disp/(((g_mem.motor[0].pos_lim_sup>>g_mem.enc[0].res[0]) - (g_mem.motor[0]
 124              		.loc 1 150 0
 125 00a2 2D4B     		ldr	r3, .L9+20
 126 00a4 5B6D     		ldr	r3, [r3, #84]
 127 00a6 2C4A     		ldr	r2, .L9+20
 128 00a8 D2F8E820 		ldr	r2, [r2, #232]
 129 00ac 2A49     		ldr	r1, .L9+20
 130 00ae 91F89511 		ldrb	r1, [r1, #405]	@ zero_extendqisi2
 131 00b2 42FA01F1 		asr	r1, r2, r1
 132 00b6 284A     		ldr	r2, .L9+20
 133 00b8 D2F8E420 		ldr	r2, [r2, #228]
 134 00bc 2648     		ldr	r0, .L9+20
 135 00be 90F89501 		ldrb	r0, [r0, #405]	@ zero_extendqisi2
ARM GAS  C:\Users\mgnocco\AppData\Local\Temp\ccYXD3II.s 			page 6


 136 00c2 0241     		asrs	r2, r2, r0
 137 00c4 8A1A     		subs	r2, r1, r2
 138 00c6 5200     		lsls	r2, r2, #1
 139 00c8 B3FBF2F3 		udiv	r3, r3, r2
 140 00cc 234A     		ldr	r2, .L9+24
 141 00ce 9342     		cmp	r3, r2
 142 00d0 02D9     		bls	.L2
 151:..\src/main.c ****         maintenance_flag = TRUE;    
 143              		.loc 1 151 0
 144 00d2 234B     		ldr	r3, .L9+28
 145 00d4 0122     		movs	r2, #1
 146 00d6 1A70     		strb	r2, [r3]
 147              	.L2:
 152:..\src/main.c **** 
 153:..\src/main.c ****     if (g_mem.exp.read_exp_port_flag == EXP_SD_RTC) {
 148              		.loc 1 153 0
 149 00d8 1F4B     		ldr	r3, .L9+20
 150 00da 93F82632 		ldrb	r3, [r3, #550]	@ zero_extendqisi2
 151 00de 012B     		cmp	r3, #1
 152 00e0 03D1     		bne	.L3
 154:..\src/main.c ****         
 155:..\src/main.c ****         store_RTC_current_time();
 153              		.loc 1 155 0
 154 00e2 FFF7FEFF 		bl	store_RTC_current_time
 156:..\src/main.c ****         
 157:..\src/main.c ****         // SD file
 158:..\src/main.c ****         InitSD_FS();
 155              		.loc 1 158 0
 156 00e6 FFF7FEFF 		bl	InitSD_FS
 157              	.L3:
 159:..\src/main.c ****     }
 160:..\src/main.c ****     
 161:..\src/main.c ****         MOTOR_ON_OFF_1_Write(0);
 158              		.loc 1 161 0
 159 00ea 0020     		movs	r0, #0
 160 00ec FFF7FEFF 		bl	MOTOR_ON_OFF_1_Write
 162:..\src/main.c ****     //============================================================     main loop
 163:..\src/main.c ****     
 164:..\src/main.c ****     // All peripherals has started, now it is ok to start communication
 165:..\src/main.c ****     RS485_CTS_Write(0);             // Clear To Send on RS485.
 161              		.loc 1 165 0
 162 00f0 0020     		movs	r0, #0
 163 00f2 FFF7FEFF 		bl	RS485_CTS_Write
 164              	.L8:
 166:..\src/main.c **** 
 167:..\src/main.c ****     for(;;)
 168:..\src/main.c **** 
 169:..\src/main.c ****     {             
 170:..\src/main.c ****         // Put the FF reset pin to LOW
 171:..\src/main.c ****         RESET_FF_Write(0x00);
 165              		.loc 1 171 0
 166 00f6 0020     		movs	r0, #0
 167 00f8 FFF7FEFF 		bl	RESET_FF_Write
 172:..\src/main.c **** 
 173:..\src/main.c ****         // Call function scheduler
 174:..\src/main.c ****         function_scheduler(); 
 168              		.loc 1 174 0
ARM GAS  C:\Users\mgnocco\AppData\Local\Temp\ccYXD3II.s 			page 7


 169 00fc FFF7FEFF 		bl	function_scheduler
 175:..\src/main.c **** 
 176:..\src/main.c ****         //  Wait until the FF is set to 1
 177:..\src/main.c ****         while(FF_STATUS_Read() == 0){
 170              		.loc 1 177 0
 171 0100 08E0     		b	.L4
 172              	.L5:
 178:..\src/main.c ****             // On interrupt from RS485
 179:..\src/main.c ****             if (interrupt_flag){
 173              		.loc 1 179 0
 174 0102 184B     		ldr	r3, .L9+32
 175 0104 1B78     		ldrb	r3, [r3]	@ zero_extendqisi2
 176 0106 002B     		cmp	r3, #0
 177 0108 04D0     		beq	.L4
 180:..\src/main.c ****                 // Reset flags
 181:..\src/main.c ****                 interrupt_flag = FALSE;
 178              		.loc 1 181 0
 179 010a 164B     		ldr	r3, .L9+32
 180 010c 0022     		movs	r2, #0
 181 010e 1A70     		strb	r2, [r3]
 182:..\src/main.c ****                 
 183:..\src/main.c ****                 // Manage Interrupt on rs485
 184:..\src/main.c ****                 interrupt_manager();
 182              		.loc 1 184 0
 183 0110 FFF7FEFF 		bl	interrupt_manager
 184              	.L4:
 177:..\src/main.c ****             // On interrupt from RS485
 185              		.loc 1 177 0
 186 0114 FFF7FEFF 		bl	FF_STATUS_Read
 187 0118 0346     		mov	r3, r0
 188 011a 002B     		cmp	r3, #0
 189 011c F1D0     		beq	.L5
 185:..\src/main.c ****             }
 186:..\src/main.c ****         };
 187:..\src/main.c **** 
 188:..\src/main.c ****         // Command a FF reset
 189:..\src/main.c ****         RESET_FF_Write(0x01);
 190              		.loc 1 189 0
 191 011e 0120     		movs	r0, #1
 192 0120 FFF7FEFF 		bl	RESET_FF_Write
 190:..\src/main.c **** 
 191:..\src/main.c ****         // Wait for FF to be reset
 192:..\src/main.c ****         while(FF_STATUS_Read() == 1);
 193              		.loc 1 192 0
 194 0124 00BF     		nop
 195              	.L6:
 196              		.loc 1 192 0 is_stmt 0 discriminator 1
 197 0126 FFF7FEFF 		bl	FF_STATUS_Read
 198 012a 0346     		mov	r3, r0
 199 012c 012B     		cmp	r3, #1
 200 012e FAD0     		beq	.L6
 193:..\src/main.c **** 
 194:..\src/main.c ****         if(UART_RS485_ReadRxStatus() & UART_RS485_RX_STS_SOFT_BUFF_OVER)
 201              		.loc 1 194 0 is_stmt 1
 202 0130 FFF7FEFF 		bl	UART_RS485_ReadRxStatus
 203 0134 0346     		mov	r3, r0
 204 0136 5BB2     		sxtb	r3, r3
ARM GAS  C:\Users\mgnocco\AppData\Local\Temp\ccYXD3II.s 			page 8


 205 0138 002B     		cmp	r3, #0
 206 013a DCDA     		bge	.L8
 195:..\src/main.c ****             UART_RS485_ClearRxBuffer();
 207              		.loc 1 195 0
 208 013c FFF7FEFF 		bl	UART_RS485_ClearRxBuffer
 196:..\src/main.c ****     }
 209              		.loc 1 196 0
 210 0140 D9E7     		b	.L8
 211              	.L10:
 212 0142 00BF     		.align	2
 213              	.L9:
 214 0144 00000000 		.word	ISR_RS485_RX_ExInterrupt
 215 0148 00000000 		.word	ISR_CYCLES_Handler
 216 014c 00000000 		.word	g_rx
 217 0150 00000000 		.word	rest_enabled
 218 0154 00000000 		.word	forced_open
 219 0158 00000000 		.word	g_mem
 220 015c 400D0300 		.word	200000
 221 0160 00000000 		.word	maintenance_flag
 222 0164 00000000 		.word	interrupt_flag
 223              		.cfi_endproc
 224              	.LFE64:
 225              		.size	main, .-main
 226              		.text
 227              	.Letext0:
 228              		.file 2 "c:\\program files (x86)\\cypress\\psoc creator\\4.4\\psoc creator\\import\\gnu\\arm\\5.4.
 229              		.file 3 "c:\\program files (x86)\\cypress\\psoc creator\\4.4\\psoc creator\\import\\gnu\\arm\\5.4.
 230              		.file 4 "Generated_Source\\PSoC5/cytypes.h"
 231              		.file 5 "..\\src\\globals.h"
 232              		.file 6 "Generated_Source\\PSoC5/core_cm3.h"
 233              		.section	.debug_info,"",%progbits
 234              	.Ldebug_info0:
 235 0000 EC090000 		.4byte	0x9ec
 236 0004 0400     		.2byte	0x4
 237 0006 00000000 		.4byte	.Ldebug_abbrev0
 238 000a 04       		.byte	0x4
 239 000b 01       		.uleb128 0x1
 240 000c 96000000 		.4byte	.LASF133
 241 0010 0C       		.byte	0xc
 242 0011 E6030000 		.4byte	.LASF134
 243 0015 D3060000 		.4byte	.LASF135
 244 0019 00000000 		.4byte	.Ldebug_ranges0+0
 245 001d 00000000 		.4byte	0
 246 0021 00000000 		.4byte	.Ldebug_line0
 247 0025 02       		.uleb128 0x2
 248 0026 01       		.byte	0x1
 249 0027 06       		.byte	0x6
 250 0028 5B000000 		.4byte	.LASF0
 251 002c 02       		.uleb128 0x2
 252 002d 01       		.byte	0x1
 253 002e 08       		.byte	0x8
 254 002f E5040000 		.4byte	.LASF1
 255 0033 02       		.uleb128 0x2
 256 0034 02       		.byte	0x2
 257 0035 05       		.byte	0x5
 258 0036 17050000 		.4byte	.LASF2
 259 003a 02       		.uleb128 0x2
ARM GAS  C:\Users\mgnocco\AppData\Local\Temp\ccYXD3II.s 			page 9


 260 003b 02       		.byte	0x2
 261 003c 07       		.byte	0x7
 262 003d 41030000 		.4byte	.LASF3
 263 0041 03       		.uleb128 0x3
 264 0042 C1030000 		.4byte	.LASF9
 265 0046 02       		.byte	0x2
 266 0047 3F       		.byte	0x3f
 267 0048 4C000000 		.4byte	0x4c
 268 004c 02       		.uleb128 0x2
 269 004d 04       		.byte	0x4
 270 004e 05       		.byte	0x5
 271 004f BB010000 		.4byte	.LASF4
 272 0053 02       		.uleb128 0x2
 273 0054 04       		.byte	0x4
 274 0055 07       		.byte	0x7
 275 0056 F6020000 		.4byte	.LASF5
 276 005a 02       		.uleb128 0x2
 277 005b 08       		.byte	0x8
 278 005c 05       		.byte	0x5
 279 005d 95010000 		.4byte	.LASF6
 280 0061 02       		.uleb128 0x2
 281 0062 08       		.byte	0x8
 282 0063 07       		.byte	0x7
 283 0064 35010000 		.4byte	.LASF7
 284 0068 04       		.uleb128 0x4
 285 0069 04       		.byte	0x4
 286 006a 05       		.byte	0x5
 287 006b 696E7400 		.ascii	"int\000"
 288 006f 02       		.uleb128 0x2
 289 0070 04       		.byte	0x4
 290 0071 07       		.byte	0x7
 291 0072 CF020000 		.4byte	.LASF8
 292 0076 03       		.uleb128 0x3
 293 0077 DD040000 		.4byte	.LASF10
 294 007b 03       		.byte	0x3
 295 007c 2C       		.byte	0x2c
 296 007d 41000000 		.4byte	0x41
 297 0081 05       		.uleb128 0x5
 298 0082 C9010000 		.4byte	.LASF11
 299 0086 04       		.byte	0x4
 300 0087 E401     		.2byte	0x1e4
 301 0089 2C000000 		.4byte	0x2c
 302 008d 05       		.uleb128 0x5
 303 008e F3040000 		.4byte	.LASF12
 304 0092 04       		.byte	0x4
 305 0093 E501     		.2byte	0x1e5
 306 0095 3A000000 		.4byte	0x3a
 307 0099 05       		.uleb128 0x5
 308 009a 4E020000 		.4byte	.LASF13
 309 009e 04       		.byte	0x4
 310 009f E601     		.2byte	0x1e6
 311 00a1 53000000 		.4byte	0x53
 312 00a5 05       		.uleb128 0x5
 313 00a6 60030000 		.4byte	.LASF14
 314 00aa 04       		.byte	0x4
 315 00ab E701     		.2byte	0x1e7
 316 00ad 25000000 		.4byte	0x25
ARM GAS  C:\Users\mgnocco\AppData\Local\Temp\ccYXD3II.s 			page 10


 317 00b1 05       		.uleb128 0x5
 318 00b2 AF060000 		.4byte	.LASF15
 319 00b6 04       		.byte	0x4
 320 00b7 E801     		.2byte	0x1e8
 321 00b9 33000000 		.4byte	0x33
 322 00bd 05       		.uleb128 0x5
 323 00be B5010000 		.4byte	.LASF16
 324 00c2 04       		.byte	0x4
 325 00c3 E901     		.2byte	0x1e9
 326 00c5 4C000000 		.4byte	0x4c
 327 00c9 05       		.uleb128 0x5
 328 00ca 0E040000 		.4byte	.LASF17
 329 00ce 04       		.byte	0x4
 330 00cf EA01     		.2byte	0x1ea
 331 00d1 D5000000 		.4byte	0xd5
 332 00d5 02       		.uleb128 0x2
 333 00d6 04       		.byte	0x4
 334 00d7 04       		.byte	0x4
 335 00d8 A1050000 		.4byte	.LASF18
 336 00dc 02       		.uleb128 0x2
 337 00dd 08       		.byte	0x8
 338 00de 04       		.byte	0x4
 339 00df 3F070000 		.4byte	.LASF19
 340 00e3 02       		.uleb128 0x2
 341 00e4 01       		.byte	0x1
 342 00e5 08       		.byte	0x8
 343 00e6 AE050000 		.4byte	.LASF20
 344 00ea 02       		.uleb128 0x2
 345 00eb 08       		.byte	0x8
 346 00ec 04       		.byte	0x4
 347 00ed 34040000 		.4byte	.LASF21
 348 00f1 02       		.uleb128 0x2
 349 00f2 04       		.byte	0x4
 350 00f3 07       		.byte	0x7
 351 00f4 16040000 		.4byte	.LASF22
 352 00f8 06       		.uleb128 0x6
 353 00f9 E3000000 		.4byte	0xe3
 354 00fd 08010000 		.4byte	0x108
 355 0101 07       		.uleb128 0x7
 356 0102 F1000000 		.4byte	0xf1
 357 0106 07       		.byte	0x7
 358 0107 00       		.byte	0
 359 0108 06       		.uleb128 0x6
 360 0109 BD000000 		.4byte	0xbd
 361 010d 18010000 		.4byte	0x118
 362 0111 07       		.uleb128 0x7
 363 0112 F1000000 		.4byte	0xf1
 364 0116 02       		.byte	0x2
 365 0117 00       		.byte	0
 366 0118 06       		.uleb128 0x6
 367 0119 A5000000 		.4byte	0xa5
 368 011d 28010000 		.4byte	0x128
 369 0121 07       		.uleb128 0x7
 370 0122 F1000000 		.4byte	0xf1
 371 0126 02       		.byte	0x2
 372 0127 00       		.byte	0
 373 0128 08       		.uleb128 0x8
ARM GAS  C:\Users\mgnocco\AppData\Local\Temp\ccYXD3II.s 			page 11


 374 0129 C2050000 		.4byte	.LASF26
 375 012d 86       		.byte	0x86
 376 012e 05       		.byte	0x5
 377 012f 0801     		.2byte	0x108
 378 0131 6A010000 		.4byte	0x16a
 379 0135 09       		.uleb128 0x9
 380 0136 E6050000 		.4byte	.LASF23
 381 013a 05       		.byte	0x5
 382 013b 0901     		.2byte	0x109
 383 013d 6A010000 		.4byte	0x16a
 384 0141 00       		.byte	0
 385 0142 09       		.uleb128 0x9
 386 0143 A7050000 		.4byte	.LASF24
 387 0147 05       		.byte	0x5
 388 0148 0A01     		.2byte	0x10a
 389 014a B1000000 		.4byte	0xb1
 390 014e 80       		.byte	0x80
 391 014f 0A       		.uleb128 0xa
 392 0150 696E6400 		.ascii	"ind\000"
 393 0154 05       		.byte	0x5
 394 0155 0B01     		.2byte	0x10b
 395 0157 B1000000 		.4byte	0xb1
 396 015b 82       		.byte	0x82
 397 015c 09       		.uleb128 0x9
 398 015d A3010000 		.4byte	.LASF25
 399 0161 05       		.byte	0x5
 400 0162 0C01     		.2byte	0x10c
 401 0164 81000000 		.4byte	0x81
 402 0168 84       		.byte	0x84
 403 0169 00       		.byte	0
 404 016a 06       		.uleb128 0x6
 405 016b 81000000 		.4byte	0x81
 406 016f 7A010000 		.4byte	0x17a
 407 0173 07       		.uleb128 0x7
 408 0174 F1000000 		.4byte	0xf1
 409 0178 7F       		.byte	0x7f
 410 0179 00       		.byte	0
 411 017a 08       		.uleb128 0x8
 412 017b 48050000 		.4byte	.LASF27
 413 017f 70       		.byte	0x70
 414 0180 05       		.byte	0x5
 415 0181 1501     		.2byte	0x115
 416 0183 17020000 		.4byte	0x217
 417 0187 09       		.uleb128 0x9
 418 0188 9F060000 		.4byte	.LASF28
 419 018c 05       		.byte	0x5
 420 018d 1601     		.2byte	0x116
 421 018f 17020000 		.4byte	0x217
 422 0193 00       		.byte	0
 423 0194 09       		.uleb128 0x9
 424 0195 B3030000 		.4byte	.LASF29
 425 0199 05       		.byte	0x5
 426 019a 1701     		.2byte	0x117
 427 019c 27020000 		.4byte	0x227
 428 01a0 08       		.byte	0x8
 429 01a1 09       		.uleb128 0x9
 430 01a2 83040000 		.4byte	.LASF30
ARM GAS  C:\Users\mgnocco\AppData\Local\Temp\ccYXD3II.s 			page 12


 431 01a6 05       		.byte	0x5
 432 01a7 1801     		.2byte	0x118
 433 01a9 37020000 		.4byte	0x237
 434 01ad 30       		.byte	0x30
 435 01ae 09       		.uleb128 0x9
 436 01af 94050000 		.4byte	.LASF31
 437 01b3 05       		.byte	0x5
 438 01b4 1901     		.2byte	0x119
 439 01b6 99000000 		.4byte	0x99
 440 01ba 40       		.byte	0x40
 441 01bb 09       		.uleb128 0x9
 442 01bc F0010000 		.4byte	.LASF32
 443 01c0 05       		.byte	0x5
 444 01c1 1A01     		.2byte	0x11a
 445 01c3 99000000 		.4byte	0x99
 446 01c7 44       		.byte	0x44
 447 01c8 09       		.uleb128 0x9
 448 01c9 68020000 		.4byte	.LASF33
 449 01cd 05       		.byte	0x5
 450 01ce 1B01     		.2byte	0x11b
 451 01d0 99000000 		.4byte	0x99
 452 01d4 48       		.byte	0x48
 453 01d5 09       		.uleb128 0x9
 454 01d6 84050000 		.4byte	.LASF34
 455 01da 05       		.byte	0x5
 456 01db 1C01     		.2byte	0x11c
 457 01dd 99000000 		.4byte	0x99
 458 01e1 4C       		.byte	0x4c
 459 01e2 09       		.uleb128 0x9
 460 01e3 D9030000 		.4byte	.LASF35
 461 01e7 05       		.byte	0x5
 462 01e8 1D01     		.2byte	0x11d
 463 01ea 99000000 		.4byte	0x99
 464 01ee 50       		.byte	0x50
 465 01ef 09       		.uleb128 0x9
 466 01f0 9A040000 		.4byte	.LASF36
 467 01f4 05       		.byte	0x5
 468 01f5 1E01     		.2byte	0x11e
 469 01f7 17020000 		.4byte	0x217
 470 01fb 54       		.byte	0x54
 471 01fc 09       		.uleb128 0x9
 472 01fd CA050000 		.4byte	.LASF37
 473 0201 05       		.byte	0x5
 474 0202 1F01     		.2byte	0x11f
 475 0204 17020000 		.4byte	0x217
 476 0208 5C       		.byte	0x5c
 477 0209 09       		.uleb128 0x9
 478 020a 83030000 		.4byte	.LASF38
 479 020e 05       		.byte	0x5
 480 020f 2001     		.2byte	0x120
 481 0211 47020000 		.4byte	0x247
 482 0215 64       		.byte	0x64
 483 0216 00       		.byte	0
 484 0217 06       		.uleb128 0x6
 485 0218 99000000 		.4byte	0x99
 486 021c 27020000 		.4byte	0x227
 487 0220 07       		.uleb128 0x7
ARM GAS  C:\Users\mgnocco\AppData\Local\Temp\ccYXD3II.s 			page 13


 488 0221 F1000000 		.4byte	0xf1
 489 0225 01       		.byte	0x1
 490 0226 00       		.byte	0
 491 0227 06       		.uleb128 0x6
 492 0228 99000000 		.4byte	0x99
 493 022c 37020000 		.4byte	0x237
 494 0230 07       		.uleb128 0x7
 495 0231 F1000000 		.4byte	0xf1
 496 0235 09       		.byte	0x9
 497 0236 00       		.byte	0
 498 0237 06       		.uleb128 0x6
 499 0238 99000000 		.4byte	0x99
 500 023c 47020000 		.4byte	0x247
 501 0240 07       		.uleb128 0x7
 502 0241 F1000000 		.4byte	0xf1
 503 0245 03       		.byte	0x3
 504 0246 00       		.byte	0
 505 0247 06       		.uleb128 0x6
 506 0248 81000000 		.4byte	0x81
 507 024c 57020000 		.4byte	0x257
 508 0250 07       		.uleb128 0x7
 509 0251 F1000000 		.4byte	0xf1
 510 0255 0B       		.byte	0xb
 511 0256 00       		.byte	0
 512 0257 08       		.uleb128 0x8
 513 0258 40040000 		.4byte	.LASF39
 514 025c 10       		.byte	0x10
 515 025d 05       		.byte	0x5
 516 025e 2701     		.2byte	0x127
 517 0260 E6020000 		.4byte	0x2e6
 518 0264 0A       		.uleb128 0xa
 519 0265 696400   		.ascii	"id\000"
 520 0268 05       		.byte	0x5
 521 0269 2801     		.2byte	0x128
 522 026b 81000000 		.4byte	0x81
 523 026f 00       		.byte	0
 524 0270 09       		.uleb128 0x9
 525 0271 CB030000 		.4byte	.LASF40
 526 0275 05       		.byte	0x5
 527 0276 2901     		.2byte	0x129
 528 0278 E6020000 		.4byte	0x2e6
 529 027c 01       		.byte	0x1
 530 027d 09       		.uleb128 0x9
 531 027e 27070000 		.4byte	.LASF41
 532 0282 05       		.byte	0x5
 533 0283 2A01     		.2byte	0x12a
 534 0285 E6020000 		.4byte	0x2e6
 535 0289 04       		.byte	0x4
 536 028a 09       		.uleb128 0x9
 537 028b E5010000 		.4byte	.LASF42
 538 028f 05       		.byte	0x5
 539 0290 2B01     		.2byte	0x12b
 540 0292 81000000 		.4byte	0x81
 541 0296 07       		.byte	0x7
 542 0297 09       		.uleb128 0x9
 543 0298 93020000 		.4byte	.LASF43
 544 029c 05       		.byte	0x5
ARM GAS  C:\Users\mgnocco\AppData\Local\Temp\ccYXD3II.s 			page 14


 545 029d 2C01     		.2byte	0x12c
 546 029f 81000000 		.4byte	0x81
 547 02a3 08       		.byte	0x8
 548 02a4 09       		.uleb128 0x9
 549 02a5 15000000 		.4byte	.LASF44
 550 02a9 05       		.byte	0x5
 551 02aa 2D01     		.2byte	0x12d
 552 02ac 81000000 		.4byte	0x81
 553 02b0 09       		.byte	0x9
 554 02b1 09       		.uleb128 0x9
 555 02b2 4C010000 		.4byte	.LASF45
 556 02b6 05       		.byte	0x5
 557 02b7 2E01     		.2byte	0x12e
 558 02b9 81000000 		.4byte	0x81
 559 02bd 0A       		.byte	0xa
 560 02be 09       		.uleb128 0x9
 561 02bf 2B060000 		.4byte	.LASF46
 562 02c3 05       		.byte	0x5
 563 02c4 2F01     		.2byte	0x12f
 564 02c6 81000000 		.4byte	0x81
 565 02ca 0B       		.byte	0xb
 566 02cb 09       		.uleb128 0x9
 567 02cc 06060000 		.4byte	.LASF47
 568 02d0 05       		.byte	0x5
 569 02d1 3001     		.2byte	0x130
 570 02d3 81000000 		.4byte	0x81
 571 02d7 0C       		.byte	0xc
 572 02d8 09       		.uleb128 0x9
 573 02d9 83030000 		.4byte	.LASF38
 574 02dd 05       		.byte	0x5
 575 02de 3101     		.2byte	0x131
 576 02e0 E6020000 		.4byte	0x2e6
 577 02e4 0D       		.byte	0xd
 578 02e5 00       		.byte	0
 579 02e6 06       		.uleb128 0x6
 580 02e7 81000000 		.4byte	0x81
 581 02eb F6020000 		.4byte	0x2f6
 582 02ef 07       		.uleb128 0x7
 583 02f0 F1000000 		.4byte	0xf1
 584 02f4 02       		.byte	0x2
 585 02f5 00       		.byte	0
 586 02f6 08       		.uleb128 0x8
 587 02f7 45060000 		.4byte	.LASF48
 588 02fb 70       		.byte	0x70
 589 02fc 05       		.byte	0x5
 590 02fd 3801     		.2byte	0x138
 591 02ff 70040000 		.4byte	0x470
 592 0303 0A       		.uleb128 0xa
 593 0304 6B5F7000 		.ascii	"k_p\000"
 594 0308 05       		.byte	0x5
 595 0309 3901     		.2byte	0x139
 596 030b BD000000 		.4byte	0xbd
 597 030f 00       		.byte	0
 598 0310 0A       		.uleb128 0xa
 599 0311 6B5F6900 		.ascii	"k_i\000"
 600 0315 05       		.byte	0x5
 601 0316 3A01     		.2byte	0x13a
ARM GAS  C:\Users\mgnocco\AppData\Local\Temp\ccYXD3II.s 			page 15


 602 0318 BD000000 		.4byte	0xbd
 603 031c 04       		.byte	0x4
 604 031d 0A       		.uleb128 0xa
 605 031e 6B5F6400 		.ascii	"k_d\000"
 606 0322 05       		.byte	0x5
 607 0323 3B01     		.2byte	0x13b
 608 0325 BD000000 		.4byte	0xbd
 609 0329 08       		.byte	0x8
 610 032a 09       		.uleb128 0x9
 611 032b 5D040000 		.4byte	.LASF49
 612 032f 05       		.byte	0x5
 613 0330 3C01     		.2byte	0x13c
 614 0332 BD000000 		.4byte	0xbd
 615 0336 0C       		.byte	0xc
 616 0337 09       		.uleb128 0x9
 617 0338 0D070000 		.4byte	.LASF50
 618 033c 05       		.byte	0x5
 619 033d 3D01     		.2byte	0x13d
 620 033f BD000000 		.4byte	0xbd
 621 0343 10       		.byte	0x10
 622 0344 09       		.uleb128 0x9
 623 0345 63060000 		.4byte	.LASF51
 624 0349 05       		.byte	0x5
 625 034a 3E01     		.2byte	0x13e
 626 034c BD000000 		.4byte	0xbd
 627 0350 14       		.byte	0x14
 628 0351 09       		.uleb128 0x9
 629 0352 46070000 		.4byte	.LASF52
 630 0356 05       		.byte	0x5
 631 0357 3F01     		.2byte	0x13f
 632 0359 BD000000 		.4byte	0xbd
 633 035d 18       		.byte	0x18
 634 035e 09       		.uleb128 0x9
 635 035f EF020000 		.4byte	.LASF53
 636 0363 05       		.byte	0x5
 637 0364 4001     		.2byte	0x140
 638 0366 BD000000 		.4byte	0xbd
 639 036a 1C       		.byte	0x1c
 640 036b 09       		.uleb128 0x9
 641 036c 8C020000 		.4byte	.LASF54
 642 0370 05       		.byte	0x5
 643 0371 4101     		.2byte	0x141
 644 0373 BD000000 		.4byte	0xbd
 645 0377 20       		.byte	0x20
 646 0378 09       		.uleb128 0x9
 647 0379 5F020000 		.4byte	.LASF55
 648 037d 05       		.byte	0x5
 649 037e 4201     		.2byte	0x142
 650 0380 BD000000 		.4byte	0xbd
 651 0384 24       		.byte	0x24
 652 0385 09       		.uleb128 0x9
 653 0386 0F060000 		.4byte	.LASF56
 654 038a 05       		.byte	0x5
 655 038b 4301     		.2byte	0x143
 656 038d BD000000 		.4byte	0xbd
 657 0391 28       		.byte	0x28
 658 0392 09       		.uleb128 0x9
ARM GAS  C:\Users\mgnocco\AppData\Local\Temp\ccYXD3II.s 			page 16


 659 0393 96060000 		.4byte	.LASF57
 660 0397 05       		.byte	0x5
 661 0398 4401     		.2byte	0x144
 662 039a BD000000 		.4byte	0xbd
 663 039e 2C       		.byte	0x2c
 664 039f 09       		.uleb128 0x9
 665 03a0 B4040000 		.4byte	.LASF58
 666 03a4 05       		.byte	0x5
 667 03a5 4501     		.2byte	0x145
 668 03a7 81000000 		.4byte	0x81
 669 03ab 30       		.byte	0x30
 670 03ac 09       		.uleb128 0x9
 671 03ad 15020000 		.4byte	.LASF59
 672 03b1 05       		.byte	0x5
 673 03b2 4601     		.2byte	0x146
 674 03b4 81000000 		.4byte	0x81
 675 03b8 31       		.byte	0x31
 676 03b9 09       		.uleb128 0x9
 677 03ba 65030000 		.4byte	.LASF60
 678 03be 05       		.byte	0x5
 679 03bf 4701     		.2byte	0x147
 680 03c1 81000000 		.4byte	0x81
 681 03c5 32       		.byte	0x32
 682 03c6 09       		.uleb128 0x9
 683 03c7 63050000 		.4byte	.LASF61
 684 03cb 05       		.byte	0x5
 685 03cc 4801     		.2byte	0x148
 686 03ce 81000000 		.4byte	0x81
 687 03d2 33       		.byte	0x33
 688 03d3 09       		.uleb128 0x9
 689 03d4 77030000 		.4byte	.LASF62
 690 03d8 05       		.byte	0x5
 691 03d9 4901     		.2byte	0x149
 692 03db BD000000 		.4byte	0xbd
 693 03df 34       		.byte	0x34
 694 03e0 09       		.uleb128 0x9
 695 03e1 77040000 		.4byte	.LASF63
 696 03e5 05       		.byte	0x5
 697 03e6 4A01     		.2byte	0x14a
 698 03e8 BD000000 		.4byte	0xbd
 699 03ec 38       		.byte	0x38
 700 03ed 09       		.uleb128 0x9
 701 03ee 08030000 		.4byte	.LASF64
 702 03f2 05       		.byte	0x5
 703 03f3 4B01     		.2byte	0x14b
 704 03f5 BD000000 		.4byte	0xbd
 705 03f9 3C       		.byte	0x3c
 706 03fa 09       		.uleb128 0x9
 707 03fb 77050000 		.4byte	.LASF65
 708 03ff 05       		.byte	0x5
 709 0400 4C01     		.2byte	0x14c
 710 0402 BD000000 		.4byte	0xbd
 711 0406 40       		.byte	0x40
 712 0407 09       		.uleb128 0x9
 713 0408 69060000 		.4byte	.LASF66
 714 040c 05       		.byte	0x5
 715 040d 4D01     		.2byte	0x14d
ARM GAS  C:\Users\mgnocco\AppData\Local\Temp\ccYXD3II.s 			page 17


 716 040f 70040000 		.4byte	0x470
 717 0413 44       		.byte	0x44
 718 0414 09       		.uleb128 0x9
 719 0415 3A050000 		.4byte	.LASF67
 720 0419 05       		.byte	0x5
 721 041a 4E01     		.2byte	0x14e
 722 041c B1000000 		.4byte	0xb1
 723 0420 5C       		.byte	0x5c
 724 0421 09       		.uleb128 0x9
 725 0422 81020000 		.4byte	.LASF68
 726 0426 05       		.byte	0x5
 727 0427 4F01     		.2byte	0x14f
 728 0429 81000000 		.4byte	0x81
 729 042d 5E       		.byte	0x5e
 730 042e 09       		.uleb128 0x9
 731 042f FA010000 		.4byte	.LASF69
 732 0433 05       		.byte	0x5
 733 0434 5001     		.2byte	0x150
 734 0436 81000000 		.4byte	0x81
 735 043a 5F       		.byte	0x5f
 736 043b 09       		.uleb128 0x9
 737 043c 6D000000 		.4byte	.LASF70
 738 0440 05       		.byte	0x5
 739 0441 5101     		.2byte	0x151
 740 0443 81000000 		.4byte	0x81
 741 0447 60       		.byte	0x60
 742 0448 09       		.uleb128 0x9
 743 0449 4D070000 		.4byte	.LASF71
 744 044d 05       		.byte	0x5
 745 044e 5201     		.2byte	0x152
 746 0450 81000000 		.4byte	0x81
 747 0454 61       		.byte	0x61
 748 0455 09       		.uleb128 0x9
 749 0456 CF010000 		.4byte	.LASF72
 750 045a 05       		.byte	0x5
 751 045b 5301     		.2byte	0x153
 752 045d 81000000 		.4byte	0x81
 753 0461 62       		.byte	0x62
 754 0462 09       		.uleb128 0x9
 755 0463 83030000 		.4byte	.LASF38
 756 0467 05       		.byte	0x5
 757 0468 5401     		.2byte	0x154
 758 046a 80040000 		.4byte	0x480
 759 046e 63       		.byte	0x63
 760 046f 00       		.byte	0
 761 0470 06       		.uleb128 0x6
 762 0471 D5000000 		.4byte	0xd5
 763 0475 80040000 		.4byte	0x480
 764 0479 07       		.uleb128 0x7
 765 047a F1000000 		.4byte	0xf1
 766 047e 05       		.byte	0x5
 767 047f 00       		.byte	0
 768 0480 06       		.uleb128 0x6
 769 0481 81000000 		.4byte	0x81
 770 0485 90040000 		.4byte	0x490
 771 0489 07       		.uleb128 0x7
 772 048a F1000000 		.4byte	0xf1
ARM GAS  C:\Users\mgnocco\AppData\Local\Temp\ccYXD3II.s 			page 18


 773 048e 0C       		.byte	0xc
 774 048f 00       		.byte	0
 775 0490 08       		.uleb128 0x8
 776 0491 21050000 		.4byte	.LASF73
 777 0495 30       		.byte	0x30
 778 0496 05       		.byte	0x5
 779 0497 5B01     		.2byte	0x15b
 780 0499 13050000 		.4byte	0x513
 781 049d 09       		.uleb128 0x9
 782 049e 33060000 		.4byte	.LASF74
 783 04a2 05       		.byte	0x5
 784 04a3 5C01     		.2byte	0x15c
 785 04a5 13050000 		.4byte	0x513
 786 04a9 00       		.byte	0
 787 04aa 0A       		.uleb128 0xa
 788 04ab 72657300 		.ascii	"res\000"
 789 04af 05       		.byte	0x5
 790 04b0 5D01     		.2byte	0x15d
 791 04b2 E6020000 		.4byte	0x2e6
 792 04b6 05       		.byte	0x5
 793 04b7 09       		.uleb128 0x9
 794 04b8 67000000 		.4byte	.LASF75
 795 04bc 05       		.byte	0x5
 796 04bd 5E01     		.2byte	0x15e
 797 04bf 08010000 		.4byte	0x108
 798 04c3 08       		.byte	0x8
 799 04c4 09       		.uleb128 0x9
 800 04c5 FA040000 		.4byte	.LASF76
 801 04c9 05       		.byte	0x5
 802 04ca 5F01     		.2byte	0x15f
 803 04cc 23050000 		.4byte	0x523
 804 04d0 14       		.byte	0x14
 805 04d1 09       		.uleb128 0x9
 806 04d2 B9020000 		.4byte	.LASF77
 807 04d6 05       		.byte	0x5
 808 04d7 6001     		.2byte	0x160
 809 04d9 81000000 		.4byte	0x81
 810 04dd 20       		.byte	0x20
 811 04de 09       		.uleb128 0x9
 812 04df C0040000 		.4byte	.LASF78
 813 04e3 05       		.byte	0x5
 814 04e4 6101     		.2byte	0x161
 815 04e6 E6020000 		.4byte	0x2e6
 816 04ea 21       		.byte	0x21
 817 04eb 09       		.uleb128 0x9
 818 04ec DC020000 		.4byte	.LASF79
 819 04f0 05       		.byte	0x5
 820 04f1 6201     		.2byte	0x162
 821 04f3 A5000000 		.4byte	0xa5
 822 04f7 24       		.byte	0x24
 823 04f8 09       		.uleb128 0x9
 824 04f9 01050000 		.4byte	.LASF80
 825 04fd 05       		.byte	0x5
 826 04fe 6301     		.2byte	0x163
 827 0500 18010000 		.4byte	0x118
 828 0504 25       		.byte	0x25
 829 0505 09       		.uleb128 0x9
ARM GAS  C:\Users\mgnocco\AppData\Local\Temp\ccYXD3II.s 			page 19


 830 0506 83030000 		.4byte	.LASF38
 831 050a 05       		.byte	0x5
 832 050b 6401     		.2byte	0x164
 833 050d 33050000 		.4byte	0x533
 834 0511 28       		.byte	0x28
 835 0512 00       		.byte	0
 836 0513 06       		.uleb128 0x6
 837 0514 81000000 		.4byte	0x81
 838 0518 23050000 		.4byte	0x523
 839 051c 07       		.uleb128 0x7
 840 051d F1000000 		.4byte	0xf1
 841 0521 04       		.byte	0x4
 842 0522 00       		.byte	0
 843 0523 06       		.uleb128 0x6
 844 0524 C9000000 		.4byte	0xc9
 845 0528 33050000 		.4byte	0x533
 846 052c 07       		.uleb128 0x7
 847 052d F1000000 		.4byte	0xf1
 848 0531 02       		.byte	0x2
 849 0532 00       		.byte	0
 850 0533 06       		.uleb128 0x6
 851 0534 81000000 		.4byte	0x81
 852 0538 43050000 		.4byte	0x543
 853 053c 07       		.uleb128 0x7
 854 053d F1000000 		.4byte	0xf1
 855 0541 07       		.byte	0x7
 856 0542 00       		.byte	0
 857 0543 08       		.uleb128 0x8
 858 0544 70050000 		.4byte	.LASF81
 859 0548 10       		.byte	0x10
 860 0549 05       		.byte	0x5
 861 054a 6B01     		.2byte	0x16b
 862 054c 92050000 		.4byte	0x592
 863 0550 09       		.uleb128 0x9
 864 0551 87010000 		.4byte	.LASF82
 865 0555 05       		.byte	0x5
 866 0556 6C01     		.2byte	0x16c
 867 0558 92050000 		.4byte	0x592
 868 055c 00       		.byte	0
 869 055d 09       		.uleb128 0x9
 870 055e 4D000000 		.4byte	.LASF83
 871 0562 05       		.byte	0x5
 872 0563 6D01     		.2byte	0x16d
 873 0565 17020000 		.4byte	0x217
 874 0569 04       		.byte	0x4
 875 056a 09       		.uleb128 0x9
 876 056b 8C060000 		.4byte	.LASF84
 877 056f 05       		.byte	0x5
 878 0570 6E01     		.2byte	0x16e
 879 0572 A2050000 		.4byte	0x5a2
 880 0576 0C       		.byte	0xc
 881 0577 09       		.uleb128 0x9
 882 0578 4E060000 		.4byte	.LASF85
 883 057c 05       		.byte	0x5
 884 057d 6F01     		.2byte	0x16f
 885 057f 81000000 		.4byte	0x81
 886 0583 0E       		.byte	0xe
ARM GAS  C:\Users\mgnocco\AppData\Local\Temp\ccYXD3II.s 			page 20


 887 0584 09       		.uleb128 0x9
 888 0585 76020000 		.4byte	.LASF86
 889 0589 05       		.byte	0x5
 890 058a 7001     		.2byte	0x170
 891 058c 81000000 		.4byte	0x81
 892 0590 0F       		.byte	0xf
 893 0591 00       		.byte	0
 894 0592 06       		.uleb128 0x6
 895 0593 8D000000 		.4byte	0x8d
 896 0597 A2050000 		.4byte	0x5a2
 897 059b 07       		.uleb128 0x7
 898 059c F1000000 		.4byte	0xf1
 899 05a0 01       		.byte	0x1
 900 05a1 00       		.byte	0
 901 05a2 06       		.uleb128 0x6
 902 05a3 81000000 		.4byte	0x81
 903 05a7 B2050000 		.4byte	0x5b2
 904 05ab 07       		.uleb128 0x7
 905 05ac F1000000 		.4byte	0xf1
 906 05b0 01       		.byte	0x1
 907 05b1 00       		.byte	0
 908 05b2 08       		.uleb128 0x8
 909 05b3 46000000 		.4byte	.LASF87
 910 05b7 20       		.byte	0x20
 911 05b8 05       		.byte	0x5
 912 05b9 7701     		.2byte	0x177
 913 05bb F4050000 		.4byte	0x5f4
 914 05bf 09       		.uleb128 0x9
 915 05c0 75060000 		.4byte	.LASF88
 916 05c4 05       		.byte	0x5
 917 05c5 7801     		.2byte	0x178
 918 05c7 81000000 		.4byte	0x81
 919 05cb 00       		.byte	0
 920 05cc 09       		.uleb128 0x9
 921 05cd 2C020000 		.4byte	.LASF89
 922 05d1 05       		.byte	0x5
 923 05d2 7901     		.2byte	0x179
 924 05d4 81000000 		.4byte	0x81
 925 05d8 01       		.byte	0x1
 926 05d9 09       		.uleb128 0x9
 927 05da F4030000 		.4byte	.LASF90
 928 05de 05       		.byte	0x5
 929 05df 7A01     		.2byte	0x17a
 930 05e1 F4050000 		.4byte	0x5f4
 931 05e5 02       		.byte	0x2
 932 05e6 09       		.uleb128 0x9
 933 05e7 83030000 		.4byte	.LASF38
 934 05eb 05       		.byte	0x5
 935 05ec 7B01     		.2byte	0x17b
 936 05ee 13050000 		.4byte	0x513
 937 05f2 1B       		.byte	0x1b
 938 05f3 00       		.byte	0
 939 05f4 06       		.uleb128 0x6
 940 05f5 81000000 		.4byte	0x81
 941 05f9 0A060000 		.4byte	0x60a
 942 05fd 07       		.uleb128 0x7
 943 05fe F1000000 		.4byte	0xf1
ARM GAS  C:\Users\mgnocco\AppData\Local\Temp\ccYXD3II.s 			page 21


 944 0602 04       		.byte	0x4
 945 0603 07       		.uleb128 0x7
 946 0604 F1000000 		.4byte	0xf1
 947 0608 04       		.byte	0x4
 948 0609 00       		.byte	0
 949 060a 08       		.uleb128 0x8
 950 060b D9050000 		.4byte	.LASF91
 951 060f 20       		.byte	0x20
 952 0610 05       		.byte	0x5
 953 0611 8201     		.2byte	0x182
 954 0613 66060000 		.4byte	0x666
 955 0617 09       		.uleb128 0x9
 956 0618 90040000 		.4byte	.LASF92
 957 061c 05       		.byte	0x5
 958 061d 8301     		.2byte	0x183
 959 061f 66060000 		.4byte	0x666
 960 0623 00       		.byte	0
 961 0624 09       		.uleb128 0x9
 962 0625 B5060000 		.4byte	.LASF93
 963 0629 05       		.byte	0x5
 964 062a 8401     		.2byte	0x184
 965 062c 81000000 		.4byte	0x81
 966 0630 06       		.byte	0x6
 967 0631 09       		.uleb128 0x9
 968 0632 15030000 		.4byte	.LASF94
 969 0636 05       		.byte	0x5
 970 0637 8501     		.2byte	0x185
 971 0639 81000000 		.4byte	0x81
 972 063d 07       		.byte	0x7
 973 063e 09       		.uleb128 0x9
 974 063f 0E050000 		.4byte	.LASF95
 975 0643 05       		.byte	0x5
 976 0644 8601     		.2byte	0x186
 977 0646 47020000 		.4byte	0x247
 978 064a 08       		.byte	0x8
 979 064b 09       		.uleb128 0x9
 980 064c ED050000 		.4byte	.LASF96
 981 0650 05       		.byte	0x5
 982 0651 8701     		.2byte	0x187
 983 0653 81000000 		.4byte	0x81
 984 0657 14       		.byte	0x14
 985 0658 09       		.uleb128 0x9
 986 0659 83030000 		.4byte	.LASF38
 987 065d 05       		.byte	0x5
 988 065e 8801     		.2byte	0x188
 989 0660 76060000 		.4byte	0x676
 990 0664 15       		.byte	0x15
 991 0665 00       		.byte	0
 992 0666 06       		.uleb128 0x6
 993 0667 81000000 		.4byte	0x81
 994 066b 76060000 		.4byte	0x676
 995 066f 07       		.uleb128 0x7
 996 0670 F1000000 		.4byte	0xf1
 997 0674 05       		.byte	0x5
 998 0675 00       		.byte	0
 999 0676 06       		.uleb128 0x6
 1000 0677 81000000 		.4byte	0x81
ARM GAS  C:\Users\mgnocco\AppData\Local\Temp\ccYXD3II.s 			page 22


 1001 067b 86060000 		.4byte	0x686
 1002 067f 07       		.uleb128 0x7
 1003 0680 F1000000 		.4byte	0xf1
 1004 0684 0A       		.byte	0xa
 1005 0685 00       		.byte	0
 1006 0686 08       		.uleb128 0x8
 1007 0687 30030000 		.4byte	.LASF97
 1008 068b 20       		.byte	0x20
 1009 068c 05       		.byte	0x5
 1010 068d 8F01     		.2byte	0x18f
 1011 068f BB060000 		.4byte	0x6bb
 1012 0693 09       		.uleb128 0x9
 1013 0694 FD030000 		.4byte	.LASF98
 1014 0698 05       		.byte	0x5
 1015 0699 9001     		.2byte	0x190
 1016 069b F8000000 		.4byte	0xf8
 1017 069f 00       		.byte	0
 1018 06a0 09       		.uleb128 0x9
 1019 06a1 38030000 		.4byte	.LASF99
 1020 06a5 05       		.byte	0x5
 1021 06a6 9101     		.2byte	0x191
 1022 06a8 43050000 		.4byte	0x543
 1023 06ac 08       		.byte	0x8
 1024 06ad 09       		.uleb128 0x9
 1025 06ae 83030000 		.4byte	.LASF38
 1026 06b2 05       		.byte	0x5
 1027 06b3 9201     		.2byte	0x192
 1028 06b5 33050000 		.4byte	0x533
 1029 06b9 18       		.byte	0x18
 1030 06ba 00       		.byte	0
 1031 06bb 08       		.uleb128 0x8
 1032 06bc C8060000 		.4byte	.LASF100
 1033 06c0 10       		.byte	0x10
 1034 06c1 05       		.byte	0x5
 1035 06c2 9901     		.2byte	0x199
 1036 06c4 0A070000 		.4byte	0x70a
 1037 06c8 09       		.uleb128 0x9
 1038 06c9 6E040000 		.4byte	.LASF101
 1039 06cd 05       		.byte	0x5
 1040 06ce 9A01     		.2byte	0x19a
 1041 06d0 BD000000 		.4byte	0xbd
 1042 06d4 00       		.byte	0
 1043 06d5 09       		.uleb128 0x9
 1044 06d6 56010000 		.4byte	.LASF102
 1045 06da 05       		.byte	0x5
 1046 06db 9B01     		.2byte	0x19b
 1047 06dd BD000000 		.4byte	0xbd
 1048 06e1 04       		.byte	0x4
 1049 06e2 09       		.uleb128 0x9
 1050 06e3 7E010000 		.4byte	.LASF103
 1051 06e7 05       		.byte	0x5
 1052 06e8 9C01     		.2byte	0x19c
 1053 06ea BD000000 		.4byte	0xbd
 1054 06ee 08       		.byte	0x8
 1055 06ef 09       		.uleb128 0x9
 1056 06f0 18060000 		.4byte	.LASF104
 1057 06f4 05       		.byte	0x5
ARM GAS  C:\Users\mgnocco\AppData\Local\Temp\ccYXD3II.s 			page 23


 1058 06f5 9D01     		.2byte	0x19d
 1059 06f7 81000000 		.4byte	0x81
 1060 06fb 0C       		.byte	0xc
 1061 06fc 09       		.uleb128 0x9
 1062 06fd 83030000 		.4byte	.LASF38
 1063 0701 05       		.byte	0x5
 1064 0702 9E01     		.2byte	0x19e
 1065 0704 E6020000 		.4byte	0x2e6
 1066 0708 0D       		.byte	0xd
 1067 0709 00       		.byte	0
 1068 070a 08       		.uleb128 0x8
 1069 070b 54030000 		.4byte	.LASF105
 1070 070f 10       		.byte	0x10
 1071 0710 05       		.byte	0x5
 1072 0711 A501     		.2byte	0x1a5
 1073 0713 4C070000 		.4byte	0x74c
 1074 0717 09       		.uleb128 0x9
 1075 0718 A2020000 		.4byte	.LASF106
 1076 071c 05       		.byte	0x5
 1077 071d A601     		.2byte	0x1a6
 1078 071f 8D000000 		.4byte	0x8d
 1079 0723 00       		.byte	0
 1080 0724 09       		.uleb128 0x9
 1081 0725 33000000 		.4byte	.LASF107
 1082 0729 05       		.byte	0x5
 1083 072a A701     		.2byte	0x1a7
 1084 072c B1000000 		.4byte	0xb1
 1085 0730 02       		.byte	0x2
 1086 0731 09       		.uleb128 0x9
 1087 0732 18070000 		.4byte	.LASF108
 1088 0736 05       		.byte	0x5
 1089 0737 A801     		.2byte	0x1a8
 1090 0739 92050000 		.4byte	0x592
 1091 073d 04       		.byte	0x4
 1092 073e 09       		.uleb128 0x9
 1093 073f 83030000 		.4byte	.LASF38
 1094 0743 05       		.byte	0x5
 1095 0744 A901     		.2byte	0x1a9
 1096 0746 33050000 		.4byte	0x533
 1097 074a 08       		.byte	0x8
 1098 074b 00       		.byte	0
 1099 074c 08       		.uleb128 0x8
 1100 074d 54050000 		.4byte	.LASF109
 1101 0751 10       		.byte	0x10
 1102 0752 05       		.byte	0x5
 1103 0753 B001     		.2byte	0x1b0
 1104 0755 81070000 		.4byte	0x781
 1105 0759 09       		.uleb128 0x9
 1106 075a 90030000 		.4byte	.LASF110
 1107 075e 05       		.byte	0x5
 1108 075f B101     		.2byte	0x1b1
 1109 0761 81000000 		.4byte	0x81
 1110 0765 00       		.byte	0
 1111 0766 09       		.uleb128 0x9
 1112 0767 31050000 		.4byte	.LASF111
 1113 076b 05       		.byte	0x5
 1114 076c B201     		.2byte	0x1b2
ARM GAS  C:\Users\mgnocco\AppData\Local\Temp\ccYXD3II.s 			page 24


 1115 076e 81000000 		.4byte	0x81
 1116 0772 01       		.byte	0x1
 1117 0773 09       		.uleb128 0x9
 1118 0774 83030000 		.4byte	.LASF38
 1119 0778 05       		.byte	0x5
 1120 0779 B301     		.2byte	0x1b3
 1121 077b 81070000 		.4byte	0x781
 1122 077f 02       		.byte	0x2
 1123 0780 00       		.byte	0
 1124 0781 06       		.uleb128 0x6
 1125 0782 81000000 		.4byte	0x81
 1126 0786 91070000 		.4byte	0x791
 1127 078a 07       		.uleb128 0x7
 1128 078b F1000000 		.4byte	0xf1
 1129 078f 0D       		.byte	0xd
 1130 0790 00       		.byte	0
 1131 0791 08       		.uleb128 0x8
 1132 0792 28000000 		.4byte	.LASF112
 1133 0796 10       		.byte	0x10
 1134 0797 05       		.byte	0x5
 1135 0798 BA01     		.2byte	0x1ba
 1136 079a D3070000 		.4byte	0x7d3
 1137 079e 09       		.uleb128 0x9
 1138 079f 00000000 		.4byte	.LASF113
 1139 07a3 05       		.byte	0x5
 1140 07a4 BB01     		.2byte	0x1bb
 1141 07a6 BD000000 		.4byte	0xbd
 1142 07aa 00       		.byte	0
 1143 07ab 09       		.uleb128 0x9
 1144 07ac 1F040000 		.4byte	.LASF114
 1145 07b0 05       		.byte	0x5
 1146 07b1 BC01     		.2byte	0x1bc
 1147 07b3 D5000000 		.4byte	0xd5
 1148 07b7 04       		.byte	0x4
 1149 07b8 09       		.uleb128 0x9
 1150 07b9 A2030000 		.4byte	.LASF115
 1151 07bd 05       		.byte	0x5
 1152 07be BD01     		.2byte	0x1bd
 1153 07c0 D5000000 		.4byte	0xd5
 1154 07c4 08       		.byte	0x8
 1155 07c5 09       		.uleb128 0x9
 1156 07c6 83030000 		.4byte	.LASF38
 1157 07ca 05       		.byte	0x5
 1158 07cb BE01     		.2byte	0x1be
 1159 07cd D3070000 		.4byte	0x7d3
 1160 07d1 0C       		.byte	0xc
 1161 07d2 00       		.byte	0
 1162 07d3 06       		.uleb128 0x6
 1163 07d4 81000000 		.4byte	0x81
 1164 07d8 E3070000 		.4byte	0x7e3
 1165 07dc 07       		.uleb128 0x7
 1166 07dd F1000000 		.4byte	0xf1
 1167 07e1 03       		.byte	0x3
 1168 07e2 00       		.byte	0
 1169 07e3 08       		.uleb128 0x8
 1170 07e4 63040000 		.4byte	.LASF116
 1171 07e8 12       		.byte	0x12
ARM GAS  C:\Users\mgnocco\AppData\Local\Temp\ccYXD3II.s 			page 25


 1172 07e9 05       		.byte	0x5
 1173 07ea C501     		.2byte	0x1c5
 1174 07ec 25080000 		.4byte	0x825
 1175 07f0 09       		.uleb128 0x9
 1176 07f1 61010000 		.4byte	.LASF117
 1177 07f5 05       		.byte	0x5
 1178 07f6 C601     		.2byte	0x1c6
 1179 07f8 81000000 		.4byte	0x81
 1180 07fc 00       		.byte	0
 1181 07fd 09       		.uleb128 0x9
 1182 07fe 3B020000 		.4byte	.LASF118
 1183 0802 05       		.byte	0x5
 1184 0803 C701     		.2byte	0x1c7
 1185 0805 92050000 		.4byte	0x592
 1186 0809 02       		.byte	0x2
 1187 080a 09       		.uleb128 0x9
 1188 080b 7A000000 		.4byte	.LASF119
 1189 080f 05       		.byte	0x5
 1190 0810 C801     		.2byte	0x1c8
 1191 0812 81000000 		.4byte	0x81
 1192 0816 06       		.byte	0x6
 1193 0817 09       		.uleb128 0x9
 1194 0818 83030000 		.4byte	.LASF38
 1195 081c 05       		.byte	0x5
 1196 081d C901     		.2byte	0x1c9
 1197 081f 25080000 		.4byte	0x825
 1198 0823 07       		.byte	0x7
 1199 0824 00       		.byte	0
 1200 0825 06       		.uleb128 0x6
 1201 0826 81000000 		.4byte	0x81
 1202 082a 35080000 		.4byte	0x835
 1203 082e 07       		.uleb128 0x7
 1204 082f F1000000 		.4byte	0xf1
 1205 0833 09       		.byte	0x9
 1206 0834 00       		.byte	0
 1207 0835 0B       		.uleb128 0xb
 1208 0836 55020000 		.4byte	.LASF120
 1209 083a F402     		.2byte	0x2f4
 1210 083c 05       		.byte	0x5
 1211 083d D201     		.2byte	0x1d2
 1212 083f 1A090000 		.4byte	0x91a
 1213 0843 09       		.uleb128 0x9
 1214 0844 2C050000 		.4byte	.LASF121
 1215 0848 05       		.byte	0x5
 1216 0849 D401     		.2byte	0x1d4
 1217 084b 81000000 		.4byte	0x81
 1218 084f 00       		.byte	0
 1219 0850 09       		.uleb128 0x9
 1220 0851 83030000 		.4byte	.LASF38
 1221 0855 05       		.byte	0x5
 1222 0856 D501     		.2byte	0x1d5
 1223 0858 1A090000 		.4byte	0x91a
 1224 085c 01       		.byte	0x1
 1225 085d 0A       		.uleb128 0xa
 1226 085e 636E7400 		.ascii	"cnt\000"
 1227 0862 05       		.byte	0x5
 1228 0863 D601     		.2byte	0x1d6
ARM GAS  C:\Users\mgnocco\AppData\Local\Temp\ccYXD3II.s 			page 26


 1229 0865 7A010000 		.4byte	0x17a
 1230 0869 10       		.byte	0x10
 1231 086a 09       		.uleb128 0x9
 1232 086b 07020000 		.4byte	.LASF122
 1233 086f 05       		.byte	0x5
 1234 0870 D701     		.2byte	0x1d7
 1235 0872 2A090000 		.4byte	0x92a
 1236 0876 80       		.byte	0x80
 1237 0877 0A       		.uleb128 0xa
 1238 0878 64657600 		.ascii	"dev\000"
 1239 087c 05       		.byte	0x5
 1240 087d D801     		.2byte	0x1d8
 1241 087f 57020000 		.4byte	0x257
 1242 0883 A0       		.byte	0xa0
 1243 0884 09       		.uleb128 0x9
 1244 0885 BA040000 		.4byte	.LASF123
 1245 0889 05       		.byte	0x5
 1246 088a D901     		.2byte	0x1d9
 1247 088c 3A090000 		.4byte	0x93a
 1248 0890 B0       		.byte	0xb0
 1249 0891 0C       		.uleb128 0xc
 1250 0892 656E6300 		.ascii	"enc\000"
 1251 0896 05       		.byte	0x5
 1252 0897 DA01     		.2byte	0x1da
 1253 0899 4A090000 		.4byte	0x94a
 1254 089d 9001     		.2byte	0x190
 1255 089f 0C       		.uleb128 0xc
 1256 08a0 656D6700 		.ascii	"emg\000"
 1257 08a4 05       		.byte	0x5
 1258 08a5 DB01     		.2byte	0x1db
 1259 08a7 43050000 		.4byte	0x543
 1260 08ab F001     		.2byte	0x1f0
 1261 08ad 0C       		.uleb128 0xc
 1262 08ae 696D7500 		.ascii	"imu\000"
 1263 08b2 05       		.byte	0x5
 1264 08b3 DC01     		.2byte	0x1dc
 1265 08b5 B2050000 		.4byte	0x5b2
 1266 08b9 0002     		.2byte	0x200
 1267 08bb 0C       		.uleb128 0xc
 1268 08bc 65787000 		.ascii	"exp\000"
 1269 08c0 05       		.byte	0x5
 1270 08c1 DD01     		.2byte	0x1dd
 1271 08c3 0A060000 		.4byte	0x60a
 1272 08c7 2002     		.2byte	0x220
 1273 08c9 0D       		.uleb128 0xd
 1274 08ca D8040000 		.4byte	.LASF124
 1275 08ce 05       		.byte	0x5
 1276 08cf DE01     		.2byte	0x1de
 1277 08d1 5A090000 		.4byte	0x95a
 1278 08d5 4002     		.2byte	0x240
 1279 08d7 0C       		.uleb128 0xc
 1280 08d8 534800   		.ascii	"SH\000"
 1281 08db 05       		.byte	0x5
 1282 08dc E001     		.2byte	0x1e0
 1283 08de BB060000 		.4byte	0x6bb
 1284 08e2 A002     		.2byte	0x2a0
 1285 08e4 0D       		.uleb128 0xd
ARM GAS  C:\Users\mgnocco\AppData\Local\Temp\ccYXD3II.s 			page 27


 1286 08e5 83060000 		.4byte	.LASF125
 1287 08e9 05       		.byte	0x5
 1288 08ea E101     		.2byte	0x1e1
 1289 08ec 0A070000 		.4byte	0x70a
 1290 08f0 B002     		.2byte	0x2b0
 1291 08f2 0C       		.uleb128 0xc
 1292 08f3 4D5300   		.ascii	"MS\000"
 1293 08f6 05       		.byte	0x5
 1294 08f7 E201     		.2byte	0x1e2
 1295 08f9 4C070000 		.4byte	0x74c
 1296 08fd C002     		.2byte	0x2c0
 1297 08ff 0C       		.uleb128 0xc
 1298 0900 464200   		.ascii	"FB\000"
 1299 0903 05       		.byte	0x5
 1300 0904 E301     		.2byte	0x1e3
 1301 0906 91070000 		.4byte	0x791
 1302 090a D002     		.2byte	0x2d0
 1303 090c 0C       		.uleb128 0xc
 1304 090d 575200   		.ascii	"WR\000"
 1305 0910 05       		.byte	0x5
 1306 0911 E401     		.2byte	0x1e4
 1307 0913 E3070000 		.4byte	0x7e3
 1308 0917 E002     		.2byte	0x2e0
 1309 0919 00       		.byte	0
 1310 091a 06       		.uleb128 0x6
 1311 091b 81000000 		.4byte	0x81
 1312 091f 2A090000 		.4byte	0x92a
 1313 0923 07       		.uleb128 0x7
 1314 0924 F1000000 		.4byte	0xf1
 1315 0928 0E       		.byte	0xe
 1316 0929 00       		.byte	0
 1317 092a 06       		.uleb128 0x6
 1318 092b 81000000 		.4byte	0x81
 1319 092f 3A090000 		.4byte	0x93a
 1320 0933 07       		.uleb128 0x7
 1321 0934 F1000000 		.4byte	0xf1
 1322 0938 1F       		.byte	0x1f
 1323 0939 00       		.byte	0
 1324 093a 06       		.uleb128 0x6
 1325 093b F6020000 		.4byte	0x2f6
 1326 093f 4A090000 		.4byte	0x94a
 1327 0943 07       		.uleb128 0x7
 1328 0944 F1000000 		.4byte	0xf1
 1329 0948 01       		.byte	0x1
 1330 0949 00       		.byte	0
 1331 094a 06       		.uleb128 0x6
 1332 094b 90040000 		.4byte	0x490
 1333 094f 5A090000 		.4byte	0x95a
 1334 0953 07       		.uleb128 0x7
 1335 0954 F1000000 		.4byte	0xf1
 1336 0958 01       		.byte	0x1
 1337 0959 00       		.byte	0
 1338 095a 06       		.uleb128 0x6
 1339 095b 86060000 		.4byte	0x686
 1340 095f 6A090000 		.4byte	0x96a
 1341 0963 07       		.uleb128 0x7
 1342 0964 F1000000 		.4byte	0xf1
ARM GAS  C:\Users\mgnocco\AppData\Local\Temp\ccYXD3II.s 			page 28


 1343 0968 02       		.byte	0x2
 1344 0969 00       		.byte	0
 1345 096a 0E       		.uleb128 0xe
 1346 096b 13070000 		.4byte	.LASF136
 1347 096f 01       		.byte	0x1
 1348 0970 4B       		.byte	0x4b
 1349 0971 68000000 		.4byte	0x68
 1350 0975 00000000 		.4byte	.LFB64
 1351 0979 68010000 		.4byte	.LFE64-.LFB64
 1352 097d 01       		.uleb128 0x1
 1353 097e 9C       		.byte	0x9c
 1354 097f 96090000 		.4byte	0x996
 1355 0983 0F       		.uleb128 0xf
 1356 0984 6900     		.ascii	"i\000"
 1357 0986 01       		.byte	0x1
 1358 0987 4E       		.byte	0x4e
 1359 0988 81000000 		.4byte	0x81
 1360 098c 0F       		.uleb128 0xf
 1361 098d 6A00     		.ascii	"j\000"
 1362 098f 01       		.byte	0x1
 1363 0990 4E       		.byte	0x4e
 1364 0991 81000000 		.4byte	0x81
 1365 0995 00       		.byte	0
 1366 0996 10       		.uleb128 0x10
 1367 0997 71010000 		.4byte	.LASF126
 1368 099b 06       		.byte	0x6
 1369 099c 1207     		.2byte	0x712
 1370 099e A2090000 		.4byte	0x9a2
 1371 09a2 11       		.uleb128 0x11
 1372 09a3 76000000 		.4byte	0x76
 1373 09a7 10       		.uleb128 0x10
 1374 09a8 C4010000 		.4byte	.LASF127
 1375 09ac 05       		.byte	0x5
 1376 09ad 2602     		.2byte	0x226
 1377 09af 28010000 		.4byte	0x128
 1378 09b3 10       		.uleb128 0x10
 1379 09b4 57040000 		.4byte	.LASF128
 1380 09b8 05       		.byte	0x5
 1381 09b9 2702     		.2byte	0x227
 1382 09bb 35080000 		.4byte	0x835
 1383 09bf 10       		.uleb128 0x10
 1384 09c0 B3050000 		.4byte	.LASF129
 1385 09c4 05       		.byte	0x5
 1386 09c5 4202     		.2byte	0x242
 1387 09c7 81000000 		.4byte	0x81
 1388 09cb 10       		.uleb128 0x10
 1389 09cc 24010000 		.4byte	.LASF130
 1390 09d0 05       		.byte	0x5
 1391 09d1 4402     		.2byte	0x244
 1392 09d3 81000000 		.4byte	0x81
 1393 09d7 10       		.uleb128 0x10
 1394 09d8 4A040000 		.4byte	.LASF131
 1395 09dc 05       		.byte	0x5
 1396 09dd 4602     		.2byte	0x246
 1397 09df 81000000 		.4byte	0x81
 1398 09e3 10       		.uleb128 0x10
 1399 09e4 A9010000 		.4byte	.LASF132
ARM GAS  C:\Users\mgnocco\AppData\Local\Temp\ccYXD3II.s 			page 29


 1400 09e8 05       		.byte	0x5
 1401 09e9 4702     		.2byte	0x247
 1402 09eb 81000000 		.4byte	0x81
 1403 09ef 00       		.byte	0
 1404              		.section	.debug_abbrev,"",%progbits
 1405              	.Ldebug_abbrev0:
 1406 0000 01       		.uleb128 0x1
 1407 0001 11       		.uleb128 0x11
 1408 0002 01       		.byte	0x1
 1409 0003 25       		.uleb128 0x25
 1410 0004 0E       		.uleb128 0xe
 1411 0005 13       		.uleb128 0x13
 1412 0006 0B       		.uleb128 0xb
 1413 0007 03       		.uleb128 0x3
 1414 0008 0E       		.uleb128 0xe
 1415 0009 1B       		.uleb128 0x1b
 1416 000a 0E       		.uleb128 0xe
 1417 000b 55       		.uleb128 0x55
 1418 000c 17       		.uleb128 0x17
 1419 000d 11       		.uleb128 0x11
 1420 000e 01       		.uleb128 0x1
 1421 000f 10       		.uleb128 0x10
 1422 0010 17       		.uleb128 0x17
 1423 0011 00       		.byte	0
 1424 0012 00       		.byte	0
 1425 0013 02       		.uleb128 0x2
 1426 0014 24       		.uleb128 0x24
 1427 0015 00       		.byte	0
 1428 0016 0B       		.uleb128 0xb
 1429 0017 0B       		.uleb128 0xb
 1430 0018 3E       		.uleb128 0x3e
 1431 0019 0B       		.uleb128 0xb
 1432 001a 03       		.uleb128 0x3
 1433 001b 0E       		.uleb128 0xe
 1434 001c 00       		.byte	0
 1435 001d 00       		.byte	0
 1436 001e 03       		.uleb128 0x3
 1437 001f 16       		.uleb128 0x16
 1438 0020 00       		.byte	0
 1439 0021 03       		.uleb128 0x3
 1440 0022 0E       		.uleb128 0xe
 1441 0023 3A       		.uleb128 0x3a
 1442 0024 0B       		.uleb128 0xb
 1443 0025 3B       		.uleb128 0x3b
 1444 0026 0B       		.uleb128 0xb
 1445 0027 49       		.uleb128 0x49
 1446 0028 13       		.uleb128 0x13
 1447 0029 00       		.byte	0
 1448 002a 00       		.byte	0
 1449 002b 04       		.uleb128 0x4
 1450 002c 24       		.uleb128 0x24
 1451 002d 00       		.byte	0
 1452 002e 0B       		.uleb128 0xb
 1453 002f 0B       		.uleb128 0xb
 1454 0030 3E       		.uleb128 0x3e
 1455 0031 0B       		.uleb128 0xb
 1456 0032 03       		.uleb128 0x3
ARM GAS  C:\Users\mgnocco\AppData\Local\Temp\ccYXD3II.s 			page 30


 1457 0033 08       		.uleb128 0x8
 1458 0034 00       		.byte	0
 1459 0035 00       		.byte	0
 1460 0036 05       		.uleb128 0x5
 1461 0037 16       		.uleb128 0x16
 1462 0038 00       		.byte	0
 1463 0039 03       		.uleb128 0x3
 1464 003a 0E       		.uleb128 0xe
 1465 003b 3A       		.uleb128 0x3a
 1466 003c 0B       		.uleb128 0xb
 1467 003d 3B       		.uleb128 0x3b
 1468 003e 05       		.uleb128 0x5
 1469 003f 49       		.uleb128 0x49
 1470 0040 13       		.uleb128 0x13
 1471 0041 00       		.byte	0
 1472 0042 00       		.byte	0
 1473 0043 06       		.uleb128 0x6
 1474 0044 01       		.uleb128 0x1
 1475 0045 01       		.byte	0x1
 1476 0046 49       		.uleb128 0x49
 1477 0047 13       		.uleb128 0x13
 1478 0048 01       		.uleb128 0x1
 1479 0049 13       		.uleb128 0x13
 1480 004a 00       		.byte	0
 1481 004b 00       		.byte	0
 1482 004c 07       		.uleb128 0x7
 1483 004d 21       		.uleb128 0x21
 1484 004e 00       		.byte	0
 1485 004f 49       		.uleb128 0x49
 1486 0050 13       		.uleb128 0x13
 1487 0051 2F       		.uleb128 0x2f
 1488 0052 0B       		.uleb128 0xb
 1489 0053 00       		.byte	0
 1490 0054 00       		.byte	0
 1491 0055 08       		.uleb128 0x8
 1492 0056 13       		.uleb128 0x13
 1493 0057 01       		.byte	0x1
 1494 0058 03       		.uleb128 0x3
 1495 0059 0E       		.uleb128 0xe
 1496 005a 0B       		.uleb128 0xb
 1497 005b 0B       		.uleb128 0xb
 1498 005c 3A       		.uleb128 0x3a
 1499 005d 0B       		.uleb128 0xb
 1500 005e 3B       		.uleb128 0x3b
 1501 005f 05       		.uleb128 0x5
 1502 0060 01       		.uleb128 0x1
 1503 0061 13       		.uleb128 0x13
 1504 0062 00       		.byte	0
 1505 0063 00       		.byte	0
 1506 0064 09       		.uleb128 0x9
 1507 0065 0D       		.uleb128 0xd
 1508 0066 00       		.byte	0
 1509 0067 03       		.uleb128 0x3
 1510 0068 0E       		.uleb128 0xe
 1511 0069 3A       		.uleb128 0x3a
 1512 006a 0B       		.uleb128 0xb
 1513 006b 3B       		.uleb128 0x3b
ARM GAS  C:\Users\mgnocco\AppData\Local\Temp\ccYXD3II.s 			page 31


 1514 006c 05       		.uleb128 0x5
 1515 006d 49       		.uleb128 0x49
 1516 006e 13       		.uleb128 0x13
 1517 006f 38       		.uleb128 0x38
 1518 0070 0B       		.uleb128 0xb
 1519 0071 00       		.byte	0
 1520 0072 00       		.byte	0
 1521 0073 0A       		.uleb128 0xa
 1522 0074 0D       		.uleb128 0xd
 1523 0075 00       		.byte	0
 1524 0076 03       		.uleb128 0x3
 1525 0077 08       		.uleb128 0x8
 1526 0078 3A       		.uleb128 0x3a
 1527 0079 0B       		.uleb128 0xb
 1528 007a 3B       		.uleb128 0x3b
 1529 007b 05       		.uleb128 0x5
 1530 007c 49       		.uleb128 0x49
 1531 007d 13       		.uleb128 0x13
 1532 007e 38       		.uleb128 0x38
 1533 007f 0B       		.uleb128 0xb
 1534 0080 00       		.byte	0
 1535 0081 00       		.byte	0
 1536 0082 0B       		.uleb128 0xb
 1537 0083 13       		.uleb128 0x13
 1538 0084 01       		.byte	0x1
 1539 0085 03       		.uleb128 0x3
 1540 0086 0E       		.uleb128 0xe
 1541 0087 0B       		.uleb128 0xb
 1542 0088 05       		.uleb128 0x5
 1543 0089 3A       		.uleb128 0x3a
 1544 008a 0B       		.uleb128 0xb
 1545 008b 3B       		.uleb128 0x3b
 1546 008c 05       		.uleb128 0x5
 1547 008d 01       		.uleb128 0x1
 1548 008e 13       		.uleb128 0x13
 1549 008f 00       		.byte	0
 1550 0090 00       		.byte	0
 1551 0091 0C       		.uleb128 0xc
 1552 0092 0D       		.uleb128 0xd
 1553 0093 00       		.byte	0
 1554 0094 03       		.uleb128 0x3
 1555 0095 08       		.uleb128 0x8
 1556 0096 3A       		.uleb128 0x3a
 1557 0097 0B       		.uleb128 0xb
 1558 0098 3B       		.uleb128 0x3b
 1559 0099 05       		.uleb128 0x5
 1560 009a 49       		.uleb128 0x49
 1561 009b 13       		.uleb128 0x13
 1562 009c 38       		.uleb128 0x38
 1563 009d 05       		.uleb128 0x5
 1564 009e 00       		.byte	0
 1565 009f 00       		.byte	0
 1566 00a0 0D       		.uleb128 0xd
 1567 00a1 0D       		.uleb128 0xd
 1568 00a2 00       		.byte	0
 1569 00a3 03       		.uleb128 0x3
 1570 00a4 0E       		.uleb128 0xe
ARM GAS  C:\Users\mgnocco\AppData\Local\Temp\ccYXD3II.s 			page 32


 1571 00a5 3A       		.uleb128 0x3a
 1572 00a6 0B       		.uleb128 0xb
 1573 00a7 3B       		.uleb128 0x3b
 1574 00a8 05       		.uleb128 0x5
 1575 00a9 49       		.uleb128 0x49
 1576 00aa 13       		.uleb128 0x13
 1577 00ab 38       		.uleb128 0x38
 1578 00ac 05       		.uleb128 0x5
 1579 00ad 00       		.byte	0
 1580 00ae 00       		.byte	0
 1581 00af 0E       		.uleb128 0xe
 1582 00b0 2E       		.uleb128 0x2e
 1583 00b1 01       		.byte	0x1
 1584 00b2 3F       		.uleb128 0x3f
 1585 00b3 19       		.uleb128 0x19
 1586 00b4 03       		.uleb128 0x3
 1587 00b5 0E       		.uleb128 0xe
 1588 00b6 3A       		.uleb128 0x3a
 1589 00b7 0B       		.uleb128 0xb
 1590 00b8 3B       		.uleb128 0x3b
 1591 00b9 0B       		.uleb128 0xb
 1592 00ba 49       		.uleb128 0x49
 1593 00bb 13       		.uleb128 0x13
 1594 00bc 11       		.uleb128 0x11
 1595 00bd 01       		.uleb128 0x1
 1596 00be 12       		.uleb128 0x12
 1597 00bf 06       		.uleb128 0x6
 1598 00c0 40       		.uleb128 0x40
 1599 00c1 18       		.uleb128 0x18
 1600 00c2 9642     		.uleb128 0x2116
 1601 00c4 19       		.uleb128 0x19
 1602 00c5 01       		.uleb128 0x1
 1603 00c6 13       		.uleb128 0x13
 1604 00c7 00       		.byte	0
 1605 00c8 00       		.byte	0
 1606 00c9 0F       		.uleb128 0xf
 1607 00ca 34       		.uleb128 0x34
 1608 00cb 00       		.byte	0
 1609 00cc 03       		.uleb128 0x3
 1610 00cd 08       		.uleb128 0x8
 1611 00ce 3A       		.uleb128 0x3a
 1612 00cf 0B       		.uleb128 0xb
 1613 00d0 3B       		.uleb128 0x3b
 1614 00d1 0B       		.uleb128 0xb
 1615 00d2 49       		.uleb128 0x49
 1616 00d3 13       		.uleb128 0x13
 1617 00d4 00       		.byte	0
 1618 00d5 00       		.byte	0
 1619 00d6 10       		.uleb128 0x10
 1620 00d7 34       		.uleb128 0x34
 1621 00d8 00       		.byte	0
 1622 00d9 03       		.uleb128 0x3
 1623 00da 0E       		.uleb128 0xe
 1624 00db 3A       		.uleb128 0x3a
 1625 00dc 0B       		.uleb128 0xb
 1626 00dd 3B       		.uleb128 0x3b
 1627 00de 05       		.uleb128 0x5
ARM GAS  C:\Users\mgnocco\AppData\Local\Temp\ccYXD3II.s 			page 33


 1628 00df 49       		.uleb128 0x49
 1629 00e0 13       		.uleb128 0x13
 1630 00e1 3F       		.uleb128 0x3f
 1631 00e2 19       		.uleb128 0x19
 1632 00e3 3C       		.uleb128 0x3c
 1633 00e4 19       		.uleb128 0x19
 1634 00e5 00       		.byte	0
 1635 00e6 00       		.byte	0
 1636 00e7 11       		.uleb128 0x11
 1637 00e8 35       		.uleb128 0x35
 1638 00e9 00       		.byte	0
 1639 00ea 49       		.uleb128 0x49
 1640 00eb 13       		.uleb128 0x13
 1641 00ec 00       		.byte	0
 1642 00ed 00       		.byte	0
 1643 00ee 00       		.byte	0
 1644              		.section	.debug_aranges,"",%progbits
 1645 0000 1C000000 		.4byte	0x1c
 1646 0004 0200     		.2byte	0x2
 1647 0006 00000000 		.4byte	.Ldebug_info0
 1648 000a 04       		.byte	0x4
 1649 000b 00       		.byte	0
 1650 000c 0000     		.2byte	0
 1651 000e 0000     		.2byte	0
 1652 0010 00000000 		.4byte	.LFB64
 1653 0014 68010000 		.4byte	.LFE64-.LFB64
 1654 0018 00000000 		.4byte	0
 1655 001c 00000000 		.4byte	0
 1656              		.section	.debug_ranges,"",%progbits
 1657              	.Ldebug_ranges0:
 1658 0000 00000000 		.4byte	.LFB64
 1659 0004 68010000 		.4byte	.LFE64
 1660 0008 00000000 		.4byte	0
 1661 000c 00000000 		.4byte	0
 1662              		.section	.debug_line,"",%progbits
 1663              	.Ldebug_line0:
 1664 0000 B5010000 		.section	.debug_str,"MS",%progbits,1
 1664      02006001 
 1664      00000201 
 1664      FB0E0D00 
 1664      01010101 
 1665              	.LASF113:
 1666 0000 6D61785F 		.ascii	"max_residual_current\000"
 1666      72657369 
 1666      6475616C 
 1666      5F637572 
 1666      72656E74 
 1667              	.LASF44:
 1668 0015 7573655F 		.ascii	"use_2nd_motor_flag\000"
 1668      326E645F 
 1668      6D6F746F 
 1668      725F666C 
 1668      616700
 1669              	.LASF112:
 1670 0028 73745F46 		.ascii	"st_FB_spec\000"
 1670      425F7370 
 1670      656300
ARM GAS  C:\Users\mgnocco\AppData\Local\Temp\ccYXD3II.s 			page 34


 1671              	.LASF107:
 1672 0033 6A6F7973 		.ascii	"joystick_threshold\000"
 1672      7469636B 
 1672      5F746872 
 1672      6573686F 
 1672      6C6400
 1673              	.LASF87:
 1674 0046 73745F69 		.ascii	"st_imu\000"
 1674      6D7500
 1675              	.LASF83:
 1676 004d 656D675F 		.ascii	"emg_max_value\000"
 1676      6D61785F 
 1676      76616C75 
 1676      6500
 1677              	.LASF0:
 1678 005b 7369676E 		.ascii	"signed char\000"
 1678      65642063 
 1678      68617200 
 1679              	.LASF75:
 1680 0067 6D5F6F66 		.ascii	"m_off\000"
 1680      6600
 1681              	.LASF70:
 1682 006d 656E636F 		.ascii	"encoder_line\000"
 1682      6465725F 
 1682      6C696E65 
 1682      00
 1683              	.LASF119:
 1684 007a 77726973 		.ascii	"wrist_direction_association\000"
 1684      745F6469 
 1684      72656374 
 1684      696F6E5F 
 1684      6173736F 
 1685              	.LASF133:
 1686 0096 474E5520 		.ascii	"GNU C11 5.4.1 20160609 (release) [ARM/embedded-5-br"
 1686      43313120 
 1686      352E342E 
 1686      31203230 
 1686      31363036 
 1687 00c9 616E6368 		.ascii	"anch revision 237715] -mcpu=cortex-m3 -mthumb -g -O"
 1687      20726576 
 1687      6973696F 
 1687      6E203233 
 1687      37373135 
 1688 00fc 30202D66 		.ascii	"0 -ffunction-sections -ffat-lto-objects\000"
 1688      66756E63 
 1688      74696F6E 
 1688      2D736563 
 1688      74696F6E 
 1689              	.LASF130:
 1690 0124 6D61696E 		.ascii	"maintenance_flag\000"
 1690      74656E61 
 1690      6E63655F 
 1690      666C6167 
 1690      00
 1691              	.LASF7:
 1692 0135 6C6F6E67 		.ascii	"long long unsigned int\000"
 1692      206C6F6E 
ARM GAS  C:\Users\mgnocco\AppData\Local\Temp\ccYXD3II.s 			page 35


 1692      6720756E 
 1692      7369676E 
 1692      65642069 
 1693              	.LASF45:
 1694 014c 62617564 		.ascii	"baud_rate\000"
 1694      5F726174 
 1694      6500
 1695              	.LASF102:
 1696 0156 72657374 		.ascii	"rest_delay\000"
 1696      5F64656C 
 1696      617900
 1697              	.LASF117:
 1698 0161 61637469 		.ascii	"activation_mode\000"
 1698      76617469 
 1698      6F6E5F6D 
 1698      6F646500 
 1699              	.LASF126:
 1700 0171 49544D5F 		.ascii	"ITM_RxBuffer\000"
 1700      52784275 
 1700      66666572 
 1700      00
 1701              	.LASF103:
 1702 017e 72657374 		.ascii	"rest_vel\000"
 1702      5F76656C 
 1702      00
 1703              	.LASF82:
 1704 0187 656D675F 		.ascii	"emg_threshold\000"
 1704      74687265 
 1704      73686F6C 
 1704      6400
 1705              	.LASF6:
 1706 0195 6C6F6E67 		.ascii	"long long int\000"
 1706      206C6F6E 
 1706      6720696E 
 1706      7400
 1707              	.LASF25:
 1708 01a3 72656164 		.ascii	"ready\000"
 1708      7900
 1709              	.LASF132:
 1710 01a9 666F7263 		.ascii	"forced_open\000"
 1710      65645F6F 
 1710      70656E00 
 1711              	.LASF16:
 1712 01b5 696E7433 		.ascii	"int32\000"
 1712      3200
 1713              	.LASF4:
 1714 01bb 6C6F6E67 		.ascii	"long int\000"
 1714      20696E74 
 1714      00
 1715              	.LASF127:
 1716 01c4 675F7278 		.ascii	"g_rx\000"
 1716      00
 1717              	.LASF11:
 1718 01c9 75696E74 		.ascii	"uint8\000"
 1718      3800
 1719              	.LASF72:
 1720 01cf 6E6F745F 		.ascii	"not_revers_motor_flag\000"
ARM GAS  C:\Users\mgnocco\AppData\Local\Temp\ccYXD3II.s 			page 36


 1720      72657665 
 1720      72735F6D 
 1720      6F746F72 
 1720      5F666C61 
 1721              	.LASF42:
 1722 01e5 72696768 		.ascii	"right_left\000"
 1722      745F6C65 
 1722      667400
 1723              	.LASF32:
 1724 01f0 77697265 		.ascii	"wire_disp\000"
 1724      5F646973 
 1724      7000
 1725              	.LASF69:
 1726 01fa 636F6E74 		.ascii	"control_mode\000"
 1726      726F6C5F 
 1726      6D6F6465 
 1726      00
 1727              	.LASF122:
 1728 0207 756E7573 		.ascii	"unused_bytes1\000"
 1728      65645F62 
 1728      79746573 
 1728      3100
 1729              	.LASF59:
 1730 0215 61637469 		.ascii	"activate_pwm_rescaling\000"
 1730      76617465 
 1730      5F70776D 
 1730      5F726573 
 1730      63616C69 
 1731              	.LASF89:
 1732 022c 5350495F 		.ascii	"SPI_read_delay\000"
 1732      72656164 
 1732      5F64656C 
 1732      617900
 1733              	.LASF118:
 1734 023b 66617374 		.ascii	"fast_act_threshold\000"
 1734      5F616374 
 1734      5F746872 
 1734      6573686F 
 1734      6C6400
 1735              	.LASF13:
 1736 024e 75696E74 		.ascii	"uint32\000"
 1736      333200
 1737              	.LASF120:
 1738 0255 73745F65 		.ascii	"st_eeprom\000"
 1738      6570726F 
 1738      6D00
 1739              	.LASF55:
 1740 025f 6B5F705F 		.ascii	"k_p_c_dl\000"
 1740      635F646C 
 1740      00
 1741              	.LASF33:
 1742 0268 746F7461 		.ascii	"total_runtime\000"
 1742      6C5F7275 
 1742      6E74696D 
 1742      6500
 1743              	.LASF86:
 1744 0276 73776974 		.ascii	"switch_emg\000"
ARM GAS  C:\Users\mgnocco\AppData\Local\Temp\ccYXD3II.s 			page 37


 1744      63685F65 
 1744      6D6700
 1745              	.LASF68:
 1746 0281 696E7075 		.ascii	"input_mode\000"
 1746      745F6D6F 
 1746      646500
 1747              	.LASF54:
 1748 028c 6B5F645F 		.ascii	"k_d_dl\000"
 1748      646C00
 1749              	.LASF43:
 1750 0293 72657365 		.ascii	"reset_counters\000"
 1750      745F636F 
 1750      756E7465 
 1750      727300
 1751              	.LASF106:
 1752 02a2 6A6F7973 		.ascii	"joystick_closure_speed\000"
 1752      7469636B 
 1752      5F636C6F 
 1752      73757265 
 1752      5F737065 
 1753              	.LASF77:
 1754 02b9 646F7562 		.ascii	"double_encoder_on_off\000"
 1754      6C655F65 
 1754      6E636F64 
 1754      65725F6F 
 1754      6E5F6F66 
 1755              	.LASF8:
 1756 02cf 756E7369 		.ascii	"unsigned int\000"
 1756      676E6564 
 1756      20696E74 
 1756      00
 1757              	.LASF79:
 1758 02dc 6D6F746F 		.ascii	"motor_handle_ratio\000"
 1758      725F6861 
 1758      6E646C65 
 1758      5F726174 
 1758      696F00
 1759              	.LASF53:
 1760 02ef 6B5F695F 		.ascii	"k_i_dl\000"
 1760      646C00
 1761              	.LASF5:
 1762 02f6 6C6F6E67 		.ascii	"long unsigned int\000"
 1762      20756E73 
 1762      69676E65 
 1762      6420696E 
 1762      7400
 1763              	.LASF64:
 1764 0308 6D61785F 		.ascii	"max_step_neg\000"
 1764      73746570 
 1764      5F6E6567 
 1764      00
 1765              	.LASF94:
 1766 0315 72656164 		.ascii	"read_ADC_sensors_port_flag\000"
 1766      5F414443 
 1766      5F73656E 
 1766      736F7273 
 1766      5F706F72 
ARM GAS  C:\Users\mgnocco\AppData\Local\Temp\ccYXD3II.s 			page 38


 1767              	.LASF97:
 1768 0330 73745F75 		.ascii	"st_user\000"
 1768      73657200 
 1769              	.LASF99:
 1770 0338 75736572 		.ascii	"user_emg\000"
 1770      5F656D67 
 1770      00
 1771              	.LASF3:
 1772 0341 73686F72 		.ascii	"short unsigned int\000"
 1772      7420756E 
 1772      7369676E 
 1772      65642069 
 1772      6E7400
 1773              	.LASF105:
 1774 0354 73745F4A 		.ascii	"st_JOY_spec\000"
 1774      4F595F73 
 1774      70656300 
 1775              	.LASF14:
 1776 0360 696E7438 		.ascii	"int8\000"
 1776      00
 1777              	.LASF60:
 1778 0365 6D6F746F 		.ascii	"motor_driver_type\000"
 1778      725F6472 
 1778      69766572 
 1778      5F747970 
 1778      6500
 1779              	.LASF62:
 1780 0377 706F735F 		.ascii	"pos_lim_inf\000"
 1780      6C696D5F 
 1780      696E6600 
 1781              	.LASF38:
 1782 0383 756E7573 		.ascii	"unused_bytes\000"
 1782      65645F62 
 1782      79746573 
 1782      00
 1783              	.LASF110:
 1784 0390 736C6176 		.ascii	"slave_comm_active\000"
 1784      655F636F 
 1784      6D6D5F61 
 1784      63746976 
 1784      6500
 1785              	.LASF115:
 1786 03a2 70726F70 		.ascii	"prop_err_fb_gain\000"
 1786      5F657272 
 1786      5F66625F 
 1786      6761696E 
 1786      00
 1787              	.LASF29:
 1788 03b3 706F7369 		.ascii	"position_hist\000"
 1788      74696F6E 
 1788      5F686973 
 1788      7400
 1789              	.LASF9:
 1790 03c1 5F5F696E 		.ascii	"__int32_t\000"
 1790      7433325F 
 1790      7400
 1791              	.LASF40:
ARM GAS  C:\Users\mgnocco\AppData\Local\Temp\ccYXD3II.s 			page 39


 1792 03cb 68775F6D 		.ascii	"hw_maint_date\000"
 1792      61696E74 
 1792      5F646174 
 1792      6500
 1793              	.LASF35:
 1794 03d9 706F7765 		.ascii	"power_cycles\000"
 1794      725F6379 
 1794      636C6573 
 1794      00
 1795              	.LASF134:
 1796 03e6 2E2E5C73 		.ascii	"..\\src\\main.c\000"
 1796      72635C6D 
 1796      61696E2E 
 1796      6300
 1797              	.LASF90:
 1798 03f4 494D555F 		.ascii	"IMU_conf\000"
 1798      636F6E66 
 1798      00
 1799              	.LASF98:
 1800 03fd 75736572 		.ascii	"user_code_string\000"
 1800      5F636F64 
 1800      655F7374 
 1800      72696E67 
 1800      00
 1801              	.LASF17:
 1802 040e 666C6F61 		.ascii	"float32\000"
 1802      74333200 
 1803              	.LASF22:
 1804 0416 73697A65 		.ascii	"sizetype\000"
 1804      74797065 
 1804      00
 1805              	.LASF114:
 1806 041f 6D617869 		.ascii	"maximum_pressure_kPa\000"
 1806      6D756D5F 
 1806      70726573 
 1806      73757265 
 1806      5F6B5061 
 1807              	.LASF21:
 1808 0434 6C6F6E67 		.ascii	"long double\000"
 1808      20646F75 
 1808      626C6500 
 1809              	.LASF39:
 1810 0440 73745F64 		.ascii	"st_device\000"
 1810      65766963 
 1810      6500
 1811              	.LASF131:
 1812 044a 72657374 		.ascii	"rest_enabled\000"
 1812      5F656E61 
 1812      626C6564 
 1812      00
 1813              	.LASF128:
 1814 0457 675F6D65 		.ascii	"g_mem\000"
 1814      6D00
 1815              	.LASF49:
 1816 045d 6B5F705F 		.ascii	"k_p_c\000"
 1816      6300
 1817              	.LASF116:
ARM GAS  C:\Users\mgnocco\AppData\Local\Temp\ccYXD3II.s 			page 40


 1818 0463 73745F57 		.ascii	"st_WR_spec\000"
 1818      525F7370 
 1818      656300
 1819              	.LASF101:
 1820 046e 72657374 		.ascii	"rest_pos\000"
 1820      5F706F73 
 1820      00
 1821              	.LASF63:
 1822 0477 706F735F 		.ascii	"pos_lim_sup\000"
 1822      6C696D5F 
 1822      73757000 
 1823              	.LASF30:
 1824 0483 63757272 		.ascii	"current_hist\000"
 1824      656E745F 
 1824      68697374 
 1824      00
 1825              	.LASF92:
 1826 0490 63757272 		.ascii	"curr_time\000"
 1826      5F74696D 
 1826      6500
 1827              	.LASF36:
 1828 049a 65786365 		.ascii	"excessive_signal_activity\000"
 1828      73736976 
 1828      655F7369 
 1828      676E616C 
 1828      5F616374 
 1829              	.LASF58:
 1830 04b4 61637469 		.ascii	"activ\000"
 1830      7600
 1831              	.LASF123:
 1832 04ba 6D6F746F 		.ascii	"motor\000"
 1832      7200
 1833              	.LASF78:
 1834 04c0 456E635F 		.ascii	"Enc_idx_use_for_control\000"
 1834      6964785F 
 1834      7573655F 
 1834      666F725F 
 1834      636F6E74 
 1835              	.LASF124:
 1836 04d8 75736572 		.ascii	"user\000"
 1836      00
 1837              	.LASF10:
 1838 04dd 696E7433 		.ascii	"int32_t\000"
 1838      325F7400 
 1839              	.LASF1:
 1840 04e5 756E7369 		.ascii	"unsigned char\000"
 1840      676E6564 
 1840      20636861 
 1840      7200
 1841              	.LASF12:
 1842 04f3 75696E74 		.ascii	"uint16\000"
 1842      313600
 1843              	.LASF76:
 1844 04fa 6D5F6D75 		.ascii	"m_mult\000"
 1844      6C7400
 1845              	.LASF80:
 1846 0501 67656172 		.ascii	"gears_params\000"
ARM GAS  C:\Users\mgnocco\AppData\Local\Temp\ccYXD3II.s 			page 41


 1846      735F7061 
 1846      72616D73 
 1846      00
 1847              	.LASF95:
 1848 050e 4144435F 		.ascii	"ADC_conf\000"
 1848      636F6E66 
 1848      00
 1849              	.LASF2:
 1850 0517 73686F72 		.ascii	"short int\000"
 1850      7420696E 
 1850      7400
 1851              	.LASF73:
 1852 0521 73745F65 		.ascii	"st_encoder\000"
 1852      6E636F64 
 1852      657200
 1853              	.LASF121:
 1854 052c 666C6167 		.ascii	"flag\000"
 1854      00
 1855              	.LASF111:
 1856 0531 736C6176 		.ascii	"slave_ID\000"
 1856      655F4944 
 1856      00
 1857              	.LASF67:
 1858 053a 63757272 		.ascii	"current_limit\000"
 1858      656E745F 
 1858      6C696D69 
 1858      7400
 1859              	.LASF27:
 1860 0548 73745F63 		.ascii	"st_counters\000"
 1860      6F756E74 
 1860      65727300 
 1861              	.LASF109:
 1862 0554 73745F4D 		.ascii	"st_MASTER_spec\000"
 1862      41535445 
 1862      525F7370 
 1862      656300
 1863              	.LASF61:
 1864 0563 706F735F 		.ascii	"pos_lim_flag\000"
 1864      6C696D5F 
 1864      666C6167 
 1864      00
 1865              	.LASF81:
 1866 0570 73745F65 		.ascii	"st_emg\000"
 1866      6D6700
 1867              	.LASF65:
 1868 0577 6D61785F 		.ascii	"max_step_pos\000"
 1868      73746570 
 1868      5F706F73 
 1868      00
 1869              	.LASF34:
 1870 0584 746F7461 		.ascii	"total_time_rest\000"
 1870      6C5F7469 
 1870      6D655F72 
 1870      65737400 
 1871              	.LASF31:
 1872 0594 72657374 		.ascii	"rest_counter\000"
 1872      5F636F75 
ARM GAS  C:\Users\mgnocco\AppData\Local\Temp\ccYXD3II.s 			page 42


 1872      6E746572 
 1872      00
 1873              	.LASF18:
 1874 05a1 666C6F61 		.ascii	"float\000"
 1874      7400
 1875              	.LASF24:
 1876 05a7 6C656E67 		.ascii	"length\000"
 1876      746800
 1877              	.LASF20:
 1878 05ae 63686172 		.ascii	"char\000"
 1878      00
 1879              	.LASF129:
 1880 05b3 696E7465 		.ascii	"interrupt_flag\000"
 1880      72727570 
 1880      745F666C 
 1880      616700
 1881              	.LASF26:
 1882 05c2 73745F64 		.ascii	"st_data\000"
 1882      61746100 
 1883              	.LASF37:
 1884 05ca 6D6F7469 		.ascii	"motion_counter\000"
 1884      6F6E5F63 
 1884      6F756E74 
 1884      657200
 1885              	.LASF91:
 1886 05d9 73745F65 		.ascii	"st_expansion\000"
 1886      7870616E 
 1886      73696F6E 
 1886      00
 1887              	.LASF23:
 1888 05e6 62756666 		.ascii	"buffer\000"
 1888      657200
 1889              	.LASF96:
 1890 05ed 7265636F 		.ascii	"record_EMG_history_on_SD\000"
 1890      72645F45 
 1890      4D475F68 
 1890      6973746F 
 1890      72795F6F 
 1891              	.LASF47:
 1892 0606 6465765F 		.ascii	"dev_type\000"
 1892      74797065 
 1892      00
 1893              	.LASF56:
 1894 060f 6B5F695F 		.ascii	"k_i_c_dl\000"
 1894      635F646C 
 1894      00
 1895              	.LASF104:
 1896 0618 72657374 		.ascii	"rest_position_flag\000"
 1896      5F706F73 
 1896      6974696F 
 1896      6E5F666C 
 1896      616700
 1897              	.LASF46:
 1898 062b 75736572 		.ascii	"user_id\000"
 1898      5F696400 
 1899              	.LASF74:
 1900 0633 456E635F 		.ascii	"Enc_raw_read_conf\000"
ARM GAS  C:\Users\mgnocco\AppData\Local\Temp\ccYXD3II.s 			page 43


 1900      7261775F 
 1900      72656164 
 1900      5F636F6E 
 1900      6600
 1901              	.LASF48:
 1902 0645 73745F6D 		.ascii	"st_motor\000"
 1902      6F746F72 
 1902      00
 1903              	.LASF85:
 1904 064e 656D675F 		.ascii	"emg_calibration_flag\000"
 1904      63616C69 
 1904      62726174 
 1904      696F6E5F 
 1904      666C6167 
 1905              	.LASF51:
 1906 0663 6B5F645F 		.ascii	"k_d_c\000"
 1906      6300
 1907              	.LASF66:
 1908 0669 63757272 		.ascii	"curr_lookup\000"
 1908      5F6C6F6F 
 1908      6B757000 
 1909              	.LASF88:
 1910 0675 72656164 		.ascii	"read_imu_flag\000"
 1910      5F696D75 
 1910      5F666C61 
 1910      6700
 1911              	.LASF125:
 1912 0683 4A4F595F 		.ascii	"JOY_spec\000"
 1912      73706563 
 1912      00
 1913              	.LASF84:
 1914 068c 656D675F 		.ascii	"emg_speed\000"
 1914      73706565 
 1914      6400
 1915              	.LASF57:
 1916 0696 6B5F645F 		.ascii	"k_d_c_dl\000"
 1916      635F646C 
 1916      00
 1917              	.LASF28:
 1918 069f 656D675F 		.ascii	"emg_act_counter\000"
 1918      6163745F 
 1918      636F756E 
 1918      74657200 
 1919              	.LASF15:
 1920 06af 696E7431 		.ascii	"int16\000"
 1920      3600
 1921              	.LASF93:
 1922 06b5 72656164 		.ascii	"read_exp_port_flag\000"
 1922      5F657870 
 1922      5F706F72 
 1922      745F666C 
 1922      616700
 1923              	.LASF100:
 1924 06c8 73745F53 		.ascii	"st_SH_spec\000"
 1924      485F7370 
 1924      656300
 1925              	.LASF135:
ARM GAS  C:\Users\mgnocco\AppData\Local\Temp\ccYXD3II.s 			page 44


 1926 06d3 433A5C55 		.ascii	"C:\\Users\\mgnocco\\Documents\\GitHub\\PSoC5\\Toast"
 1926      73657273 
 1926      5C6D676E 
 1926      6F63636F 
 1926      5C446F63 
 1927 0700 5C546F61 		.ascii	"\\Toast.cydsn\000"
 1927      73742E63 
 1927      7964736E 
 1927      00
 1928              	.LASF50:
 1929 070d 6B5F695F 		.ascii	"k_i_c\000"
 1929      6300
 1930              	.LASF136:
 1931 0713 6D61696E 		.ascii	"main\000"
 1931      00
 1932              	.LASF108:
 1933 0718 6A6F7973 		.ascii	"joystick_gains\000"
 1933      7469636B 
 1933      5F676169 
 1933      6E7300
 1934              	.LASF41:
 1935 0727 73746174 		.ascii	"stats_period_begin_date\000"
 1935      735F7065 
 1935      72696F64 
 1935      5F626567 
 1935      696E5F64 
 1936              	.LASF19:
 1937 073f 646F7562 		.ascii	"double\000"
 1937      6C6500
 1938              	.LASF52:
 1939 0746 6B5F705F 		.ascii	"k_p_dl\000"
 1939      646C00
 1940              	.LASF71:
 1941 074d 70776D5F 		.ascii	"pwm_rate_limiter\000"
 1941      72617465 
 1941      5F6C696D 
 1941      69746572 
 1941      00
 1942              		.ident	"GCC: (GNU Tools for ARM Embedded Processors) 5.4.1 20160609 (release) [ARM/embedded-5-bran
