ARM GAS  C:\Users\mgnocco\AppData\Local\Temp\ccE4fIzW.s 			page 1


   1              		.syntax unified
   2              		.cpu cortex-m3
   3              		.fpu softvfp
   4              		.eabi_attribute 20, 1
   5              		.eabi_attribute 21, 1
   6              		.eabi_attribute 23, 3
   7              		.eabi_attribute 24, 1
   8              		.eabi_attribute 25, 1
   9              		.eabi_attribute 26, 1
  10              		.eabi_attribute 30, 6
  11              		.eabi_attribute 34, 1
  12              		.eabi_attribute 18, 4
  13              		.thumb
  14              		.syntax unified
  15              		.file	"PWM_MOTORS_PM.c"
  16              		.text
  17              	.Ltext0:
  18              		.cfi_sections	.debug_frame
  19              		.bss
  20              		.align	2
  21              	PWM_MOTORS_backup:
  22 0000 000000   		.space	3
  23              		.section	.text.PWM_MOTORS_SaveConfig,"ax",%progbits
  24              		.align	2
  25              		.global	PWM_MOTORS_SaveConfig
  26              		.thumb
  27              		.thumb_func
  28              		.type	PWM_MOTORS_SaveConfig, %function
  29              	PWM_MOTORS_SaveConfig:
  30              	.LFB0:
  31              		.file 1 "Generated_Source\\PSoC5\\PWM_MOTORS_PM.c"
   1:Generated_Source\PSoC5/PWM_MOTORS_PM.c **** /*******************************************************************************
   2:Generated_Source\PSoC5/PWM_MOTORS_PM.c **** * File Name: PWM_MOTORS_PM.c
   3:Generated_Source\PSoC5/PWM_MOTORS_PM.c **** * Version 3.30
   4:Generated_Source\PSoC5/PWM_MOTORS_PM.c **** *
   5:Generated_Source\PSoC5/PWM_MOTORS_PM.c **** * Description:
   6:Generated_Source\PSoC5/PWM_MOTORS_PM.c **** *  This file provides the power management source code to API for the
   7:Generated_Source\PSoC5/PWM_MOTORS_PM.c **** *  PWM.
   8:Generated_Source\PSoC5/PWM_MOTORS_PM.c **** *
   9:Generated_Source\PSoC5/PWM_MOTORS_PM.c **** * Note:
  10:Generated_Source\PSoC5/PWM_MOTORS_PM.c **** *
  11:Generated_Source\PSoC5/PWM_MOTORS_PM.c **** ********************************************************************************
  12:Generated_Source\PSoC5/PWM_MOTORS_PM.c **** * Copyright 2008-2014, Cypress Semiconductor Corporation.  All rights reserved.
  13:Generated_Source\PSoC5/PWM_MOTORS_PM.c **** * You may use this file only in accordance with the license, terms, conditions,
  14:Generated_Source\PSoC5/PWM_MOTORS_PM.c **** * disclaimers, and limitations in the end user license agreement accompanying
  15:Generated_Source\PSoC5/PWM_MOTORS_PM.c **** * the software package with which this file was provided.
  16:Generated_Source\PSoC5/PWM_MOTORS_PM.c **** *******************************************************************************/
  17:Generated_Source\PSoC5/PWM_MOTORS_PM.c **** 
  18:Generated_Source\PSoC5/PWM_MOTORS_PM.c **** #include "PWM_MOTORS.h"
  19:Generated_Source\PSoC5/PWM_MOTORS_PM.c **** 
  20:Generated_Source\PSoC5/PWM_MOTORS_PM.c **** static PWM_MOTORS_backupStruct PWM_MOTORS_backup;
  21:Generated_Source\PSoC5/PWM_MOTORS_PM.c **** 
  22:Generated_Source\PSoC5/PWM_MOTORS_PM.c **** 
  23:Generated_Source\PSoC5/PWM_MOTORS_PM.c **** /*******************************************************************************
  24:Generated_Source\PSoC5/PWM_MOTORS_PM.c **** * Function Name: PWM_MOTORS_SaveConfig
  25:Generated_Source\PSoC5/PWM_MOTORS_PM.c **** ********************************************************************************
  26:Generated_Source\PSoC5/PWM_MOTORS_PM.c **** *
ARM GAS  C:\Users\mgnocco\AppData\Local\Temp\ccE4fIzW.s 			page 2


  27:Generated_Source\PSoC5/PWM_MOTORS_PM.c **** * Summary:
  28:Generated_Source\PSoC5/PWM_MOTORS_PM.c **** *  Saves the current user configuration of the component.
  29:Generated_Source\PSoC5/PWM_MOTORS_PM.c **** *
  30:Generated_Source\PSoC5/PWM_MOTORS_PM.c **** * Parameters:
  31:Generated_Source\PSoC5/PWM_MOTORS_PM.c **** *  None
  32:Generated_Source\PSoC5/PWM_MOTORS_PM.c **** *
  33:Generated_Source\PSoC5/PWM_MOTORS_PM.c **** * Return:
  34:Generated_Source\PSoC5/PWM_MOTORS_PM.c **** *  None
  35:Generated_Source\PSoC5/PWM_MOTORS_PM.c **** *
  36:Generated_Source\PSoC5/PWM_MOTORS_PM.c **** * Global variables:
  37:Generated_Source\PSoC5/PWM_MOTORS_PM.c **** *  PWM_MOTORS_backup:  Variables of this global structure are modified to
  38:Generated_Source\PSoC5/PWM_MOTORS_PM.c **** *  store the values of non retention configuration registers when Sleep() API is
  39:Generated_Source\PSoC5/PWM_MOTORS_PM.c **** *  called.
  40:Generated_Source\PSoC5/PWM_MOTORS_PM.c **** *
  41:Generated_Source\PSoC5/PWM_MOTORS_PM.c **** *******************************************************************************/
  42:Generated_Source\PSoC5/PWM_MOTORS_PM.c **** void PWM_MOTORS_SaveConfig(void) 
  43:Generated_Source\PSoC5/PWM_MOTORS_PM.c **** {
  32              		.loc 1 43 0
  33              		.cfi_startproc
  34              		@ args = 0, pretend = 0, frame = 0
  35              		@ frame_needed = 1, uses_anonymous_args = 0
  36 0000 80B5     		push	{r7, lr}
  37              		.cfi_def_cfa_offset 8
  38              		.cfi_offset 7, -8
  39              		.cfi_offset 14, -4
  40 0002 00AF     		add	r7, sp, #0
  41              		.cfi_def_cfa_register 7
  44:Generated_Source\PSoC5/PWM_MOTORS_PM.c **** 
  45:Generated_Source\PSoC5/PWM_MOTORS_PM.c ****     #if(!PWM_MOTORS_UsingFixedFunction)
  46:Generated_Source\PSoC5/PWM_MOTORS_PM.c ****         #if(!PWM_MOTORS_PWMModeIsCenterAligned)
  47:Generated_Source\PSoC5/PWM_MOTORS_PM.c ****             PWM_MOTORS_backup.PWMPeriod = PWM_MOTORS_ReadPeriod();
  42              		.loc 1 47 0
  43 0004 FFF7FEFF 		bl	PWM_MOTORS_ReadPeriod
  44 0008 0346     		mov	r3, r0
  45 000a 1A46     		mov	r2, r3
  46 000c 044B     		ldr	r3, .L2
  47 000e 9A70     		strb	r2, [r3, #2]
  48:Generated_Source\PSoC5/PWM_MOTORS_PM.c ****         #endif /* (!PWM_MOTORS_PWMModeIsCenterAligned) */
  49:Generated_Source\PSoC5/PWM_MOTORS_PM.c ****         PWM_MOTORS_backup.PWMUdb = PWM_MOTORS_ReadCounter();
  48              		.loc 1 49 0
  49 0010 FFF7FEFF 		bl	PWM_MOTORS_ReadCounter
  50 0014 0346     		mov	r3, r0
  51 0016 1A46     		mov	r2, r3
  52 0018 014B     		ldr	r3, .L2
  53 001a 5A70     		strb	r2, [r3, #1]
  50:Generated_Source\PSoC5/PWM_MOTORS_PM.c ****         #if (PWM_MOTORS_UseStatus)
  51:Generated_Source\PSoC5/PWM_MOTORS_PM.c ****             PWM_MOTORS_backup.InterruptMaskValue = PWM_MOTORS_STATUS_MASK;
  52:Generated_Source\PSoC5/PWM_MOTORS_PM.c ****         #endif /* (PWM_MOTORS_UseStatus) */
  53:Generated_Source\PSoC5/PWM_MOTORS_PM.c **** 
  54:Generated_Source\PSoC5/PWM_MOTORS_PM.c ****         #if(PWM_MOTORS_DeadBandMode == PWM_MOTORS__B_PWM__DBM_256_CLOCKS || \
  55:Generated_Source\PSoC5/PWM_MOTORS_PM.c ****             PWM_MOTORS_DeadBandMode == PWM_MOTORS__B_PWM__DBM_2_4_CLOCKS)
  56:Generated_Source\PSoC5/PWM_MOTORS_PM.c ****             PWM_MOTORS_backup.PWMdeadBandValue = PWM_MOTORS_ReadDeadTime();
  57:Generated_Source\PSoC5/PWM_MOTORS_PM.c ****         #endif /*  deadband count is either 2-4 clocks or 256 clocks */
  58:Generated_Source\PSoC5/PWM_MOTORS_PM.c **** 
  59:Generated_Source\PSoC5/PWM_MOTORS_PM.c ****         #if(PWM_MOTORS_KillModeMinTime)
  60:Generated_Source\PSoC5/PWM_MOTORS_PM.c ****              PWM_MOTORS_backup.PWMKillCounterPeriod = PWM_MOTORS_ReadKillTime();
  61:Generated_Source\PSoC5/PWM_MOTORS_PM.c ****         #endif /* (PWM_MOTORS_KillModeMinTime) */
ARM GAS  C:\Users\mgnocco\AppData\Local\Temp\ccE4fIzW.s 			page 3


  62:Generated_Source\PSoC5/PWM_MOTORS_PM.c **** 
  63:Generated_Source\PSoC5/PWM_MOTORS_PM.c ****         #if(PWM_MOTORS_UseControl)
  64:Generated_Source\PSoC5/PWM_MOTORS_PM.c ****             PWM_MOTORS_backup.PWMControlRegister = PWM_MOTORS_ReadControlRegister();
  65:Generated_Source\PSoC5/PWM_MOTORS_PM.c ****         #endif /* (PWM_MOTORS_UseControl) */
  66:Generated_Source\PSoC5/PWM_MOTORS_PM.c ****     #endif  /* (!PWM_MOTORS_UsingFixedFunction) */
  67:Generated_Source\PSoC5/PWM_MOTORS_PM.c **** }
  54              		.loc 1 67 0
  55 001c 00BF     		nop
  56 001e 80BD     		pop	{r7, pc}
  57              	.L3:
  58              		.align	2
  59              	.L2:
  60 0020 00000000 		.word	PWM_MOTORS_backup
  61              		.cfi_endproc
  62              	.LFE0:
  63              		.size	PWM_MOTORS_SaveConfig, .-PWM_MOTORS_SaveConfig
  64              		.section	.text.PWM_MOTORS_RestoreConfig,"ax",%progbits
  65              		.align	2
  66              		.global	PWM_MOTORS_RestoreConfig
  67              		.thumb
  68              		.thumb_func
  69              		.type	PWM_MOTORS_RestoreConfig, %function
  70              	PWM_MOTORS_RestoreConfig:
  71              	.LFB1:
  68:Generated_Source\PSoC5/PWM_MOTORS_PM.c **** 
  69:Generated_Source\PSoC5/PWM_MOTORS_PM.c **** 
  70:Generated_Source\PSoC5/PWM_MOTORS_PM.c **** /*******************************************************************************
  71:Generated_Source\PSoC5/PWM_MOTORS_PM.c **** * Function Name: PWM_MOTORS_RestoreConfig
  72:Generated_Source\PSoC5/PWM_MOTORS_PM.c **** ********************************************************************************
  73:Generated_Source\PSoC5/PWM_MOTORS_PM.c **** *
  74:Generated_Source\PSoC5/PWM_MOTORS_PM.c **** * Summary:
  75:Generated_Source\PSoC5/PWM_MOTORS_PM.c **** *  Restores the current user configuration of the component.
  76:Generated_Source\PSoC5/PWM_MOTORS_PM.c **** *
  77:Generated_Source\PSoC5/PWM_MOTORS_PM.c **** * Parameters:
  78:Generated_Source\PSoC5/PWM_MOTORS_PM.c **** *  None
  79:Generated_Source\PSoC5/PWM_MOTORS_PM.c **** *
  80:Generated_Source\PSoC5/PWM_MOTORS_PM.c **** * Return:
  81:Generated_Source\PSoC5/PWM_MOTORS_PM.c **** *  None
  82:Generated_Source\PSoC5/PWM_MOTORS_PM.c **** *
  83:Generated_Source\PSoC5/PWM_MOTORS_PM.c **** * Global variables:
  84:Generated_Source\PSoC5/PWM_MOTORS_PM.c **** *  PWM_MOTORS_backup:  Variables of this global structure are used to
  85:Generated_Source\PSoC5/PWM_MOTORS_PM.c **** *  restore the values of non retention registers on wakeup from sleep mode.
  86:Generated_Source\PSoC5/PWM_MOTORS_PM.c **** *
  87:Generated_Source\PSoC5/PWM_MOTORS_PM.c **** *******************************************************************************/
  88:Generated_Source\PSoC5/PWM_MOTORS_PM.c **** void PWM_MOTORS_RestoreConfig(void) 
  89:Generated_Source\PSoC5/PWM_MOTORS_PM.c **** {
  72              		.loc 1 89 0
  73              		.cfi_startproc
  74              		@ args = 0, pretend = 0, frame = 0
  75              		@ frame_needed = 1, uses_anonymous_args = 0
  76 0000 80B5     		push	{r7, lr}
  77              		.cfi_def_cfa_offset 8
  78              		.cfi_offset 7, -8
  79              		.cfi_offset 14, -4
  80 0002 00AF     		add	r7, sp, #0
  81              		.cfi_def_cfa_register 7
  90:Generated_Source\PSoC5/PWM_MOTORS_PM.c ****         #if(!PWM_MOTORS_UsingFixedFunction)
ARM GAS  C:\Users\mgnocco\AppData\Local\Temp\ccE4fIzW.s 			page 4


  91:Generated_Source\PSoC5/PWM_MOTORS_PM.c ****             #if(!PWM_MOTORS_PWMModeIsCenterAligned)
  92:Generated_Source\PSoC5/PWM_MOTORS_PM.c ****                 PWM_MOTORS_WritePeriod(PWM_MOTORS_backup.PWMPeriod);
  82              		.loc 1 92 0
  83 0004 054B     		ldr	r3, .L5
  84 0006 9B78     		ldrb	r3, [r3, #2]	@ zero_extendqisi2
  85 0008 1846     		mov	r0, r3
  86 000a FFF7FEFF 		bl	PWM_MOTORS_WritePeriod
  93:Generated_Source\PSoC5/PWM_MOTORS_PM.c ****             #endif /* (!PWM_MOTORS_PWMModeIsCenterAligned) */
  94:Generated_Source\PSoC5/PWM_MOTORS_PM.c **** 
  95:Generated_Source\PSoC5/PWM_MOTORS_PM.c ****             PWM_MOTORS_WriteCounter(PWM_MOTORS_backup.PWMUdb);
  87              		.loc 1 95 0
  88 000e 034B     		ldr	r3, .L5
  89 0010 5B78     		ldrb	r3, [r3, #1]	@ zero_extendqisi2
  90 0012 1846     		mov	r0, r3
  91 0014 FFF7FEFF 		bl	PWM_MOTORS_WriteCounter
  96:Generated_Source\PSoC5/PWM_MOTORS_PM.c **** 
  97:Generated_Source\PSoC5/PWM_MOTORS_PM.c ****             #if (PWM_MOTORS_UseStatus)
  98:Generated_Source\PSoC5/PWM_MOTORS_PM.c ****                 PWM_MOTORS_STATUS_MASK = PWM_MOTORS_backup.InterruptMaskValue;
  99:Generated_Source\PSoC5/PWM_MOTORS_PM.c ****             #endif /* (PWM_MOTORS_UseStatus) */
 100:Generated_Source\PSoC5/PWM_MOTORS_PM.c **** 
 101:Generated_Source\PSoC5/PWM_MOTORS_PM.c ****             #if(PWM_MOTORS_DeadBandMode == PWM_MOTORS__B_PWM__DBM_256_CLOCKS || \
 102:Generated_Source\PSoC5/PWM_MOTORS_PM.c ****                 PWM_MOTORS_DeadBandMode == PWM_MOTORS__B_PWM__DBM_2_4_CLOCKS)
 103:Generated_Source\PSoC5/PWM_MOTORS_PM.c ****                 PWM_MOTORS_WriteDeadTime(PWM_MOTORS_backup.PWMdeadBandValue);
 104:Generated_Source\PSoC5/PWM_MOTORS_PM.c ****             #endif /* deadband count is either 2-4 clocks or 256 clocks */
 105:Generated_Source\PSoC5/PWM_MOTORS_PM.c **** 
 106:Generated_Source\PSoC5/PWM_MOTORS_PM.c ****             #if(PWM_MOTORS_KillModeMinTime)
 107:Generated_Source\PSoC5/PWM_MOTORS_PM.c ****                 PWM_MOTORS_WriteKillTime(PWM_MOTORS_backup.PWMKillCounterPeriod);
 108:Generated_Source\PSoC5/PWM_MOTORS_PM.c ****             #endif /* (PWM_MOTORS_KillModeMinTime) */
 109:Generated_Source\PSoC5/PWM_MOTORS_PM.c **** 
 110:Generated_Source\PSoC5/PWM_MOTORS_PM.c ****             #if(PWM_MOTORS_UseControl)
 111:Generated_Source\PSoC5/PWM_MOTORS_PM.c ****                 PWM_MOTORS_WriteControlRegister(PWM_MOTORS_backup.PWMControlRegister);
 112:Generated_Source\PSoC5/PWM_MOTORS_PM.c ****             #endif /* (PWM_MOTORS_UseControl) */
 113:Generated_Source\PSoC5/PWM_MOTORS_PM.c ****         #endif  /* (!PWM_MOTORS_UsingFixedFunction) */
 114:Generated_Source\PSoC5/PWM_MOTORS_PM.c ****     }
  92              		.loc 1 114 0
  93 0018 00BF     		nop
  94 001a 80BD     		pop	{r7, pc}
  95              	.L6:
  96              		.align	2
  97              	.L5:
  98 001c 00000000 		.word	PWM_MOTORS_backup
  99              		.cfi_endproc
 100              	.LFE1:
 101              		.size	PWM_MOTORS_RestoreConfig, .-PWM_MOTORS_RestoreConfig
 102              		.section	.text.PWM_MOTORS_Sleep,"ax",%progbits
 103              		.align	2
 104              		.global	PWM_MOTORS_Sleep
 105              		.thumb
 106              		.thumb_func
 107              		.type	PWM_MOTORS_Sleep, %function
 108              	PWM_MOTORS_Sleep:
 109              	.LFB2:
 115:Generated_Source\PSoC5/PWM_MOTORS_PM.c **** 
 116:Generated_Source\PSoC5/PWM_MOTORS_PM.c **** 
 117:Generated_Source\PSoC5/PWM_MOTORS_PM.c **** /*******************************************************************************
 118:Generated_Source\PSoC5/PWM_MOTORS_PM.c **** * Function Name: PWM_MOTORS_Sleep
 119:Generated_Source\PSoC5/PWM_MOTORS_PM.c **** ********************************************************************************
ARM GAS  C:\Users\mgnocco\AppData\Local\Temp\ccE4fIzW.s 			page 5


 120:Generated_Source\PSoC5/PWM_MOTORS_PM.c **** *
 121:Generated_Source\PSoC5/PWM_MOTORS_PM.c **** * Summary:
 122:Generated_Source\PSoC5/PWM_MOTORS_PM.c **** *  Disables block's operation and saves the user configuration. Should be called
 123:Generated_Source\PSoC5/PWM_MOTORS_PM.c **** *  just prior to entering sleep.
 124:Generated_Source\PSoC5/PWM_MOTORS_PM.c **** *
 125:Generated_Source\PSoC5/PWM_MOTORS_PM.c **** * Parameters:
 126:Generated_Source\PSoC5/PWM_MOTORS_PM.c **** *  None
 127:Generated_Source\PSoC5/PWM_MOTORS_PM.c **** *
 128:Generated_Source\PSoC5/PWM_MOTORS_PM.c **** * Return:
 129:Generated_Source\PSoC5/PWM_MOTORS_PM.c **** *  None
 130:Generated_Source\PSoC5/PWM_MOTORS_PM.c **** *
 131:Generated_Source\PSoC5/PWM_MOTORS_PM.c **** * Global variables:
 132:Generated_Source\PSoC5/PWM_MOTORS_PM.c **** *  PWM_MOTORS_backup.PWMEnableState:  Is modified depending on the enable
 133:Generated_Source\PSoC5/PWM_MOTORS_PM.c **** *  state of the block before entering sleep mode.
 134:Generated_Source\PSoC5/PWM_MOTORS_PM.c **** *
 135:Generated_Source\PSoC5/PWM_MOTORS_PM.c **** *******************************************************************************/
 136:Generated_Source\PSoC5/PWM_MOTORS_PM.c **** void PWM_MOTORS_Sleep(void) 
 137:Generated_Source\PSoC5/PWM_MOTORS_PM.c **** {
 110              		.loc 1 137 0
 111              		.cfi_startproc
 112              		@ args = 0, pretend = 0, frame = 0
 113              		@ frame_needed = 1, uses_anonymous_args = 0
 114 0000 80B5     		push	{r7, lr}
 115              		.cfi_def_cfa_offset 8
 116              		.cfi_offset 7, -8
 117              		.cfi_offset 14, -4
 118 0002 00AF     		add	r7, sp, #0
 119              		.cfi_def_cfa_register 7
 138:Generated_Source\PSoC5/PWM_MOTORS_PM.c ****     #if(PWM_MOTORS_UseControl)
 139:Generated_Source\PSoC5/PWM_MOTORS_PM.c ****         if(PWM_MOTORS_CTRL_ENABLE == (PWM_MOTORS_CONTROL & PWM_MOTORS_CTRL_ENABLE))
 140:Generated_Source\PSoC5/PWM_MOTORS_PM.c ****         {
 141:Generated_Source\PSoC5/PWM_MOTORS_PM.c ****             /*Component is enabled */
 142:Generated_Source\PSoC5/PWM_MOTORS_PM.c ****             PWM_MOTORS_backup.PWMEnableState = 1u;
 143:Generated_Source\PSoC5/PWM_MOTORS_PM.c ****         }
 144:Generated_Source\PSoC5/PWM_MOTORS_PM.c ****         else
 145:Generated_Source\PSoC5/PWM_MOTORS_PM.c ****         {
 146:Generated_Source\PSoC5/PWM_MOTORS_PM.c ****             /* Component is disabled */
 147:Generated_Source\PSoC5/PWM_MOTORS_PM.c ****             PWM_MOTORS_backup.PWMEnableState = 0u;
 148:Generated_Source\PSoC5/PWM_MOTORS_PM.c ****         }
 149:Generated_Source\PSoC5/PWM_MOTORS_PM.c ****     #endif /* (PWM_MOTORS_UseControl) */
 150:Generated_Source\PSoC5/PWM_MOTORS_PM.c **** 
 151:Generated_Source\PSoC5/PWM_MOTORS_PM.c ****     /* Stop component */
 152:Generated_Source\PSoC5/PWM_MOTORS_PM.c ****     PWM_MOTORS_Stop();
 120              		.loc 1 152 0
 121 0004 FFF7FEFF 		bl	PWM_MOTORS_Stop
 153:Generated_Source\PSoC5/PWM_MOTORS_PM.c **** 
 154:Generated_Source\PSoC5/PWM_MOTORS_PM.c ****     /* Save registers configuration */
 155:Generated_Source\PSoC5/PWM_MOTORS_PM.c ****     PWM_MOTORS_SaveConfig();
 122              		.loc 1 155 0
 123 0008 FFF7FEFF 		bl	PWM_MOTORS_SaveConfig
 156:Generated_Source\PSoC5/PWM_MOTORS_PM.c **** }
 124              		.loc 1 156 0
 125 000c 00BF     		nop
 126 000e 80BD     		pop	{r7, pc}
 127              		.cfi_endproc
 128              	.LFE2:
 129              		.size	PWM_MOTORS_Sleep, .-PWM_MOTORS_Sleep
ARM GAS  C:\Users\mgnocco\AppData\Local\Temp\ccE4fIzW.s 			page 6


 130              		.section	.text.PWM_MOTORS_Wakeup,"ax",%progbits
 131              		.align	2
 132              		.global	PWM_MOTORS_Wakeup
 133              		.thumb
 134              		.thumb_func
 135              		.type	PWM_MOTORS_Wakeup, %function
 136              	PWM_MOTORS_Wakeup:
 137              	.LFB3:
 157:Generated_Source\PSoC5/PWM_MOTORS_PM.c **** 
 158:Generated_Source\PSoC5/PWM_MOTORS_PM.c **** 
 159:Generated_Source\PSoC5/PWM_MOTORS_PM.c **** /*******************************************************************************
 160:Generated_Source\PSoC5/PWM_MOTORS_PM.c **** * Function Name: PWM_MOTORS_Wakeup
 161:Generated_Source\PSoC5/PWM_MOTORS_PM.c **** ********************************************************************************
 162:Generated_Source\PSoC5/PWM_MOTORS_PM.c **** *
 163:Generated_Source\PSoC5/PWM_MOTORS_PM.c **** * Summary:
 164:Generated_Source\PSoC5/PWM_MOTORS_PM.c **** *  Restores and enables the user configuration. Should be called just after
 165:Generated_Source\PSoC5/PWM_MOTORS_PM.c **** *  awaking from sleep.
 166:Generated_Source\PSoC5/PWM_MOTORS_PM.c **** *
 167:Generated_Source\PSoC5/PWM_MOTORS_PM.c **** * Parameters:
 168:Generated_Source\PSoC5/PWM_MOTORS_PM.c **** *  None
 169:Generated_Source\PSoC5/PWM_MOTORS_PM.c **** *
 170:Generated_Source\PSoC5/PWM_MOTORS_PM.c **** * Return:
 171:Generated_Source\PSoC5/PWM_MOTORS_PM.c **** *  None
 172:Generated_Source\PSoC5/PWM_MOTORS_PM.c **** *
 173:Generated_Source\PSoC5/PWM_MOTORS_PM.c **** * Global variables:
 174:Generated_Source\PSoC5/PWM_MOTORS_PM.c **** *  PWM_MOTORS_backup.pwmEnable:  Is used to restore the enable state of
 175:Generated_Source\PSoC5/PWM_MOTORS_PM.c **** *  block on wakeup from sleep mode.
 176:Generated_Source\PSoC5/PWM_MOTORS_PM.c **** *
 177:Generated_Source\PSoC5/PWM_MOTORS_PM.c **** *******************************************************************************/
 178:Generated_Source\PSoC5/PWM_MOTORS_PM.c **** void PWM_MOTORS_Wakeup(void) 
 179:Generated_Source\PSoC5/PWM_MOTORS_PM.c **** {
 138              		.loc 1 179 0
 139              		.cfi_startproc
 140              		@ args = 0, pretend = 0, frame = 0
 141              		@ frame_needed = 1, uses_anonymous_args = 0
 142 0000 80B5     		push	{r7, lr}
 143              		.cfi_def_cfa_offset 8
 144              		.cfi_offset 7, -8
 145              		.cfi_offset 14, -4
 146 0002 00AF     		add	r7, sp, #0
 147              		.cfi_def_cfa_register 7
 180:Generated_Source\PSoC5/PWM_MOTORS_PM.c ****      /* Restore registers values */
 181:Generated_Source\PSoC5/PWM_MOTORS_PM.c ****     PWM_MOTORS_RestoreConfig();
 148              		.loc 1 181 0
 149 0004 FFF7FEFF 		bl	PWM_MOTORS_RestoreConfig
 182:Generated_Source\PSoC5/PWM_MOTORS_PM.c **** 
 183:Generated_Source\PSoC5/PWM_MOTORS_PM.c ****     if(PWM_MOTORS_backup.PWMEnableState != 0u)
 150              		.loc 1 183 0
 151 0008 034B     		ldr	r3, .L11
 152 000a 1B78     		ldrb	r3, [r3]	@ zero_extendqisi2
 153 000c 002B     		cmp	r3, #0
 154 000e 01D0     		beq	.L10
 184:Generated_Source\PSoC5/PWM_MOTORS_PM.c ****     {
 185:Generated_Source\PSoC5/PWM_MOTORS_PM.c ****         /* Enable component's operation */
 186:Generated_Source\PSoC5/PWM_MOTORS_PM.c ****         PWM_MOTORS_Enable();
 155              		.loc 1 186 0
 156 0010 FFF7FEFF 		bl	PWM_MOTORS_Enable
ARM GAS  C:\Users\mgnocco\AppData\Local\Temp\ccE4fIzW.s 			page 7


 157              	.L10:
 187:Generated_Source\PSoC5/PWM_MOTORS_PM.c ****     } /* Do nothing if component's block was disabled before */
 188:Generated_Source\PSoC5/PWM_MOTORS_PM.c **** 
 189:Generated_Source\PSoC5/PWM_MOTORS_PM.c **** }
 158              		.loc 1 189 0
 159 0014 00BF     		nop
 160 0016 80BD     		pop	{r7, pc}
 161              	.L12:
 162              		.align	2
 163              	.L11:
 164 0018 00000000 		.word	PWM_MOTORS_backup
 165              		.cfi_endproc
 166              	.LFE3:
 167              		.size	PWM_MOTORS_Wakeup, .-PWM_MOTORS_Wakeup
 168              		.text
 169              	.Letext0:
 170              		.file 2 "Generated_Source\\PSoC5\\PWM_MOTORS.h"
 171              		.file 3 "Generated_Source\\PSoC5\\cytypes.h"
 172              		.section	.debug_info,"",%progbits
 173              	.Ldebug_info0:
 174 0000 24010000 		.4byte	0x124
 175 0004 0400     		.2byte	0x4
 176 0006 00000000 		.4byte	.Ldebug_abbrev0
 177 000a 04       		.byte	0x4
 178 000b 01       		.uleb128 0x1
 179 000c E3000000 		.4byte	.LASF23
 180 0010 0C       		.byte	0xc
 181 0011 2A000000 		.4byte	.LASF24
 182 0015 51000000 		.4byte	.LASF25
 183 0019 00000000 		.4byte	.Ldebug_ranges0+0
 184 001d 00000000 		.4byte	0
 185 0021 00000000 		.4byte	.Ldebug_line0
 186 0025 02       		.uleb128 0x2
 187 0026 01       		.byte	0x1
 188 0027 06       		.byte	0x6
 189 0028 F5010000 		.4byte	.LASF0
 190 002c 02       		.uleb128 0x2
 191 002d 01       		.byte	0x1
 192 002e 08       		.byte	0x8
 193 002f 89010000 		.4byte	.LASF1
 194 0033 02       		.uleb128 0x2
 195 0034 02       		.byte	0x2
 196 0035 05       		.byte	0x5
 197 0036 1F020000 		.4byte	.LASF2
 198 003a 02       		.uleb128 0x2
 199 003b 02       		.byte	0x2
 200 003c 07       		.byte	0x7
 201 003d E2010000 		.4byte	.LASF3
 202 0041 02       		.uleb128 0x2
 203 0042 04       		.byte	0x4
 204 0043 05       		.byte	0x5
 205 0044 CB010000 		.4byte	.LASF4
 206 0048 02       		.uleb128 0x2
 207 0049 04       		.byte	0x4
 208 004a 07       		.byte	0x7
 209 004b 91000000 		.4byte	.LASF5
 210 004f 02       		.uleb128 0x2
ARM GAS  C:\Users\mgnocco\AppData\Local\Temp\ccE4fIzW.s 			page 8


 211 0050 08       		.byte	0x8
 212 0051 05       		.byte	0x5
 213 0052 00000000 		.4byte	.LASF6
 214 0056 02       		.uleb128 0x2
 215 0057 08       		.byte	0x8
 216 0058 07       		.byte	0x7
 217 0059 B4000000 		.4byte	.LASF7
 218 005d 03       		.uleb128 0x3
 219 005e 04       		.byte	0x4
 220 005f 05       		.byte	0x5
 221 0060 696E7400 		.ascii	"int\000"
 222 0064 02       		.uleb128 0x2
 223 0065 04       		.byte	0x4
 224 0066 07       		.byte	0x7
 225 0067 0E000000 		.4byte	.LASF8
 226 006b 04       		.uleb128 0x4
 227 006c 8B000000 		.4byte	.LASF17
 228 0070 03       		.byte	0x3
 229 0071 E401     		.2byte	0x1e4
 230 0073 2C000000 		.4byte	0x2c
 231 0077 02       		.uleb128 0x2
 232 0078 04       		.byte	0x4
 233 0079 04       		.byte	0x4
 234 007a DD000000 		.4byte	.LASF9
 235 007e 02       		.uleb128 0x2
 236 007f 08       		.byte	0x8
 237 0080 04       		.byte	0x4
 238 0081 D4010000 		.4byte	.LASF10
 239 0085 02       		.uleb128 0x2
 240 0086 01       		.byte	0x1
 241 0087 08       		.byte	0x8
 242 0088 97010000 		.4byte	.LASF11
 243 008c 02       		.uleb128 0x2
 244 008d 08       		.byte	0x8
 245 008e 04       		.byte	0x4
 246 008f 13020000 		.4byte	.LASF12
 247 0093 02       		.uleb128 0x2
 248 0094 04       		.byte	0x4
 249 0095 07       		.byte	0x7
 250 0096 33020000 		.4byte	.LASF13
 251 009a 05       		.uleb128 0x5
 252 009b 03       		.byte	0x3
 253 009c 02       		.byte	0x2
 254 009d 6B       		.byte	0x6b
 255 009e C7000000 		.4byte	0xc7
 256 00a2 06       		.uleb128 0x6
 257 00a3 1B000000 		.4byte	.LASF14
 258 00a7 02       		.byte	0x2
 259 00a8 6E       		.byte	0x6e
 260 00a9 6B000000 		.4byte	0x6b
 261 00ad 00       		.byte	0
 262 00ae 06       		.uleb128 0x6
 263 00af DB010000 		.4byte	.LASF15
 264 00b3 02       		.byte	0x2
 265 00b4 71       		.byte	0x71
 266 00b5 6B000000 		.4byte	0x6b
 267 00b9 01       		.byte	0x1
ARM GAS  C:\Users\mgnocco\AppData\Local\Temp\ccE4fIzW.s 			page 9


 268 00ba 06       		.uleb128 0x6
 269 00bb 29020000 		.4byte	.LASF16
 270 00bf 02       		.byte	0x2
 271 00c0 73       		.byte	0x73
 272 00c1 6B000000 		.4byte	0x6b
 273 00c5 02       		.byte	0x2
 274 00c6 00       		.byte	0
 275 00c7 07       		.uleb128 0x7
 276 00c8 71010000 		.4byte	.LASF18
 277 00cc 02       		.byte	0x2
 278 00cd 8B       		.byte	0x8b
 279 00ce 9A000000 		.4byte	0x9a
 280 00d2 08       		.uleb128 0x8
 281 00d3 9C010000 		.4byte	.LASF19
 282 00d7 01       		.byte	0x1
 283 00d8 2A       		.byte	0x2a
 284 00d9 00000000 		.4byte	.LFB0
 285 00dd 24000000 		.4byte	.LFE0-.LFB0
 286 00e1 01       		.uleb128 0x1
 287 00e2 9C       		.byte	0x9c
 288 00e3 08       		.uleb128 0x8
 289 00e4 B2010000 		.4byte	.LASF20
 290 00e8 01       		.byte	0x1
 291 00e9 58       		.byte	0x58
 292 00ea 00000000 		.4byte	.LFB1
 293 00ee 20000000 		.4byte	.LFE1-.LFB1
 294 00f2 01       		.uleb128 0x1
 295 00f3 9C       		.byte	0x9c
 296 00f4 08       		.uleb128 0x8
 297 00f5 A3000000 		.4byte	.LASF21
 298 00f9 01       		.byte	0x1
 299 00fa 88       		.byte	0x88
 300 00fb 00000000 		.4byte	.LFB2
 301 00ff 10000000 		.4byte	.LFE2-.LFB2
 302 0103 01       		.uleb128 0x1
 303 0104 9C       		.byte	0x9c
 304 0105 08       		.uleb128 0x8
 305 0106 01020000 		.4byte	.LASF22
 306 010a 01       		.byte	0x1
 307 010b B2       		.byte	0xb2
 308 010c 00000000 		.4byte	.LFB3
 309 0110 1C000000 		.4byte	.LFE3-.LFB3
 310 0114 01       		.uleb128 0x1
 311 0115 9C       		.byte	0x9c
 312 0116 09       		.uleb128 0x9
 313 0117 CB000000 		.4byte	.LASF26
 314 011b 01       		.byte	0x1
 315 011c 14       		.byte	0x14
 316 011d C7000000 		.4byte	0xc7
 317 0121 05       		.uleb128 0x5
 318 0122 03       		.byte	0x3
 319 0123 00000000 		.4byte	PWM_MOTORS_backup
 320 0127 00       		.byte	0
 321              		.section	.debug_abbrev,"",%progbits
 322              	.Ldebug_abbrev0:
 323 0000 01       		.uleb128 0x1
 324 0001 11       		.uleb128 0x11
ARM GAS  C:\Users\mgnocco\AppData\Local\Temp\ccE4fIzW.s 			page 10


 325 0002 01       		.byte	0x1
 326 0003 25       		.uleb128 0x25
 327 0004 0E       		.uleb128 0xe
 328 0005 13       		.uleb128 0x13
 329 0006 0B       		.uleb128 0xb
 330 0007 03       		.uleb128 0x3
 331 0008 0E       		.uleb128 0xe
 332 0009 1B       		.uleb128 0x1b
 333 000a 0E       		.uleb128 0xe
 334 000b 55       		.uleb128 0x55
 335 000c 17       		.uleb128 0x17
 336 000d 11       		.uleb128 0x11
 337 000e 01       		.uleb128 0x1
 338 000f 10       		.uleb128 0x10
 339 0010 17       		.uleb128 0x17
 340 0011 00       		.byte	0
 341 0012 00       		.byte	0
 342 0013 02       		.uleb128 0x2
 343 0014 24       		.uleb128 0x24
 344 0015 00       		.byte	0
 345 0016 0B       		.uleb128 0xb
 346 0017 0B       		.uleb128 0xb
 347 0018 3E       		.uleb128 0x3e
 348 0019 0B       		.uleb128 0xb
 349 001a 03       		.uleb128 0x3
 350 001b 0E       		.uleb128 0xe
 351 001c 00       		.byte	0
 352 001d 00       		.byte	0
 353 001e 03       		.uleb128 0x3
 354 001f 24       		.uleb128 0x24
 355 0020 00       		.byte	0
 356 0021 0B       		.uleb128 0xb
 357 0022 0B       		.uleb128 0xb
 358 0023 3E       		.uleb128 0x3e
 359 0024 0B       		.uleb128 0xb
 360 0025 03       		.uleb128 0x3
 361 0026 08       		.uleb128 0x8
 362 0027 00       		.byte	0
 363 0028 00       		.byte	0
 364 0029 04       		.uleb128 0x4
 365 002a 16       		.uleb128 0x16
 366 002b 00       		.byte	0
 367 002c 03       		.uleb128 0x3
 368 002d 0E       		.uleb128 0xe
 369 002e 3A       		.uleb128 0x3a
 370 002f 0B       		.uleb128 0xb
 371 0030 3B       		.uleb128 0x3b
 372 0031 05       		.uleb128 0x5
 373 0032 49       		.uleb128 0x49
 374 0033 13       		.uleb128 0x13
 375 0034 00       		.byte	0
 376 0035 00       		.byte	0
 377 0036 05       		.uleb128 0x5
 378 0037 13       		.uleb128 0x13
 379 0038 01       		.byte	0x1
 380 0039 0B       		.uleb128 0xb
 381 003a 0B       		.uleb128 0xb
ARM GAS  C:\Users\mgnocco\AppData\Local\Temp\ccE4fIzW.s 			page 11


 382 003b 3A       		.uleb128 0x3a
 383 003c 0B       		.uleb128 0xb
 384 003d 3B       		.uleb128 0x3b
 385 003e 0B       		.uleb128 0xb
 386 003f 01       		.uleb128 0x1
 387 0040 13       		.uleb128 0x13
 388 0041 00       		.byte	0
 389 0042 00       		.byte	0
 390 0043 06       		.uleb128 0x6
 391 0044 0D       		.uleb128 0xd
 392 0045 00       		.byte	0
 393 0046 03       		.uleb128 0x3
 394 0047 0E       		.uleb128 0xe
 395 0048 3A       		.uleb128 0x3a
 396 0049 0B       		.uleb128 0xb
 397 004a 3B       		.uleb128 0x3b
 398 004b 0B       		.uleb128 0xb
 399 004c 49       		.uleb128 0x49
 400 004d 13       		.uleb128 0x13
 401 004e 38       		.uleb128 0x38
 402 004f 0B       		.uleb128 0xb
 403 0050 00       		.byte	0
 404 0051 00       		.byte	0
 405 0052 07       		.uleb128 0x7
 406 0053 16       		.uleb128 0x16
 407 0054 00       		.byte	0
 408 0055 03       		.uleb128 0x3
 409 0056 0E       		.uleb128 0xe
 410 0057 3A       		.uleb128 0x3a
 411 0058 0B       		.uleb128 0xb
 412 0059 3B       		.uleb128 0x3b
 413 005a 0B       		.uleb128 0xb
 414 005b 49       		.uleb128 0x49
 415 005c 13       		.uleb128 0x13
 416 005d 00       		.byte	0
 417 005e 00       		.byte	0
 418 005f 08       		.uleb128 0x8
 419 0060 2E       		.uleb128 0x2e
 420 0061 00       		.byte	0
 421 0062 3F       		.uleb128 0x3f
 422 0063 19       		.uleb128 0x19
 423 0064 03       		.uleb128 0x3
 424 0065 0E       		.uleb128 0xe
 425 0066 3A       		.uleb128 0x3a
 426 0067 0B       		.uleb128 0xb
 427 0068 3B       		.uleb128 0x3b
 428 0069 0B       		.uleb128 0xb
 429 006a 27       		.uleb128 0x27
 430 006b 19       		.uleb128 0x19
 431 006c 11       		.uleb128 0x11
 432 006d 01       		.uleb128 0x1
 433 006e 12       		.uleb128 0x12
 434 006f 06       		.uleb128 0x6
 435 0070 40       		.uleb128 0x40
 436 0071 18       		.uleb128 0x18
 437 0072 9642     		.uleb128 0x2116
 438 0074 19       		.uleb128 0x19
ARM GAS  C:\Users\mgnocco\AppData\Local\Temp\ccE4fIzW.s 			page 12


 439 0075 00       		.byte	0
 440 0076 00       		.byte	0
 441 0077 09       		.uleb128 0x9
 442 0078 34       		.uleb128 0x34
 443 0079 00       		.byte	0
 444 007a 03       		.uleb128 0x3
 445 007b 0E       		.uleb128 0xe
 446 007c 3A       		.uleb128 0x3a
 447 007d 0B       		.uleb128 0xb
 448 007e 3B       		.uleb128 0x3b
 449 007f 0B       		.uleb128 0xb
 450 0080 49       		.uleb128 0x49
 451 0081 13       		.uleb128 0x13
 452 0082 02       		.uleb128 0x2
 453 0083 18       		.uleb128 0x18
 454 0084 00       		.byte	0
 455 0085 00       		.byte	0
 456 0086 00       		.byte	0
 457              		.section	.debug_aranges,"",%progbits
 458 0000 34000000 		.4byte	0x34
 459 0004 0200     		.2byte	0x2
 460 0006 00000000 		.4byte	.Ldebug_info0
 461 000a 04       		.byte	0x4
 462 000b 00       		.byte	0
 463 000c 0000     		.2byte	0
 464 000e 0000     		.2byte	0
 465 0010 00000000 		.4byte	.LFB0
 466 0014 24000000 		.4byte	.LFE0-.LFB0
 467 0018 00000000 		.4byte	.LFB1
 468 001c 20000000 		.4byte	.LFE1-.LFB1
 469 0020 00000000 		.4byte	.LFB2
 470 0024 10000000 		.4byte	.LFE2-.LFB2
 471 0028 00000000 		.4byte	.LFB3
 472 002c 1C000000 		.4byte	.LFE3-.LFB3
 473 0030 00000000 		.4byte	0
 474 0034 00000000 		.4byte	0
 475              		.section	.debug_ranges,"",%progbits
 476              	.Ldebug_ranges0:
 477 0000 00000000 		.4byte	.LFB0
 478 0004 24000000 		.4byte	.LFE0
 479 0008 00000000 		.4byte	.LFB1
 480 000c 20000000 		.4byte	.LFE1
 481 0010 00000000 		.4byte	.LFB2
 482 0014 10000000 		.4byte	.LFE2
 483 0018 00000000 		.4byte	.LFB3
 484 001c 1C000000 		.4byte	.LFE3
 485 0020 00000000 		.4byte	0
 486 0024 00000000 		.4byte	0
 487              		.section	.debug_line,"",%progbits
 488              	.Ldebug_line0:
 489 0000 B2000000 		.section	.debug_str,"MS",%progbits,1
 489      02005A00 
 489      00000201 
 489      FB0E0D00 
 489      01010101 
 490              	.LASF6:
 491 0000 6C6F6E67 		.ascii	"long long int\000"
ARM GAS  C:\Users\mgnocco\AppData\Local\Temp\ccE4fIzW.s 			page 13


 491      206C6F6E 
 491      6720696E 
 491      7400
 492              	.LASF8:
 493 000e 756E7369 		.ascii	"unsigned int\000"
 493      676E6564 
 493      20696E74 
 493      00
 494              	.LASF14:
 495 001b 50574D45 		.ascii	"PWMEnableState\000"
 495      6E61626C 
 495      65537461 
 495      746500
 496              	.LASF24:
 497 002a 47656E65 		.ascii	"Generated_Source\\PSoC5\\PWM_MOTORS_PM.c\000"
 497      72617465 
 497      645F536F 
 497      75726365 
 497      5C50536F 
 498              	.LASF25:
 499 0051 433A5C55 		.ascii	"C:\\Users\\mgnocco\\Documents\\GitHub\\PSoC5\\Toast"
 499      73657273 
 499      5C6D676E 
 499      6F63636F 
 499      5C446F63 
 500 007e 5C546F61 		.ascii	"\\Toast.cydsn\000"
 500      73742E63 
 500      7964736E 
 500      00
 501              	.LASF17:
 502 008b 75696E74 		.ascii	"uint8\000"
 502      3800
 503              	.LASF5:
 504 0091 6C6F6E67 		.ascii	"long unsigned int\000"
 504      20756E73 
 504      69676E65 
 504      6420696E 
 504      7400
 505              	.LASF21:
 506 00a3 50574D5F 		.ascii	"PWM_MOTORS_Sleep\000"
 506      4D4F544F 
 506      52535F53 
 506      6C656570 
 506      00
 507              	.LASF7:
 508 00b4 6C6F6E67 		.ascii	"long long unsigned int\000"
 508      206C6F6E 
 508      6720756E 
 508      7369676E 
 508      65642069 
 509              	.LASF26:
 510 00cb 50574D5F 		.ascii	"PWM_MOTORS_backup\000"
 510      4D4F544F 
 510      52535F62 
 510      61636B75 
 510      7000
 511              	.LASF9:
ARM GAS  C:\Users\mgnocco\AppData\Local\Temp\ccE4fIzW.s 			page 14


 512 00dd 666C6F61 		.ascii	"float\000"
 512      7400
 513              	.LASF23:
 514 00e3 474E5520 		.ascii	"GNU C11 5.4.1 20160609 (release) [ARM/embedded-5-br"
 514      43313120 
 514      352E342E 
 514      31203230 
 514      31363036 
 515 0116 616E6368 		.ascii	"anch revision 237715] -mcpu=cortex-m3 -mthumb -g -O"
 515      20726576 
 515      6973696F 
 515      6E203233 
 515      37373135 
 516 0149 30202D66 		.ascii	"0 -ffunction-sections -ffat-lto-objects\000"
 516      66756E63 
 516      74696F6E 
 516      2D736563 
 516      74696F6E 
 517              	.LASF18:
 518 0171 50574D5F 		.ascii	"PWM_MOTORS_backupStruct\000"
 518      4D4F544F 
 518      52535F62 
 518      61636B75 
 518      70537472 
 519              	.LASF1:
 520 0189 756E7369 		.ascii	"unsigned char\000"
 520      676E6564 
 520      20636861 
 520      7200
 521              	.LASF11:
 522 0197 63686172 		.ascii	"char\000"
 522      00
 523              	.LASF19:
 524 019c 50574D5F 		.ascii	"PWM_MOTORS_SaveConfig\000"
 524      4D4F544F 
 524      52535F53 
 524      61766543 
 524      6F6E6669 
 525              	.LASF20:
 526 01b2 50574D5F 		.ascii	"PWM_MOTORS_RestoreConfig\000"
 526      4D4F544F 
 526      52535F52 
 526      6573746F 
 526      7265436F 
 527              	.LASF4:
 528 01cb 6C6F6E67 		.ascii	"long int\000"
 528      20696E74 
 528      00
 529              	.LASF10:
 530 01d4 646F7562 		.ascii	"double\000"
 530      6C6500
 531              	.LASF15:
 532 01db 50574D55 		.ascii	"PWMUdb\000"
 532      646200
 533              	.LASF3:
 534 01e2 73686F72 		.ascii	"short unsigned int\000"
 534      7420756E 
ARM GAS  C:\Users\mgnocco\AppData\Local\Temp\ccE4fIzW.s 			page 15


 534      7369676E 
 534      65642069 
 534      6E7400
 535              	.LASF0:
 536 01f5 7369676E 		.ascii	"signed char\000"
 536      65642063 
 536      68617200 
 537              	.LASF22:
 538 0201 50574D5F 		.ascii	"PWM_MOTORS_Wakeup\000"
 538      4D4F544F 
 538      52535F57 
 538      616B6575 
 538      7000
 539              	.LASF12:
 540 0213 6C6F6E67 		.ascii	"long double\000"
 540      20646F75 
 540      626C6500 
 541              	.LASF2:
 542 021f 73686F72 		.ascii	"short int\000"
 542      7420696E 
 542      7400
 543              	.LASF16:
 544 0229 50574D50 		.ascii	"PWMPeriod\000"
 544      6572696F 
 544      6400
 545              	.LASF13:
 546 0233 73697A65 		.ascii	"sizetype\000"
 546      74797065 
 546      00
 547              		.ident	"GCC: (GNU Tools for ARM Embedded Processors) 5.4.1 20160609 (release) [ARM/embedded-5-bran
