--------------- Build Started: 10/19/2022 11:50:11 Project: Generic, Configuration: ARM GCC 5.4-2016-q2-update Debug ---------------
cydsfit.exe -.appdatapath "C:\Users\mgnocco\AppData\Local\Cypress Semiconductor\PSoC Creator\4.4" -.fdsnotice -.fdswarpdepfile=warp_dependencies.txt -.fdselabdepfile=elab_dependencies.txt -.fdsbldfile=generated_files.txt -.fdsreffile=referenced_files.txt -p "C:\Users\mgnocco\OneDrive - Fondazione Istituto Italiano Tecnologia\Firmware\Psoc5\IMU\Sample_saved_on_PC_array\FW_Accelerometer_acquisition_time\Generic.cydsn\Generic.cyprj" -d CY8C5888LTI-LP097 -s "C:\Users\mgnocco\OneDrive - Fondazione Istituto Italiano Tecnologia\Firmware\Psoc5\IMU\Sample_saved_on_PC_array\FW_Accelerometer_acquisition_time\Generic.cydsn\Generated_Source\PSoC5" -- -yv2 -q10 -ygs -o2 -v3 -.fftcfgtype=LE
Elaborating Design...
HDL Generation...
Synthesis...
Tech Mapping...
Analog Placement...
Info: apr.M0002: Analog signal "\ADC:Net_35\" is connected to one terminal only. (App=cydsfit)
Analog Routing...
Analog Code Generation...
Digital Placement...
Digital Routing...
Bitstream Generation...
Bitstream Verification...
Static timing analysis...
Warning: sta.M0019: Generic_timing.html: Warning-1366: Setup time violation found in a path from clock ( SD_Clock_1 ) to clock ( SD_Clock_1 ). (File=C:\Users\mgnocco\OneDrive - Fondazione Istituto Italiano Tecnologia\Firmware\Psoc5\IMU\Sample_saved_on_PC_array\FW_Accelerometer_acquisition_time\Generic.cydsn\Generic_timing.html)
API Generation...
Dependency Generation...
Cleanup...
arm-none-eabi-gcc.exe -mcpu=cortex-m3 -mthumb -I. -IGenerated_Source\PSoC5 -Wa,-alh=.\CortexM3\ARM_GCC_541\Debug/command_processing.lst -g -D DEBUG -D CY_CORE_ID=0 -Wall -ffunction-sections -ffat-lto-objects -Og -c ..\src\command_processing.c -o .\CortexM3\ARM_GCC_541\Debug\command_processing.o
In file included from Generated_Source\PSoC5/project.h:78:0,
                 from ..\src\device.h:14,
                 from ..\src\globals.h:52,
                 from ..\src\command_processing.h:55,
                 from ..\src\command_processing.c:47:
Generated_Source\PSoC5/SD.h:23:22: fatal error: MMC_X_HW.h: No such file or directory
compilation terminated.
The command 'arm-none-eabi-gcc.exe' failed with exit code '1'.
--------------- Build Failed: 10/19/2022 11:50:37 ---------------
