--------------- Build Started: 10/20/2022 15:57:05 Project: Toast, Configuration: ARM GCC 5.4-2016-q2-update Release ---------------
cydsfit.exe -.appdatapath "C:\Users\mgnocco\AppData\Local\Cypress Semiconductor\PSoC Creator\4.4" -.fdsnotice -.fdswarpdepfile=warp_dependencies.txt -.fdselabdepfile=elab_dependencies.txt -.fdsbldfile=generated_files.txt -.fdsreffile=referenced_files.txt -p C:\Users\mgnocco\Documents\GitHub\PSoC5\Toast\Toast.cydsn\Toast.cyprj -d CY8C5888LTI-LP097 -s C:\Users\mgnocco\Documents\GitHub\PSoC5\Toast\Toast.cydsn\Generated_Source\PSoC5 -- -yv2 -q10 -ygs -o2 -v3 -.fftcfgtype=LE
Elaborating Design...
HDL Generation...
Synthesis...
Tech Mapping...
Analog Placement...
Analog Routing...
Analog Code Generation...
Digital Placement...
Digital Routing...
Bitstream Generation...
Bitstream Verification...
Static timing analysis...
API Generation...
Dependency Generation...
Cleanup...
arm-none-eabi-gcc.exe -mcpu=cortex-m3 -mthumb -I..\src\emFile_V322c\Code\Include\PSoC5\emf16nOS -I..\src\emFile_V322c\Code\Include\PSoC5 -I. -IGenerated_Source\PSoC5 -Wa,-alh=.\CortexM3\ARM_GCC_541\Release/command_processing.lst -g -D NDEBUG -D CY_CORE_ID=0 -Wall -ffunction-sections -ffat-lto-objects -O0 -D SOFTHAND_FW -c ..\src\command_processing.c -o .\CortexM3\ARM_GCC_541\Release\command_processing.o
..\src\command_processing.c: In function 'cmd_set_inputs':
..\src\command_processing.c:3180:18: warning: unused variable 'last_aux_int16' [-Wunused-variable]
     static int16 last_aux_int16[1];
                  ^
arm-none-eabi-gcc.exe -mcpu=cortex-m3 -mthumb -I..\src\emFile_V322c\Code\Include\PSoC5\emf16nOS -I..\src\emFile_V322c\Code\Include\PSoC5 -I. -IGenerated_Source\PSoC5 -Wa,-alh=.\CortexM3\ARM_GCC_541\Release/globals.lst -g -D NDEBUG -D CY_CORE_ID=0 -Wall -ffunction-sections -ffat-lto-objects -O0 -D SOFTHAND_FW -c ..\src\globals.c -o .\CortexM3\ARM_GCC_541\Release\globals.o
arm-none-eabi-gcc.exe -mcpu=cortex-m3 -mthumb -I..\src\emFile_V322c\Code\Include\PSoC5\emf16nOS -I..\src\emFile_V322c\Code\Include\PSoC5 -I. -IGenerated_Source\PSoC5 -Wa,-alh=.\CortexM3\ARM_GCC_541\Release/interruptions.lst -g -D NDEBUG -D CY_CORE_ID=0 -Wall -ffunction-sections -ffat-lto-objects -O0 -D SOFTHAND_FW -c ..\src\interruptions.c -o .\CortexM3\ARM_GCC_541\Release\interruptions.o
..\src\interruptions.c: In function 'motor_control_SH':
..\src\interruptions.c:299:19: warning: unused variable 'position_counter' [-Wunused-variable]
     static uint32 position_counter = 0;
                   ^
..\src\interruptions.c:291:11: warning: unused variable 'SH_ENC_L' [-Wunused-variable]
     uint8 SH_ENC_L = SH_MOT->encoder_line;          // Associated encoder line
           ^
arm-none-eabi-gcc.exe -mcpu=cortex-m3 -mthumb -I..\src\emFile_V322c\Code\Include\PSoC5\emf16nOS -I..\src\emFile_V322c\Code\Include\PSoC5 -I. -IGenerated_Source\PSoC5 -Wa,-alh=.\CortexM3\ARM_GCC_541\Release/utils.lst -g -D NDEBUG -D CY_CORE_ID=0 -Wall -ffunction-sections -ffat-lto-objects -O0 -D SOFTHAND_FW -c ..\src\utils.c -o .\CortexM3\ARM_GCC_541\Release\utils.o
arm-none-eabi-gcc.exe -mcpu=cortex-m3 -mthumb -I..\src\emFile_V322c\Code\Include\PSoC5\emf16nOS -I..\src\emFile_V322c\Code\Include\PSoC5 -I. -IGenerated_Source\PSoC5 -Wa,-alh=.\CortexM3\ARM_GCC_541\Release/main.lst -g -D NDEBUG -D CY_CORE_ID=0 -Wall -ffunction-sections -ffat-lto-objects -O0 -D SOFTHAND_FW -c ..\src\main.c -o .\CortexM3\ARM_GCC_541\Release\main.o
..\src\main.c: In function 'main':
..\src\main.c:78:14: warning: unused variable 'j' [-Wunused-variable]
     uint8 i, j;
              ^
..\src\main.c:78:11: warning: unused variable 'i' [-Wunused-variable]
     uint8 i, j;
           ^
arm-none-eabi-gcc.exe -mcpu=cortex-m3 -mthumb -I..\src\emFile_V322c\Code\Include\PSoC5\emf16nOS -I..\src\emFile_V322c\Code\Include\PSoC5 -I. -IGenerated_Source\PSoC5 -Wa,-alh=.\CortexM3\ARM_GCC_541\Release/Encoder_functions.lst -g -D NDEBUG -D CY_CORE_ID=0 -Wall -ffunction-sections -ffat-lto-objects -O0 -D SOFTHAND_FW -c ..\src\Encoder_functions.c -o .\CortexM3\ARM_GCC_541\Release\Encoder_functions.o
..\src\Encoder_functions.c: In function 'Change_CS_EncoderLine':
..\src\Encoder_functions.c:53:9: warning: implicit declaration of function 'Chip_Select_ENCODER_LINE_Read' [-Wimplicit-function-declaration]
     if (Chip_Select_ENCODER_LINE_Read() != n) {        
         ^
..\src\Encoder_functions.c:54:9: warning: implicit declaration of function 'RESET_COUNTERS_Write' [-Wimplicit-function-declaration]
         RESET_COUNTERS_Write(0x01);     // Stop COUNTER_ENC
         ^
..\src\Encoder_functions.c:56:9: warning: implicit declaration of function 'Chip_Select_ENCODER_LINE_Write' [-Wimplicit-function-declaration]
         Chip_Select_ENCODER_LINE_Write(n);
         ^
..\src\Encoder_functions.c: In function 'ReadEncoderLine':
..\src\Encoder_functions.c:93:24: warning: implicit declaration of function 'SHIFTREG_ENC_1_ReadData' [-Wimplicit-function-declaration]
     enc_rx_buffer[0] = SHIFTREG_ENC_1_ReadData();
                        ^
..\src\Encoder_functions.c:94:24: warning: implicit declaration of function 'SHIFTREG_ENC_2_ReadData' [-Wimplicit-function-declaration]
     enc_rx_buffer[1] = SHIFTREG_ENC_2_ReadData();
                        ^
..\src\Encoder_functions.c:95:24: warning: implicit declaration of function 'SHIFTREG_ENC_3_ReadData' [-Wimplicit-function-declaration]
     enc_rx_buffer[2] = SHIFTREG_ENC_3_ReadData();
                        ^
arm-none-eabi-gcc.exe -mcpu=cortex-m3 -mthumb -I..\src\emFile_V322c\Code\Include\PSoC5\emf16nOS -I..\src\emFile_V322c\Code\Include\PSoC5 -I. -IGenerated_Source\PSoC5 -Wa,-alh=.\CortexM3\ARM_GCC_541\Release/SD_RTC_functions.lst -g -D NDEBUG -D CY_CORE_ID=0 -Wall -ffunction-sections -ffat-lto-objects -O0 -D SOFTHAND_FW -c ..\src\SD_RTC_functions.c -o .\CortexM3\ARM_GCC_541\Release\SD_RTC_functions.o
arm-none-eabi-gcc.exe -mcpu=cortex-m3 -mthumb -I..\src\emFile_V322c\Code\Include\PSoC5\emf16nOS -I..\src\emFile_V322c\Code\Include\PSoC5 -I. -IGenerated_Source\PSoC5 -Wa,-alh=.\CortexM3\ARM_GCC_541\Release/IMU_functions.lst -g -D NDEBUG -D CY_CORE_ID=0 -Wall -ffunction-sections -ffat-lto-objects -O0 -D SOFTHAND_FW -c ..\src\IMU_functions.c -o .\CortexM3\ARM_GCC_541\Release\IMU_functions.o
..\src\IMU_functions.c: In function 'ChipSelectorIMU':
..\src\IMU_functions.c:161:5: warning: implicit declaration of function 'Chip_Select_IMU_Write' [-Wimplicit-function-declaration]
     Chip_Select_IMU_Write(7);
     ^
arm-none-eabi-gcc.exe -mcpu=cortex-m3 -mthumb -I..\src\emFile_V322c\Code\Include\PSoC5\emf16nOS -I..\src\emFile_V322c\Code\Include\PSoC5 -I. -IGenerated_Source\PSoC5 -Wa,-alh=.\CortexM3\ARM_GCC_541\Release/SD_MMC_HW_SPI.lst -g -D NDEBUG -D CY_CORE_ID=0 -Wall -ffunction-sections -ffat-lto-objects -O0 -D SOFTHAND_FW -c Generated_Source\PSoC5\SD_MMC_HW_SPI.c -o .\CortexM3\ARM_GCC_541\Release\SD_MMC_HW_SPI.o
arm-none-eabi-gcc.exe -mcpu=cortex-m3 -mthumb -I..\src\emFile_V322c\Code\Include\PSoC5\emf16nOS -I..\src\emFile_V322c\Code\Include\PSoC5 -I. -IGenerated_Source\PSoC5 -Wa,-alh=.\CortexM3\ARM_GCC_541\Release/SD_PM.lst -g -D NDEBUG -D CY_CORE_ID=0 -Wall -ffunction-sections -ffat-lto-objects -O0 -D SOFTHAND_FW -c Generated_Source\PSoC5\SD_PM.c -o .\CortexM3\ARM_GCC_541\Release\SD_PM.o
arm-none-eabi-ar.exe -rs .\CortexM3\ARM_GCC_541\Release\Toast.a .\CortexM3\ARM_GCC_541\Release\BLINK_05HZ.o .\CortexM3\ARM_GCC_541\Release\BLINK_05HZ_PM.o .\CortexM3\ARM_GCC_541\Release\LED_CTRL.o .\CortexM3\ARM_GCC_541\Release\LED_CTRL_PM.o .\CortexM3\ARM_GCC_541\Release\BLINK_CTRL_EN.o .\CortexM3\ARM_GCC_541\Release\BLINK_CTRL_EN_PM.o .\CortexM3\ARM_GCC_541\Release\LED_GREEN.o .\CortexM3\ARM_GCC_541\Release\BLINK_25HZ.o .\CortexM3\ARM_GCC_541\Release\BLINK_25HZ_PM.o .\CortexM3\ARM_GCC_541\Release\LED_RED.o .\CortexM3\ARM_GCC_541\Release\CLOCK_PWM_BLINK.o .\CortexM3\ARM_GCC_541\Release\PWM_MOTORS.o .\CortexM3\ARM_GCC_541\Release\PWM_MOTORS_PM.o .\CortexM3\ARM_GCC_541\Release\CLOCK_PWM.o .\CortexM3\ARM_GCC_541\Release\EEPROM.o .\CortexM3\ARM_GCC_541\Release\FTDI_ENABLE.o .\CortexM3\ARM_GCC_541\Release\RS485_CTS.o .\CortexM3\ARM_GCC_541\Release\PACER_TIMER.o .\CortexM3\ARM_GCC_541\Release\PACER_TIMER_PM.o .\CortexM3\ARM_GCC_541\Release\RESET_FF.o .\CortexM3\ARM_GCC_541\Release\RESET_FF_PM.o .\CortexM3\ARM_GCC_541\Release\FF_STATUS.o .\CortexM3\ARM_GCC_541\Release\MY_TIMER.o .\CortexM3\ARM_GCC_541\Release\MY_TIMER_PM.o .\CortexM3\ARM_GCC_541\Release\timer_clock.o .\CortexM3\ARM_GCC_541\Release\UART_RS485.o .\CortexM3\ARM_GCC_541\Release\UART_RS485_PM.o .\CortexM3\ARM_GCC_541\Release\UART_RS485_INT.o .\CortexM3\ARM_GCC_541\Release\UART_RS485_BOOT.o .\CortexM3\ARM_GCC_541\Release\RS_485_EN.o .\CortexM3\ARM_GCC_541\Release\ISR_RS485_RX.o .\CortexM3\ARM_GCC_541\Release\CLOCK_UART.o .\CortexM3\ARM_GCC_541\Release\CYCLES_TIMER.o .\CortexM3\ARM_GCC_541\Release\CYCLES_TIMER_PM.o .\CortexM3\ARM_GCC_541\Release\counter_cyc_clk.o .\CortexM3\ARM_GCC_541\Release\ISR_CYCLES.o .\CortexM3\ARM_GCC_541\Release\CyDmac.o .\CortexM3\ARM_GCC_541\Release\CyFlash.o .\CortexM3\ARM_GCC_541\Release\CyLib.o .\CortexM3\ARM_GCC_541\Release\cyPm.o .\CortexM3\ARM_GCC_541\Release\CySpc.o .\CortexM3\ARM_GCC_541\Release\cyutils.o .\CortexM3\ARM_GCC_541\Release\cy_em_eeprom.o .\CortexM3\ARM_GCC_541\Release\Bootloadable.o .\CortexM3\ARM_GCC_541\Release\MOTOR_ON_OFF_1.o .\CortexM3\ARM_GCC_541\Release\MOTOR_ON_OFF_1_PM.o .\CortexM3\ARM_GCC_541\Release\MISO_RTC.o .\CortexM3\ARM_GCC_541\Release\MOSI_RTC.o .\CortexM3\ARM_GCC_541\Release\CLK_RTC.o .\CortexM3\ARM_GCC_541\Release\CS_RTC.o .\CortexM3\ARM_GCC_541\Release\MY_TIMER_REG.o .\CortexM3\ARM_GCC_541\Release\MY_TIMER_REG_PM.o .\CortexM3\ARM_GCC_541\Release\SD_ConfigMMC_SPI.o .\CortexM3\ARM_GCC_541\Release\SD_MMC_HW_SPI.o .\CortexM3\ARM_GCC_541\Release\SD_PM.o .\CortexM3\ARM_GCC_541\Release\SD_SPI0.o .\CortexM3\ARM_GCC_541\Release\SD_SPI0_PM.o .\CortexM3\ARM_GCC_541\Release\SD_SPI0_INT.o .\CortexM3\ARM_GCC_541\Release\SD_mosi0.o .\CortexM3\ARM_GCC_541\Release\SD_Clock_1.o .\CortexM3\ARM_GCC_541\Release\SD_miso0.o .\CortexM3\ARM_GCC_541\Release\SD_sclk0.o .\CortexM3\ARM_GCC_541\Release\SD_SPI0_CS.o .\CortexM3\ARM_GCC_541\Release\TOAST_1B.o .\CortexM3\ARM_GCC_541\Release\TOAST_1A.o .\CortexM3\ARM_GCC_541\Release\TOAST_2A.o .\CortexM3\ARM_GCC_541\Release\TOAST_2B.o .\CortexM3\ARM_GCC_541\Release\CyBootAsmGnu.o
arm-none-eabi-ar.exe: creating .\CortexM3\ARM_GCC_541\Release\Toast.a
arm-none-eabi-gcc.exe -Wl,--start-group -o C:\Users\mgnocco\Documents\GitHub\PSoC5\Toast\Toast.cydsn\CortexM3\ARM_GCC_541\Release\Toast.elf .\CortexM3\ARM_GCC_541\Release\command_processing.o .\CortexM3\ARM_GCC_541\Release\globals.o .\CortexM3\ARM_GCC_541\Release\interruptions.o .\CortexM3\ARM_GCC_541\Release\utils.o .\CortexM3\ARM_GCC_541\Release\main.o .\CortexM3\ARM_GCC_541\Release\Encoder_functions.o .\CortexM3\ARM_GCC_541\Release\SD_RTC_functions.o .\CortexM3\ARM_GCC_541\Release\IMU_functions.o .\CortexM3\ARM_GCC_541\Release\FS_ConfigIO.o .\CortexM3\ARM_GCC_541\Release\cyfitter_cfg.o .\CortexM3\ARM_GCC_541\Release\cymetadata.o .\CortexM3\ARM_GCC_541\Release\Cm3Start.o .\CortexM3\ARM_GCC_541\Release\cybootloader.o .\CortexM3\ARM_GCC_541\Release\Toast.a "C:\Program Files (x86)\Cypress\PSoC Creator\4.4\PSoC Creator\psoc\content\cycomponentlibrary\CyComponentLibrary.cylib\CortexM3\ARM_GCC_541\Release\CyComponentLibrary.a" -mcpu=cortex-m3 -mthumb -L Generated_Source\PSoC5 ..\src\emFile_V322c\LinkLibrary\PSoC5\GCC\libemf16noslfn.a -Wl,-Map,.\CortexM3\ARM_GCC_541\Release/Toast.map -T Generated_Source\PSoC5\cm3gcc.ld -specs=nano.specs -u _printf_float -Wl,--gc-sections -Wl,-u,vfprintf -lm -g -ffunction-sections -O0 -ffat-lto-objects -Wl,--end-group
cyelftool.exe -B C:\Users\mgnocco\Documents\GitHub\PSoC5\Toast\Toast.cydsn\CortexM3\ARM_GCC_541\Release\Toast.elf --flash_row_size 256 --flash_size 262144 --flash_offset 0x00000000 --flash_array_size 65536 --ee_array 64 --ee_array_size 2048 --ee_row_size 16
No ELF section .cychecksum found, creating one
Application checksum calculated and stored in ELF section .cychecksum
Checksum calculated and stored in ELF section .cymeta
cyelftool.exe -S C:\Users\mgnocco\Documents\GitHub\PSoC5\Toast\Toast.cydsn\CortexM3\ARM_GCC_541\Release\Toast.elf
Flash used: 104356 of 262144 bytes (39,8%). Bootloader: 7424 bytes. Application: 96676 bytes. Metadata: 256 bytes.
SRAM used: 15205 of 65536 bytes (23,2%). Stack: 2048 bytes. Heap: 2048 bytes.
--------------- Build Succeeded: 10/20/2022 15:57:23 ---------------
